[1] "using refpop_env"
Le chargement a nécessité le package : Matrix

Attachement du package : ‘tidyr’

Les objets suivants sont masqués depuis ‘package:Matrix’:

    expand, pack, unpack

Le chargement a nécessité le package : foreach
Le chargement a nécessité le package : iterators
Le chargement a nécessité le package : parallel
Le chargement a nécessité le package : rngtools
This build of rgl does not include OpenGL functions.  Use
 rglwidget() to display results, e.g. via options(rgl.printRglwidget = TRUE).
Le chargement a nécessité le package : Rcpp
Le chargement a nécessité le package : RcppZiggurat
Le chargement a nécessité le package : RcppParallel

Attachement du package : ‘RcppParallel’

L'objet suivant est masqué depuis ‘package:Rcpp’:

    LdFlags


Rfast: 2.1.0
 ___ __ __ __ __    __ __ __ __ __ _             _               __ __ __ __ __     __ __ __ __ __ __   
|  __ __ __ __  |  |  __ __ __ __ _/            / \             |  __ __ __ __ /   /__ __ _   _ __ __\  
| |           | |  | |                         / _ \            | |                        / /          
| |           | |  | |                        / / \ \           | |                       / /          
| |           | |  | |                       / /   \ \          | |                      / /          
| |__ __ __ __| |  | |__ __ __ __           / /     \ \         | |__ __ __ __ _        / /__/\          
|    __ __ __ __|  |  __ __ __ __|         / /__ _ __\ \        |_ __ __ __ _   |      / ___  /           
|   \              | |                    / _ _ _ _ _ _ \                     | |      \/  / /       
| |\ \             | |                   / /           \ \                    | |         / /          
| | \ \            | |                  / /             \ \                   | |        / /          
| |  \ \           | |                 / /               \ \                  | |       / /          
| |   \ \__ __ _   | |                / /                 \ \     _ __ __ __ _| |      / /          
|_|    \__ __ __\  |_|               /_/                   \_\   /_ __ __ __ ___|      \/             team

Attachement du package : ‘Rfast’

Les objets suivants sont masqués depuis ‘package:robustbase’:

    colMedians, rowMedians

L'objet suivant est masqué depuis ‘package:data.table’:

    transpose

Le chargement a nécessité le package : lattice

Attachement du package : ‘plotly’

L'objet suivant est masqué depuis ‘package:ggplot2’:

    last_plot

L'objet suivant est masqué depuis ‘package:MASS’:

    select

L'objet suivant est masqué depuis ‘package:stats’:

    filter

L'objet suivant est masqué depuis ‘package:graphics’:

    layout


Attachement du package : ‘dplyr’

L'objet suivant est masqué depuis ‘package:Rfast’:

    nth

Les objets suivants sont masqués depuis ‘package:data.table’:

    between, first, last

L'objet suivant est masqué depuis ‘package:MASS’:

    select

Les objets suivants sont masqués depuis ‘package:stats’:

    filter, lag

Les objets suivants sont masqués depuis ‘package:base’:

    intersect, setdiff, setequal, union


Attachement du package : ‘kernlab’

L'objet suivant est masqué depuis ‘package:ggplot2’:

    alpha

Le chargement a nécessité le package : corpcor

Attachement du package : ‘corpcor’

L'objet suivant est masqué depuis ‘package:matrixcalc’:

    is.positive.definite

Loaded glmnet 4.1-8

Loaded mixOmics 6.25.1
Thank you for using mixOmics!
Tutorials: http://mixomics.org
Bookdown vignette: https://mixomicsteam.github.io/Bookdown
Questions, issues: Follow the prompts at http://mixomics.org/contact-us
Cite us:  citation('mixOmics')

[1] "kernel: linear"
[1] "trait: Harvest_date"
                RF_wiser SVR_wiser GBLUP_wiser RKHS_wiser LASSO_wiser
gp_scenario_1       0.82      0.88        0.90       0.90        0.89
gp_scenario_2       0.81      0.90        0.92       0.92        0.86
gp_scenario_3       0.84      0.89        0.91       0.91        0.88
gp_scenario_4       0.82      0.88        0.89       0.89        0.85
gp_scenario_5       0.84      0.91        0.93       0.93        0.89
gp_scenario_6       0.80      0.90        0.91       0.91        0.86
gp_scenario_7       0.87      0.93        0.94       0.94        0.90
gp_scenario_8       0.82      0.91        0.94       0.93        0.90
gp_scenario_9       0.85      0.90        0.92       0.92        0.90
gp_scenario_10      0.78      0.84        0.88       0.88        0.84
gp_scenario_11      0.81      0.88        0.92       0.91        0.88
gp_scenario_12      0.81      0.88        0.91       0.91        0.87
gp_scenario_13      0.82      0.88        0.92       0.92        0.86
gp_scenario_14      0.86      0.92        0.93       0.93        0.89
gp_scenario_15      0.81      0.91        0.92       0.92        0.90
gp_scenario_16      0.82      0.91        0.94       0.93        0.89
gp_scenario_17      0.78      0.86        0.90       0.90        0.85
gp_scenario_18      0.89      0.93        0.93       0.93        0.90
gp_scenario_19      0.80      0.87        0.92       0.91        0.86
gp_scenario_20      0.80      0.88        0.90       0.90        0.86
gp_scenario_21      0.81      0.88        0.90       0.90        0.88
gp_scenario_22      0.80      0.88        0.91       0.91        0.88
gp_scenario_23      0.85      0.90        0.91       0.91        0.87
gp_scenario_24      0.85      0.89        0.92       0.92        0.87
gp_scenario_25      0.85      0.91        0.93       0.93        0.90
gp_scenario_26      0.88      0.93        0.95       0.94        0.90
gp_scenario_27      0.80      0.89        0.91       0.91        0.89
gp_scenario_28      0.78      0.85        0.89       0.89        0.83
gp_scenario_29      0.71      0.85        0.88       0.88        0.85
gp_scenario_30      0.85      0.90        0.93       0.93        0.90
gp_scenario_31      0.90      0.93        0.93       0.93        0.90
gp_scenario_32      0.80      0.90        0.93       0.93        0.90
gp_scenario_33      0.81      0.89        0.92       0.92        0.87
gp_scenario_34      0.87      0.91        0.92       0.92        0.89
gp_scenario_35      0.78      0.86        0.90       0.90        0.85
gp_scenario_36      0.81      0.90        0.92       0.92        0.90
gp_scenario_37      0.78      0.86        0.88       0.88        0.85
gp_scenario_38      0.85      0.88        0.90       0.90        0.86
gp_scenario_39      0.84      0.91        0.92       0.92        0.87
gp_scenario_40      0.82      0.90        0.93       0.93        0.88
gp_scenario_41      0.86      0.94        0.94       0.94        0.91
gp_scenario_42      0.83      0.90        0.93       0.93        0.91
gp_scenario_43      0.77      0.89        0.92       0.92        0.87
gp_scenario_44      0.77      0.84        0.87       0.87        0.81
gp_scenario_45      0.86      0.90        0.93       0.93        0.90
gp_scenario_46      0.79      0.88        0.91       0.90        0.88
gp_scenario_47      0.82      0.90        0.92       0.92        0.88
gp_scenario_48      0.79      0.87        0.88       0.88        0.86
gp_scenario_49      0.81      0.90        0.93       0.93        0.87
gp_scenario_50      0.86      0.91        0.93       0.93        0.88
gp_scenario_51      0.83      0.89        0.92       0.92        0.90
gp_scenario_52      0.81      0.89        0.93       0.93        0.89
gp_scenario_53      0.82      0.90        0.92       0.92        0.87
gp_scenario_54      0.83      0.91        0.93       0.93        0.89
gp_scenario_55      0.77      0.89        0.90       0.91        0.88
gp_scenario_56      0.83      0.92        0.93       0.93        0.89
gp_scenario_57      0.79      0.84        0.89       0.88        0.84
gp_scenario_58      0.82      0.90        0.92       0.92        0.86
gp_scenario_59      0.79      0.89        0.92       0.92        0.87
gp_scenario_60      0.86      0.92        0.94       0.94        0.91
gp_scenario_61      0.85      0.90        0.91       0.91        0.89
gp_scenario_62      0.83      0.88        0.91       0.91        0.88
gp_scenario_63      0.80      0.89        0.92       0.92        0.87
gp_scenario_64      0.84      0.92        0.94       0.94        0.90
gp_scenario_65      0.78      0.89        0.91       0.91        0.89
gp_scenario_66      0.85      0.90        0.92       0.92        0.89
gp_scenario_67      0.82      0.89        0.91       0.91        0.86
gp_scenario_68      0.83      0.89        0.92       0.92        0.88
gp_scenario_69      0.83      0.90        0.93       0.93        0.88
gp_scenario_70      0.81      0.87        0.88       0.88        0.86
gp_scenario_71      0.78      0.87        0.90       0.90        0.85
gp_scenario_72      0.90      0.93        0.94       0.94        0.89
gp_scenario_73      0.79      0.90        0.92       0.92        0.90
gp_scenario_74      0.80      0.89        0.92       0.91        0.86
gp_scenario_75      0.81      0.88        0.90       0.90        0.86
gp_scenario_76      0.82      0.89        0.93       0.92        0.87
gp_scenario_77      0.87      0.92        0.93       0.93        0.89
gp_scenario_78      0.80      0.88        0.91       0.91        0.88
gp_scenario_79      0.78      0.87        0.90       0.90        0.88
gp_scenario_80      0.82      0.89        0.91       0.91        0.87
gp_scenario_81      0.88      0.92        0.93       0.93        0.89
gp_scenario_82      0.80      0.89        0.92       0.92        0.89
gp_scenario_83      0.65      0.78        0.84       0.83        0.76
gp_scenario_84      0.86      0.92        0.95       0.94        0.91
gp_scenario_85      0.84      0.92        0.93       0.93        0.89
gp_scenario_86      0.86      0.91        0.92       0.92        0.91
gp_scenario_87      0.78      0.87        0.92       0.92        0.86
gp_scenario_88      0.78      0.86        0.90       0.89        0.85
gp_scenario_89      0.84      0.89        0.91       0.91        0.86
gp_scenario_90      0.88      0.91        0.92       0.92        0.87
gp_scenario_91      0.85      0.90        0.92       0.92        0.88
gp_scenario_92      0.79      0.89        0.92       0.91        0.87
gp_scenario_93      0.86      0.91        0.93       0.93        0.89
gp_scenario_94      0.83      0.89        0.90       0.90        0.87
gp_scenario_95      0.79      0.89        0.92       0.92        0.89
gp_scenario_96      0.84      0.91        0.93       0.93        0.88
gp_scenario_97      0.85      0.91        0.93       0.93        0.90
gp_scenario_98      0.77      0.88        0.90       0.90        0.87
gp_scenario_99      0.85      0.91        0.93       0.93        0.88
gp_scenario_100     0.81      0.87        0.90       0.90        0.89
pa_median           0.82      0.89        0.92       0.92        0.88
pa_iqr              0.05      0.03        0.02       0.02        0.03
                RF_ls_means SVR_ls_means GBLUP_ls_means RKHS_ls_means
gp_scenario_1         0.820         0.79           0.76          0.79
gp_scenario_2         0.770         0.79           0.76          0.79
gp_scenario_3         0.870         0.80           0.78          0.80
gp_scenario_4         0.710         0.75           0.69          0.72
gp_scenario_5         0.840         0.80           0.76          0.79
gp_scenario_6         0.820         0.82           0.79          0.81
gp_scenario_7         0.840         0.78           0.77          0.78
gp_scenario_8         0.780         0.77           0.76          0.77
gp_scenario_9         0.820         0.77           0.75          0.76
gp_scenario_10        0.800         0.79           0.75          0.78
gp_scenario_11        0.790         0.77           0.76          0.77
gp_scenario_12        0.810         0.79           0.76          0.78
gp_scenario_13        0.810         0.80           0.80          0.81
gp_scenario_14        0.830         0.83           0.81          0.82
gp_scenario_15        0.790         0.75           0.72          0.74
gp_scenario_16        0.790         0.77           0.75          0.77
gp_scenario_17        0.800         0.79           0.78          0.79
gp_scenario_18        0.840         0.82           0.79          0.81
gp_scenario_19        0.740         0.72           0.70          0.71
gp_scenario_20        0.820         0.80           0.78          0.80
gp_scenario_21        0.790         0.79           0.77          0.79
gp_scenario_22        0.780         0.75           0.73          0.76
gp_scenario_23        0.830         0.75           0.67          0.70
gp_scenario_24        0.790         0.74           0.72          0.75
gp_scenario_25        0.830         0.84           0.82          0.83
gp_scenario_26        0.720         0.80           0.77          0.79
gp_scenario_27        0.800         0.75           0.71          0.73
gp_scenario_28        0.800         0.75           0.73          0.75
gp_scenario_29        0.760         0.74           0.72          0.74
gp_scenario_30        0.850         0.83           0.82          0.83
gp_scenario_31        0.840         0.82           0.78          0.81
gp_scenario_32        0.810         0.78           0.76          0.77
gp_scenario_33        0.820         0.81           0.79          0.80
gp_scenario_34        0.750         0.71           0.67          0.69
gp_scenario_35        0.820         0.80           0.80          0.81
gp_scenario_36        0.840         0.79           0.78          0.79
gp_scenario_37        0.820         0.75           0.72          0.74
gp_scenario_38        0.790         0.77           0.75          0.77
gp_scenario_39        0.790         0.79           0.75          0.77
gp_scenario_40        0.810         0.82           0.79          0.81
gp_scenario_41        0.820         0.80           0.79          0.80
gp_scenario_42        0.870         0.80           0.79          0.80
gp_scenario_43        0.790         0.81           0.77          0.81
gp_scenario_44        0.690         0.74           0.69          0.73
gp_scenario_45        0.800         0.76           0.74          0.76
gp_scenario_46        0.780         0.72           0.71          0.72
gp_scenario_47        0.810         0.83           0.82          0.83
gp_scenario_48        0.810         0.79           0.76          0.78
gp_scenario_49        0.760         0.78           0.76          0.79
gp_scenario_50        0.820         0.81           0.80          0.81
gp_scenario_51        0.800         0.79           0.75          0.78
gp_scenario_52        0.810         0.82           0.79          0.81
gp_scenario_53        0.860         0.83           0.79          0.81
gp_scenario_54        0.720         0.75           0.74          0.75
gp_scenario_55        0.750         0.66           0.64          0.66
gp_scenario_56        0.840         0.80           0.76          0.79
gp_scenario_57        0.820         0.80           0.78          0.80
gp_scenario_58        0.780         0.76           0.74          0.76
gp_scenario_59        0.810         0.80           0.78          0.79
gp_scenario_60        0.740         0.75           0.75          0.76
gp_scenario_61        0.870         0.80           0.76          0.79
gp_scenario_62        0.790         0.82           0.80          0.82
gp_scenario_63        0.780         0.78           0.75          0.77
gp_scenario_64        0.830         0.83           0.81          0.83
gp_scenario_65        0.760         0.70           0.70          0.70
gp_scenario_66        0.840         0.76           0.73          0.75
gp_scenario_67        0.730         0.73           0.71          0.73
gp_scenario_68        0.800         0.81           0.79          0.80
gp_scenario_69        0.820         0.79           0.77          0.80
gp_scenario_70        0.800         0.79           0.73          0.77
gp_scenario_71        0.830         0.81           0.78          0.81
gp_scenario_72        0.860         0.81           0.77          0.79
gp_scenario_73        0.810         0.75           0.73          0.75
gp_scenario_74        0.820         0.80           0.80          0.80
gp_scenario_75        0.710         0.78           0.76          0.78
gp_scenario_76        0.810         0.83           0.83          0.84
gp_scenario_77        0.800         0.80           0.78          0.79
gp_scenario_78        0.830         0.80           0.79          0.80
gp_scenario_79        0.780         0.74           0.68          0.72
gp_scenario_80        0.810         0.78           0.75          0.77
gp_scenario_81        0.840         0.82           0.79          0.81
gp_scenario_82        0.800         0.85           0.83          0.85
gp_scenario_83        0.740         0.69           0.63          0.67
gp_scenario_84        0.830         0.80           0.80          0.81
gp_scenario_85        0.800         0.79           0.78          0.79
gp_scenario_86        0.800         0.75           0.71          0.73
gp_scenario_87        0.780         0.78           0.77          0.79
gp_scenario_88        0.820         0.81           0.75          0.78
gp_scenario_89        0.830         0.78           0.73          0.76
gp_scenario_90        0.820         0.80           0.78          0.80
gp_scenario_91        0.820         0.81           0.81          0.81
gp_scenario_92        0.820         0.77           0.74          0.77
gp_scenario_93        0.860         0.80           0.74          0.78
gp_scenario_94        0.760         0.77           0.73          0.75
gp_scenario_95        0.810         0.80           0.78          0.80
gp_scenario_96        0.800         0.83           0.79          0.81
gp_scenario_97        0.730         0.70           0.68          0.69
gp_scenario_98        0.850         0.81           0.79          0.80
gp_scenario_99        0.860         0.82           0.78          0.82
gp_scenario_100       0.810         0.78           0.73          0.76
pa_median             0.810         0.79           0.76          0.79
pa_iqr                0.032         0.05           0.06          0.04
                LASSO_ls_means RF_blups SVR_blups GBLUP_blups RKHS_blups
gp_scenario_1             0.84    0.740      0.64       0.590       0.64
gp_scenario_2             0.83    0.640      0.65       0.600       0.64
gp_scenario_3             0.89    0.750      0.62       0.590       0.62
gp_scenario_4             0.79    0.580      0.58       0.520       0.55
gp_scenario_5             0.84    0.650      0.62       0.570       0.61
gp_scenario_6             0.84    0.630      0.62       0.590       0.60
gp_scenario_7             0.84    0.710      0.65       0.620       0.64
gp_scenario_8             0.83    0.680      0.62       0.620       0.63
gp_scenario_9             0.86    0.670      0.57       0.550       0.57
gp_scenario_10            0.85    0.700      0.61       0.540       0.58
gp_scenario_11            0.81    0.560      0.59       0.560       0.58
gp_scenario_12            0.82    0.690      0.63       0.600       0.62
gp_scenario_13            0.84    0.710      0.69       0.680       0.69
gp_scenario_14            0.87    0.670      0.64       0.620       0.64
gp_scenario_15            0.83    0.640      0.54       0.500       0.53
gp_scenario_16            0.80    0.690      0.65       0.600       0.64
gp_scenario_17            0.82    0.640      0.62       0.620       0.62
gp_scenario_18            0.88    0.610      0.55       0.530       0.55
gp_scenario_19            0.78    0.680      0.54       0.540       0.54
gp_scenario_20            0.84    0.640      0.65       0.610       0.64
gp_scenario_21            0.86    0.680      0.61       0.590       0.61
gp_scenario_22            0.82    0.670      0.61       0.570       0.62
gp_scenario_23            0.84    0.690      0.55       0.490       0.52
gp_scenario_24            0.82    0.610      0.55       0.530       0.56
gp_scenario_25            0.85    0.680      0.69       0.660       0.67
gp_scenario_26            0.79    0.600      0.64       0.600       0.62
gp_scenario_27            0.81    0.600      0.53       0.500       0.52
gp_scenario_28            0.81    0.660      0.58       0.540       0.57
gp_scenario_29            0.84    0.670      0.57       0.560       0.58
gp_scenario_30            0.88    0.720      0.68       0.640       0.66
gp_scenario_31            0.82    0.700      0.65       0.610       0.62
gp_scenario_32            0.84    0.660      0.62       0.580       0.61
gp_scenario_33            0.84    0.670      0.65       0.620       0.63
gp_scenario_34            0.80    0.590      0.48       0.450       0.47
gp_scenario_35            0.86    0.730      0.68       0.680       0.70
gp_scenario_36            0.86    0.700      0.58       0.610       0.61
gp_scenario_37            0.82    0.620      0.51       0.480       0.49
gp_scenario_38            0.81    0.720      0.72       0.650       0.70
gp_scenario_39            0.83    0.550      0.53       0.480       0.52
gp_scenario_40            0.85    0.710      0.70       0.640       0.68
gp_scenario_41            0.88    0.670      0.65       0.650       0.66
gp_scenario_42            0.87    0.770      0.58       0.570       0.58
gp_scenario_43            0.81    0.630      0.66       0.580       0.64
gp_scenario_44            0.79    0.550      0.63       0.560       0.60
gp_scenario_45            0.81    0.630      0.60       0.570       0.60
gp_scenario_46            0.79    0.560      0.54       0.530       0.55
gp_scenario_47            0.84    0.700      0.66       0.670       0.68
gp_scenario_48            0.86    0.710      0.58       0.560       0.58
gp_scenario_49            0.84    0.580      0.63       0.590       0.62
gp_scenario_50            0.85    0.710      0.66       0.640       0.66
gp_scenario_51            0.85    0.650      0.63       0.600       0.63
gp_scenario_52            0.86    0.610      0.57       0.560       0.58
gp_scenario_53            0.85    0.740      0.63       0.580       0.61
gp_scenario_54            0.76    0.540      0.63       0.610       0.63
gp_scenario_55            0.75    0.710      0.50       0.460       0.50
gp_scenario_56            0.84    0.690      0.61       0.540       0.58
gp_scenario_57            0.84    0.710      0.69       0.620       0.65
gp_scenario_58            0.81    0.590      0.61       0.560       0.61
gp_scenario_59            0.82    0.660      0.61       0.600       0.60
gp_scenario_60            0.83    0.620      0.57       0.600       0.59
gp_scenario_61            0.89    0.710      0.61       0.520       0.59
gp_scenario_62            0.82    0.640      0.71       0.680       0.71
gp_scenario_63            0.82    0.670      0.66       0.600       0.63
gp_scenario_64            0.87    0.680      0.69       0.650       0.68
gp_scenario_65            0.76    0.600      0.40       0.440       0.43
gp_scenario_66            0.85    0.740      0.64       0.580       0.62
gp_scenario_67            0.79    0.580      0.52       0.500       0.52
gp_scenario_68            0.81    0.650      0.68       0.620       0.65
gp_scenario_69            0.85    0.620      0.59       0.580       0.59
gp_scenario_70            0.82    0.620      0.63       0.550       0.59
gp_scenario_71            0.85    0.680      0.64       0.570       0.62
gp_scenario_72            0.88    0.750      0.62       0.570       0.60
gp_scenario_73            0.78    0.700      0.62       0.560       0.60
gp_scenario_74            0.80    0.680      0.65       0.650       0.65
gp_scenario_75            0.80    0.540      0.61       0.610       0.62
gp_scenario_76            0.86    0.650      0.67       0.690       0.70
gp_scenario_77            0.83    0.630      0.58       0.600       0.60
gp_scenario_78            0.88    0.770      0.68       0.640       0.67
gp_scenario_79            0.82    0.650      0.56       0.490       0.55
gp_scenario_80            0.82    0.680      0.66       0.590       0.62
gp_scenario_81            0.86    0.690      0.67       0.640       0.66
gp_scenario_82            0.84    0.630      0.65       0.630       0.66
gp_scenario_83            0.73    0.580      0.53       0.460       0.50
gp_scenario_84            0.86    0.740      0.71       0.700       0.72
gp_scenario_85            0.86    0.640      0.59       0.580       0.60
gp_scenario_86            0.80    0.610      0.52       0.460       0.49
gp_scenario_87            0.83    0.650      0.67       0.620       0.67
gp_scenario_88            0.84    0.710      0.61       0.590       0.60
gp_scenario_89            0.82    0.720      0.61       0.540       0.58
gp_scenario_90            0.85    0.710      0.64       0.600       0.63
gp_scenario_91            0.84    0.710      0.65       0.650       0.66
gp_scenario_92            0.83    0.610      0.53       0.510       0.54
gp_scenario_93            0.84    0.770      0.64       0.560       0.62
gp_scenario_94            0.80    0.630      0.63       0.560       0.60
gp_scenario_95            0.81    0.640      0.68       0.660       0.67
gp_scenario_96            0.84    0.690      0.70       0.640       0.68
gp_scenario_97            0.77    0.580      0.55       0.520       0.54
gp_scenario_98            0.84    0.670      0.60       0.590       0.60
gp_scenario_99            0.90    0.710      0.64       0.590       0.65
gp_scenario_100           0.81    0.720      0.61       0.540       0.59
pa_median                 0.84    0.670      0.62       0.590       0.61
pa_iqr                    0.04    0.082      0.07       0.072       0.06
                LASSO_blups
gp_scenario_1          0.68
gp_scenario_2          0.71
gp_scenario_3          0.76
gp_scenario_4          0.63
gp_scenario_5          0.64
gp_scenario_6          0.65
gp_scenario_7          0.70
gp_scenario_8          0.71
gp_scenario_9          0.73
gp_scenario_10         0.69
gp_scenario_11         0.62
gp_scenario_12         0.70
gp_scenario_13         0.69
gp_scenario_14         0.73
gp_scenario_15         0.65
gp_scenario_16         0.66
gp_scenario_17         0.64
gp_scenario_18         0.68
gp_scenario_19         0.65
gp_scenario_20         0.70
gp_scenario_21         0.68
gp_scenario_22         0.70
gp_scenario_23         0.66
gp_scenario_24         0.66
gp_scenario_25         0.72
gp_scenario_26         0.60
gp_scenario_27         0.63
gp_scenario_28         0.63
gp_scenario_29         0.73
gp_scenario_30         0.77
gp_scenario_31         0.62
gp_scenario_32         0.71
gp_scenario_33         0.71
gp_scenario_34         0.60
gp_scenario_35         0.74
gp_scenario_36         0.70
gp_scenario_37         0.65
gp_scenario_38         0.66
gp_scenario_39         0.56
gp_scenario_40         0.74
gp_scenario_41         0.73
gp_scenario_42         0.71
gp_scenario_43         0.63
gp_scenario_44         0.64
gp_scenario_45         0.65
gp_scenario_46         0.63
gp_scenario_47         0.68
gp_scenario_48         0.70
gp_scenario_49         0.74
gp_scenario_50         0.71
gp_scenario_51         0.71
gp_scenario_52         0.68
gp_scenario_53         0.69
gp_scenario_54         0.54
gp_scenario_55         0.59
gp_scenario_56         0.69
gp_scenario_57         0.72
gp_scenario_58         0.66
gp_scenario_59         0.60
gp_scenario_60         0.68
gp_scenario_61         0.73
gp_scenario_62         0.67
gp_scenario_63         0.66
gp_scenario_64         0.68
gp_scenario_65         0.54
gp_scenario_66         0.73
gp_scenario_67         0.63
gp_scenario_68         0.64
gp_scenario_69         0.68
gp_scenario_70         0.69
gp_scenario_71         0.64
gp_scenario_72         0.72
gp_scenario_73         0.68
gp_scenario_74         0.61
gp_scenario_75         0.62
gp_scenario_76         0.72
gp_scenario_77         0.66
gp_scenario_78         0.77
gp_scenario_79         0.66
gp_scenario_80         0.69
gp_scenario_81         0.69
gp_scenario_82         0.65
gp_scenario_83         0.56
gp_scenario_84         0.71
gp_scenario_85         0.69
gp_scenario_86         0.58
gp_scenario_87         0.68
gp_scenario_88         0.70
gp_scenario_89         0.67
gp_scenario_90         0.68
gp_scenario_91         0.71
gp_scenario_92         0.64
gp_scenario_93         0.67
gp_scenario_94         0.66
gp_scenario_95         0.68
gp_scenario_96         0.70
gp_scenario_97         0.60
gp_scenario_98         0.60
gp_scenario_99         0.72
gp_scenario_100        0.64
pa_median              0.68
pa_iqr                 0.07
                GBLUP_wiser GBLUP_ls_means GBLUP_blups
gp_scenario_1        1.0000           0.91        0.86
gp_scenario_2        1.0000           0.91        0.87
gp_scenario_3        1.0000           0.94        0.90
gp_scenario_4        1.0000           0.94        0.91
gp_scenario_5        1.0000           0.92        0.89
gp_scenario_6        0.9900           0.90        0.86
gp_scenario_7        1.0000           0.92        0.88
gp_scenario_8        1.0000           0.91        0.87
gp_scenario_9        1.0000           0.92        0.88
gp_scenario_10       1.0000           0.93        0.89
gp_scenario_11       1.0000           0.93        0.90
gp_scenario_12       0.9900           0.90        0.86
gp_scenario_13       0.9900           0.89        0.84
gp_scenario_14       1.0000           0.94        0.90
gp_scenario_15       0.9900           0.93        0.90
gp_scenario_16       0.9900           0.92        0.87
gp_scenario_17       1.0000           0.92        0.87
gp_scenario_18       1.0000           0.92        0.89
gp_scenario_19       0.9900           0.92        0.88
gp_scenario_20       1.0000           0.92        0.87
gp_scenario_21       0.9900           0.91        0.86
gp_scenario_22       1.0000           0.93        0.88
gp_scenario_23       1.0000           0.94        0.92
gp_scenario_24       0.9900           0.92        0.88
gp_scenario_25       1.0000           0.92        0.88
gp_scenario_26       1.0000           0.92        0.89
gp_scenario_27       1.0000           0.91        0.87
gp_scenario_28       1.0000           0.92        0.88
gp_scenario_29       1.0000           0.91        0.87
gp_scenario_30       0.9900           0.91        0.87
gp_scenario_31       1.0000           0.91        0.87
gp_scenario_32       0.9900           0.92        0.87
gp_scenario_33       1.0000           0.92        0.88
gp_scenario_34       1.0000           0.95        0.92
gp_scenario_35       0.9900           0.90        0.85
gp_scenario_36       1.0000           0.91        0.87
gp_scenario_37       1.0000           0.92        0.89
gp_scenario_38       1.0000           0.92        0.87
gp_scenario_39       1.0000           0.93        0.89
gp_scenario_40       1.0000           0.91        0.87
gp_scenario_41       1.0000           0.93        0.88
gp_scenario_42       0.9900           0.91        0.87
gp_scenario_43       0.9900           0.91        0.87
gp_scenario_44       1.0000           0.93        0.90
gp_scenario_45       1.0000           0.92        0.88
gp_scenario_46       1.0000           0.92        0.89
gp_scenario_47       1.0000           0.90        0.85
gp_scenario_48       1.0000           0.93        0.89
gp_scenario_49       1.0000           0.90        0.86
gp_scenario_50       1.0000           0.92        0.88
gp_scenario_51       0.9900           0.92        0.88
gp_scenario_52       1.0000           0.91        0.88
gp_scenario_53       1.0000           0.94        0.91
gp_scenario_54       1.0000           0.92        0.87
gp_scenario_55       1.0000           0.92        0.88
gp_scenario_56       1.0000           0.92        0.88
gp_scenario_57       0.9900           0.92        0.89
gp_scenario_58       1.0000           0.92        0.88
gp_scenario_59       1.0000           0.93        0.90
gp_scenario_60       1.0000           0.91        0.87
gp_scenario_61       1.0000           0.93        0.90
gp_scenario_62       0.9900           0.90        0.85
gp_scenario_63       0.9900           0.91        0.86
gp_scenario_64       0.9900           0.90        0.85
gp_scenario_65       1.0000           0.96        0.94
gp_scenario_66       0.9900           0.92        0.87
gp_scenario_67       1.0000           0.94        0.91
gp_scenario_68       1.0000           0.93        0.90
gp_scenario_69       0.9900           0.91        0.87
gp_scenario_70       1.0000           0.92        0.88
gp_scenario_71       1.0000           0.91        0.87
gp_scenario_72       1.0000           0.92        0.89
gp_scenario_73       1.0000           0.93        0.89
gp_scenario_74       1.0000           0.93        0.89
gp_scenario_75       1.0000           0.91        0.87
gp_scenario_76       0.9900           0.89        0.84
gp_scenario_77       1.0000           0.95        0.92
gp_scenario_78       0.9900           0.89        0.83
gp_scenario_79       1.0000           0.93        0.90
gp_scenario_80       1.0000           0.92        0.88
gp_scenario_81       1.0000           0.91        0.87
gp_scenario_82       1.0000           0.91        0.86
gp_scenario_83       0.9900           0.94        0.92
gp_scenario_84       1.0000           0.90        0.85
gp_scenario_85       1.0000           0.92        0.88
gp_scenario_86       1.0000           0.96        0.94
gp_scenario_87       0.9900           0.91        0.86
gp_scenario_88       1.0000           0.92        0.89
gp_scenario_89       1.0000           0.92        0.88
gp_scenario_90       1.0000           0.90        0.86
gp_scenario_91       1.0000           0.92        0.88
gp_scenario_92       1.0000           0.91        0.88
gp_scenario_93       1.0000           0.92        0.88
gp_scenario_94       1.0000           0.96        0.92
gp_scenario_95       1.0000           0.90        0.84
gp_scenario_96       1.0000           0.93        0.90
gp_scenario_97       0.9900           0.92        0.87
gp_scenario_98       1.0000           0.95        0.93
gp_scenario_99       1.0000           0.90        0.84
gp_scenario_100      1.0000           0.92        0.89
h2_median            1.0000           0.92        0.88
h2_iqr               0.0025           0.02        0.02
