[1] "using refpop_env"
Le chargement a nécessité le package : Matrix

Attachement du package : ‘tidyr’

Les objets suivants sont masqués depuis ‘package:Matrix’:

    expand, pack, unpack

Le chargement a nécessité le package : foreach
Le chargement a nécessité le package : iterators
Le chargement a nécessité le package : parallel
Le chargement a nécessité le package : rngtools
This build of rgl does not include OpenGL functions.  Use
 rglwidget() to display results, e.g. via options(rgl.printRglwidget = TRUE).
Le chargement a nécessité le package : Rcpp
Le chargement a nécessité le package : RcppZiggurat
Le chargement a nécessité le package : RcppParallel

Attachement du package : ‘RcppParallel’

L'objet suivant est masqué depuis ‘package:Rcpp’:

    LdFlags


Rfast: 2.1.0
 ___ __ __ __ __    __ __ __ __ __ _             _               __ __ __ __ __     __ __ __ __ __ __   
|  __ __ __ __  |  |  __ __ __ __ _/            / \             |  __ __ __ __ /   /__ __ _   _ __ __\  
| |           | |  | |                         / _ \            | |                        / /          
| |           | |  | |                        / / \ \           | |                       / /          
| |           | |  | |                       / /   \ \          | |                      / /          
| |__ __ __ __| |  | |__ __ __ __           / /     \ \         | |__ __ __ __ _        / /__/\          
|    __ __ __ __|  |  __ __ __ __|         / /__ _ __\ \        |_ __ __ __ _   |      / ___  /           
|   \              | |                    / _ _ _ _ _ _ \                     | |      \/  / /       
| |\ \             | |                   / /           \ \                    | |         / /          
| | \ \            | |                  / /             \ \                   | |        / /          
| |  \ \           | |                 / /               \ \                  | |       / /          
| |   \ \__ __ _   | |                / /                 \ \     _ __ __ __ _| |      / /          
|_|    \__ __ __\  |_|               /_/                   \_\   /_ __ __ __ ___|      \/             team

Attachement du package : ‘Rfast’

Les objets suivants sont masqués depuis ‘package:robustbase’:

    colMedians, rowMedians

L'objet suivant est masqué depuis ‘package:data.table’:

    transpose

Le chargement a nécessité le package : lattice

Attachement du package : ‘plotly’

L'objet suivant est masqué depuis ‘package:ggplot2’:

    last_plot

L'objet suivant est masqué depuis ‘package:MASS’:

    select

L'objet suivant est masqué depuis ‘package:stats’:

    filter

L'objet suivant est masqué depuis ‘package:graphics’:

    layout


Attachement du package : ‘dplyr’

L'objet suivant est masqué depuis ‘package:Rfast’:

    nth

Les objets suivants sont masqués depuis ‘package:data.table’:

    between, first, last

L'objet suivant est masqué depuis ‘package:MASS’:

    select

Les objets suivants sont masqués depuis ‘package:stats’:

    filter, lag

Les objets suivants sont masqués depuis ‘package:base’:

    intersect, setdiff, setequal, union


Attachement du package : ‘kernlab’

L'objet suivant est masqué depuis ‘package:ggplot2’:

    alpha

Le chargement a nécessité le package : corpcor

Attachement du package : ‘corpcor’

L'objet suivant est masqué depuis ‘package:matrixcalc’:

    is.positive.definite

Loaded glmnet 4.1-8

Loaded mixOmics 6.25.1
Thank you for using mixOmics!
Tutorials: http://mixomics.org
Bookdown vignette: https://mixomicsteam.github.io/Bookdown
Questions, issues: Follow the prompts at http://mixomics.org/contact-us
Cite us:  citation('mixOmics')

[1] "kernel: linear"
[1] "trait: Flowering_intensity"
                RF_wiser SVR_wiser GBLUP_wiser RKHS_wiser LASSO_wiser
gp_scenario_1      0.720     0.730        0.67      0.720        0.69
gp_scenario_2      0.590     0.660        0.56      0.640        0.58
gp_scenario_3      0.670     0.720        0.68      0.710        0.65
gp_scenario_4      0.610     0.690        0.62      0.690        0.64
gp_scenario_5      0.640     0.740        0.70      0.730        0.65
gp_scenario_6      0.570     0.630        0.52      0.620        0.54
gp_scenario_7      0.620     0.680        0.63      0.670        0.64
gp_scenario_8      0.760     0.800        0.76      0.790        0.73
gp_scenario_9      0.660     0.740        0.71      0.740        0.67
gp_scenario_10     0.630     0.690        0.59      0.670        0.66
gp_scenario_11     0.660     0.720        0.67      0.720        0.63
gp_scenario_12     0.640     0.700        0.65      0.690        0.61
gp_scenario_13     0.640     0.680        0.59      0.660        0.66
gp_scenario_14     0.660     0.770        0.74      0.750        0.68
gp_scenario_15     0.680     0.740        0.70      0.730        0.69
gp_scenario_16     0.710     0.680        0.61      0.660        0.63
gp_scenario_17     0.630     0.710        0.68      0.710        0.64
gp_scenario_18     0.720     0.790        0.74      0.780        0.73
gp_scenario_19     0.680     0.750        0.71      0.750        0.70
gp_scenario_20     0.520     0.610        0.57      0.600        0.56
gp_scenario_21     0.610     0.660        0.65      0.660        0.65
gp_scenario_22     0.620     0.700        0.60      0.690        0.64
gp_scenario_23     0.650     0.670        0.63      0.660        0.64
gp_scenario_24     0.710     0.730        0.66      0.730        0.70
gp_scenario_25     0.690     0.740        0.70      0.740        0.71
gp_scenario_26     0.680     0.720        0.67      0.710        0.68
gp_scenario_27     0.710     0.770        0.67      0.760        0.71
gp_scenario_28     0.610     0.640        0.58      0.630        0.61
gp_scenario_29     0.590     0.700        0.62      0.680        0.57
gp_scenario_30     0.730     0.780        0.71      0.780        0.73
gp_scenario_31     0.710     0.770        0.73      0.770        0.68
gp_scenario_32     0.640     0.710        0.66      0.710        0.64
gp_scenario_33     0.570     0.620        0.57      0.620        0.58
gp_scenario_34     0.650     0.730        0.68      0.720        0.66
gp_scenario_35     0.680     0.730        0.68      0.720        0.65
gp_scenario_36     0.660     0.710        0.66      0.700        0.63
gp_scenario_37     0.600     0.670        0.61      0.670        0.58
gp_scenario_38     0.710     0.750        0.70      0.740        0.74
gp_scenario_39     0.590     0.700        0.64      0.690        0.64
gp_scenario_40     0.680     0.760        0.73      0.770        0.71
gp_scenario_41     0.640     0.720        0.65      0.720        0.61
gp_scenario_42     0.750     0.770        0.72      0.770        0.71
gp_scenario_43     0.580     0.630        0.54      0.640        0.59
gp_scenario_44     0.650     0.710        0.66      0.690        0.66
gp_scenario_45     0.630     0.650        0.54      0.650        0.59
gp_scenario_46     0.630     0.670        0.62      0.660        0.57
gp_scenario_47     0.640     0.650        0.61      0.660        0.65
gp_scenario_48     0.580     0.670        0.62      0.650        0.55
gp_scenario_49     0.690     0.760        0.71      0.770        0.66
gp_scenario_50     0.730     0.750        0.68      0.750        0.72
gp_scenario_51     0.640     0.670        0.63      0.660        0.62
gp_scenario_52     0.640     0.660        0.61      0.640        0.61
gp_scenario_53     0.600     0.710        0.63      0.700        0.66
gp_scenario_54     0.670     0.730        0.66      0.720        0.62
gp_scenario_55     0.750     0.800        0.72      0.790        0.73
gp_scenario_56     0.710     0.750        0.67      0.730        0.70
gp_scenario_57     0.550     0.620        0.57      0.620        0.56
gp_scenario_58     0.680     0.740        0.65      0.730        0.73
gp_scenario_59     0.610     0.660        0.60      0.650        0.59
gp_scenario_60     0.700     0.770        0.70      0.770        0.69
gp_scenario_61     0.690     0.740        0.73      0.740        0.69
gp_scenario_62     0.640     0.710        0.67      0.710        0.65
gp_scenario_63     0.670     0.730        0.69      0.740        0.69
gp_scenario_64     0.710     0.690        0.62      0.670        0.64
gp_scenario_65     0.670     0.690        0.61      0.680        0.65
gp_scenario_66     0.640     0.690        0.64      0.680        0.61
gp_scenario_67     0.530     0.590        0.57      0.580        0.57
gp_scenario_68     0.730     0.780        0.71      0.770        0.75
gp_scenario_69     0.740     0.770        0.71      0.780        0.74
gp_scenario_70     0.600     0.660        0.61      0.650        0.58
gp_scenario_71     0.650     0.720        0.68      0.730        0.69
gp_scenario_72     0.750     0.760        0.69      0.760        0.69
gp_scenario_73     0.670     0.720        0.70      0.720        0.70
gp_scenario_74     0.620     0.680        0.58      0.670        0.63
gp_scenario_75     0.600     0.650        0.58      0.640        0.60
gp_scenario_76     0.740     0.770        0.74      0.760        0.74
gp_scenario_77     0.720     0.730        0.66      0.710        0.66
gp_scenario_78     0.660     0.710        0.65      0.700        0.65
gp_scenario_79     0.580     0.660        0.60      0.650        0.62
gp_scenario_80     0.540     0.660        0.60      0.660        0.59
gp_scenario_81     0.680     0.700        0.66      0.700        0.65
gp_scenario_82     0.580     0.650        0.58      0.620        0.62
gp_scenario_83     0.520     0.650        0.63      0.660        0.52
gp_scenario_84     0.720     0.740        0.69      0.730        0.72
gp_scenario_85     0.720     0.760        0.72      0.780        0.75
gp_scenario_86     0.740     0.790        0.76      0.780        0.75
gp_scenario_87     0.650     0.700        0.62      0.690        0.64
gp_scenario_88     0.520     0.610        0.57      0.610        0.57
gp_scenario_89     0.630     0.700        0.67      0.670        0.68
gp_scenario_90     0.710     0.720        0.61      0.710        0.67
gp_scenario_91     0.730     0.750        0.65      0.730        0.69
gp_scenario_92     0.630     0.700        0.70      0.700        0.63
gp_scenario_93     0.660     0.720        0.68      0.720        0.67
gp_scenario_94     0.640     0.730        0.62      0.720        0.68
gp_scenario_95     0.660     0.710        0.64      0.690        0.63
gp_scenario_96     0.640     0.710        0.64      0.700        0.61
gp_scenario_97     0.690     0.730        0.71      0.730        0.68
gp_scenario_98     0.630     0.680        0.61      0.670        0.62
gp_scenario_99     0.610     0.690        0.62      0.690        0.64
gp_scenario_100    0.710     0.780        0.72      0.770        0.77
pa_median          0.650     0.710        0.66      0.700        0.65
pa_iqr             0.082     0.062        0.09      0.072        0.07
                RF_ls_means SVR_ls_means GBLUP_ls_means RKHS_ls_means
gp_scenario_1          0.60        0.600           0.52         0.580
gp_scenario_2          0.46        0.480           0.40         0.480
gp_scenario_3          0.57        0.630           0.57         0.610
gp_scenario_4          0.55        0.630           0.59         0.630
gp_scenario_5          0.55        0.570           0.52         0.560
gp_scenario_6          0.51        0.570           0.46         0.570
gp_scenario_7          0.50        0.550           0.49         0.550
gp_scenario_8          0.61        0.630           0.54         0.630
gp_scenario_9          0.52        0.570           0.56         0.580
gp_scenario_10         0.51        0.530           0.44         0.520
gp_scenario_11         0.62        0.660           0.56         0.650
gp_scenario_12         0.53        0.590           0.54         0.580
gp_scenario_13         0.50        0.520           0.42         0.530
gp_scenario_14         0.46        0.590           0.59         0.570
gp_scenario_15         0.56        0.570           0.52         0.560
gp_scenario_16         0.51        0.490           0.40         0.490
gp_scenario_17         0.54        0.620           0.56         0.610
gp_scenario_18         0.61        0.700           0.67         0.700
gp_scenario_19         0.60        0.640           0.62         0.650
gp_scenario_20         0.42        0.450           0.40         0.430
gp_scenario_21         0.48        0.530           0.52         0.510
gp_scenario_22         0.47        0.530           0.45         0.530
gp_scenario_23         0.58        0.600           0.55         0.600
gp_scenario_24         0.60        0.600           0.52         0.620
gp_scenario_25         0.54        0.630           0.61         0.610
gp_scenario_26         0.54        0.550           0.46         0.560
gp_scenario_27         0.56        0.590           0.49         0.590
gp_scenario_28         0.49        0.510           0.42         0.520
gp_scenario_29         0.41        0.520           0.47         0.500
gp_scenario_30         0.72        0.710           0.63         0.710
gp_scenario_31         0.52        0.590           0.57         0.580
gp_scenario_32         0.60        0.610           0.55         0.610
gp_scenario_33         0.53        0.540           0.47         0.540
gp_scenario_34         0.60        0.620           0.57         0.600
gp_scenario_35         0.48        0.580           0.52         0.560
gp_scenario_36         0.54        0.550           0.46         0.540
gp_scenario_37         0.57        0.630           0.55         0.620
gp_scenario_38         0.65        0.680           0.63         0.680
gp_scenario_39         0.46        0.530           0.47         0.530
gp_scenario_40         0.52        0.600           0.53         0.600
gp_scenario_41         0.55        0.580           0.53         0.580
gp_scenario_42         0.63        0.620           0.51         0.620
gp_scenario_43         0.56        0.610           0.51         0.600
gp_scenario_44         0.56        0.610           0.53         0.600
gp_scenario_45         0.44        0.430           0.34         0.450
gp_scenario_46         0.52        0.540           0.46         0.520
gp_scenario_47         0.52        0.520           0.49         0.520
gp_scenario_48         0.48        0.560           0.49         0.540
gp_scenario_49         0.57        0.600           0.52         0.610
gp_scenario_50         0.61        0.600           0.51         0.610
gp_scenario_51         0.60        0.580           0.49         0.570
gp_scenario_52         0.48        0.490           0.43         0.490
gp_scenario_53         0.48        0.540           0.45         0.520
gp_scenario_54         0.51        0.610           0.54         0.600
gp_scenario_55         0.63        0.660           0.57         0.660
gp_scenario_56         0.59        0.580           0.50         0.570
gp_scenario_57         0.46        0.470           0.40         0.480
gp_scenario_58         0.55        0.590           0.53         0.590
gp_scenario_59         0.56        0.560           0.49         0.560
gp_scenario_60         0.63        0.660           0.58         0.660
gp_scenario_61         0.56        0.600           0.56         0.580
gp_scenario_62         0.49        0.560           0.51         0.580
gp_scenario_63         0.58        0.650           0.59         0.650
gp_scenario_64         0.60        0.560           0.44         0.550
gp_scenario_65         0.48        0.470           0.38         0.470
gp_scenario_66         0.52        0.560           0.51         0.550
gp_scenario_67         0.39        0.440           0.43         0.430
gp_scenario_68         0.62        0.650           0.57         0.650
gp_scenario_69         0.59        0.640           0.56         0.650
gp_scenario_70         0.48        0.520           0.45         0.520
gp_scenario_71         0.55        0.550           0.45         0.550
gp_scenario_72         0.60        0.620           0.54         0.600
gp_scenario_73         0.53        0.550           0.51         0.570
gp_scenario_74         0.45        0.510           0.43         0.510
gp_scenario_75         0.58        0.590           0.50         0.580
gp_scenario_76         0.65        0.620           0.55         0.610
gp_scenario_77         0.46        0.530           0.48         0.500
gp_scenario_78         0.54        0.580           0.51         0.580
gp_scenario_79         0.54        0.580           0.54         0.570
gp_scenario_80         0.46        0.540           0.46         0.550
gp_scenario_81         0.56        0.560           0.44         0.550
gp_scenario_82         0.42        0.510           0.45         0.490
gp_scenario_83         0.50        0.600           0.60         0.590
gp_scenario_84         0.56        0.550           0.50         0.550
gp_scenario_85         0.59        0.630           0.62         0.640
gp_scenario_86         0.56        0.610           0.55         0.590
gp_scenario_87         0.51        0.500           0.39         0.490
gp_scenario_88         0.49        0.540           0.46         0.560
gp_scenario_89         0.47        0.510           0.44         0.480
gp_scenario_90         0.63        0.640           0.52         0.630
gp_scenario_91         0.52        0.580           0.53         0.580
gp_scenario_92         0.53        0.570           0.52         0.560
gp_scenario_93         0.60        0.620           0.56         0.630
gp_scenario_94         0.60        0.610           0.43         0.620
gp_scenario_95         0.48        0.560           0.53         0.560
gp_scenario_96         0.61        0.620           0.52         0.630
gp_scenario_97         0.62        0.620           0.54         0.610
gp_scenario_98         0.43        0.530           0.51         0.520
gp_scenario_99         0.46        0.560           0.48         0.570
gp_scenario_100        0.59        0.610           0.53         0.620
pa_median              0.54        0.580           0.52         0.570
pa_iqr                 0.10        0.073           0.09         0.072
                LASSO_ls_means RF_blups SVR_blups GBLUP_blups RKHS_blups
gp_scenario_1            0.580    0.340      0.36        0.27       0.31
gp_scenario_2            0.480    0.180      0.27        0.25       0.26
gp_scenario_3            0.550    0.280      0.36        0.29       0.35
gp_scenario_4            0.620    0.310      0.48        0.48       0.45
gp_scenario_5            0.480    0.420      0.43        0.36       0.42
gp_scenario_6            0.480    0.290      0.35        0.28       0.33
gp_scenario_7            0.540    0.270      0.38        0.29       0.37
gp_scenario_8            0.510    0.260      0.36        0.30       0.36
gp_scenario_9            0.530    0.240      0.37        0.39       0.36
gp_scenario_10           0.510    0.330      0.39        0.30       0.37
gp_scenario_11           0.530    0.360      0.42        0.35       0.40
gp_scenario_12           0.550    0.370      0.45        0.40       0.44
gp_scenario_13           0.470    0.350      0.33        0.23       0.35
gp_scenario_14           0.430    0.200      0.42        0.46       0.35
gp_scenario_15           0.580    0.190      0.26        0.26       0.26
gp_scenario_16           0.490    0.270      0.30        0.20       0.27
gp_scenario_17           0.520    0.280      0.40        0.39       0.40
gp_scenario_18           0.690    0.460      0.51        0.49       0.51
gp_scenario_19           0.600    0.150      0.31        0.37       0.33
gp_scenario_20           0.470    0.310      0.38        0.31       0.37
gp_scenario_21           0.500    0.260      0.36        0.36       0.32
gp_scenario_22           0.440    0.220      0.37        0.29       0.35
gp_scenario_23           0.550    0.300      0.39        0.35       0.37
gp_scenario_24           0.550    0.300      0.34        0.27       0.36
gp_scenario_25           0.580    0.340      0.41        0.46       0.40
gp_scenario_26           0.550    0.290      0.36        0.26       0.38
gp_scenario_27           0.560    0.290      0.33        0.27       0.32
gp_scenario_28           0.470    0.300      0.32        0.28       0.33
gp_scenario_29           0.430    0.290      0.42        0.39       0.40
gp_scenario_30           0.680    0.470      0.49        0.39       0.49
gp_scenario_31           0.540    0.270      0.41        0.40       0.38
gp_scenario_32           0.600    0.320      0.45        0.39       0.43
gp_scenario_33           0.520    0.210      0.30        0.27       0.31
gp_scenario_34           0.580    0.330      0.39        0.39       0.35
gp_scenario_35           0.500    0.310      0.40        0.31       0.37
gp_scenario_36           0.520    0.140      0.23        0.18       0.21
gp_scenario_37           0.480    0.410      0.47        0.41       0.47
gp_scenario_38           0.650    0.370      0.44        0.43       0.44
gp_scenario_39           0.530    0.310      0.36        0.32       0.35
gp_scenario_40           0.520    0.370      0.49        0.40       0.48
gp_scenario_41           0.530    0.290      0.37        0.35       0.37
gp_scenario_42           0.550    0.310      0.34        0.24       0.31
gp_scenario_43           0.620    0.390      0.47        0.34       0.45
gp_scenario_44           0.550    0.350      0.42        0.35       0.40
gp_scenario_45           0.440    0.250      0.26        0.19       0.28
gp_scenario_46           0.460    0.290      0.37        0.28       0.34
gp_scenario_47           0.490    0.300      0.30        0.32       0.32
gp_scenario_48           0.490    0.220      0.32        0.28       0.26
gp_scenario_49           0.600    0.310      0.38        0.29       0.41
gp_scenario_50           0.600    0.300      0.39        0.32       0.36
gp_scenario_51           0.490    0.380      0.37        0.29       0.34
gp_scenario_52           0.480    0.190      0.26        0.25       0.27
gp_scenario_53           0.550    0.360      0.34        0.23       0.31
gp_scenario_54           0.570    0.320      0.44        0.39       0.41
gp_scenario_55           0.650    0.360      0.43        0.33       0.44
gp_scenario_56           0.590    0.440      0.39        0.25       0.35
gp_scenario_57           0.470    0.270      0.29        0.22       0.29
gp_scenario_58           0.580    0.310      0.38        0.33       0.39
gp_scenario_59           0.550    0.270      0.35        0.32       0.35
gp_scenario_60           0.620    0.340      0.48        0.42       0.47
gp_scenario_61           0.490    0.280      0.38        0.40       0.37
gp_scenario_62           0.560    0.280      0.41        0.34       0.42
gp_scenario_63           0.560    0.310      0.45        0.40       0.42
gp_scenario_64           0.480    0.200      0.22        0.12       0.19
gp_scenario_65           0.480    0.200      0.26        0.19       0.27
gp_scenario_66           0.490    0.270      0.39        0.34       0.35
gp_scenario_67           0.400    0.200      0.27        0.33       0.28
gp_scenario_68           0.660    0.430      0.45        0.31       0.44
gp_scenario_69           0.600    0.220      0.37        0.28       0.36
gp_scenario_70           0.450    0.180      0.34        0.31       0.33
gp_scenario_71           0.560    0.310      0.36        0.26       0.35
gp_scenario_72           0.540    0.210      0.41        0.34       0.38
gp_scenario_73           0.480    0.200      0.28        0.25       0.31
gp_scenario_74           0.520    0.210      0.34        0.31       0.34
gp_scenario_75           0.500    0.280      0.37        0.29       0.36
gp_scenario_76           0.600    0.280      0.24        0.26       0.22
gp_scenario_77           0.480    0.250      0.37        0.33       0.32
gp_scenario_78           0.520    0.350      0.41        0.36       0.41
gp_scenario_79           0.550    0.320      0.43        0.41       0.41
gp_scenario_80           0.510    0.200      0.30        0.21       0.30
gp_scenario_81           0.530    0.300      0.34        0.21       0.33
gp_scenario_82           0.440    0.250      0.30        0.31       0.29
gp_scenario_83           0.490    0.370      0.49        0.47       0.46
gp_scenario_84           0.560    0.260      0.26        0.22       0.25
gp_scenario_85           0.650    0.240      0.40        0.46       0.39
gp_scenario_86           0.520    0.420      0.41        0.38       0.40
gp_scenario_87           0.460    0.290      0.31        0.19       0.27
gp_scenario_88           0.500    0.220      0.33        0.30       0.37
gp_scenario_89           0.480    0.200      0.31        0.28       0.23
gp_scenario_90           0.630    0.320      0.40        0.26       0.38
gp_scenario_91           0.510    0.320      0.45        0.40       0.42
gp_scenario_92           0.560    0.340      0.40        0.35       0.39
gp_scenario_93           0.600    0.390      0.40        0.36       0.42
gp_scenario_94           0.570    0.220      0.33        0.19       0.28
gp_scenario_95           0.500    0.220      0.39        0.40       0.37
gp_scenario_96           0.620    0.370      0.37        0.28       0.41
gp_scenario_97           0.580    0.320      0.39        0.35       0.39
gp_scenario_98           0.450    0.320      0.43        0.42       0.40
gp_scenario_99           0.530    0.330      0.42        0.34       0.44
gp_scenario_100          0.560    0.310      0.41        0.30       0.38
pa_median                0.530    0.300      0.38        0.32       0.36
pa_iqr                   0.083    0.083      0.08        0.11       0.08
                LASSO_blups
gp_scenario_1         0.240
gp_scenario_2         0.210
gp_scenario_3         0.310
gp_scenario_4         0.380
gp_scenario_5         0.340
gp_scenario_6         0.250
gp_scenario_7         0.260
gp_scenario_8         0.220
gp_scenario_9         0.210
gp_scenario_10        0.300
gp_scenario_11        0.210
gp_scenario_12        0.310
gp_scenario_13        0.320
gp_scenario_14        0.180
gp_scenario_15        0.280
gp_scenario_16        0.290
gp_scenario_17        0.260
gp_scenario_18        0.400
gp_scenario_19        0.260
gp_scenario_20        0.290
gp_scenario_21        0.290
gp_scenario_22        0.170
gp_scenario_23        0.300
gp_scenario_24        0.270
gp_scenario_25        0.290
gp_scenario_26        0.290
gp_scenario_27        0.270
gp_scenario_28        0.290
gp_scenario_29        0.220
gp_scenario_30        0.320
gp_scenario_31        0.210
gp_scenario_32        0.300
gp_scenario_33        0.260
gp_scenario_34        0.230
gp_scenario_35        0.310
gp_scenario_36        0.150
gp_scenario_37        0.290
gp_scenario_38        0.320
gp_scenario_39        0.320
gp_scenario_40        0.330
gp_scenario_41        0.320
gp_scenario_42        0.210
gp_scenario_43        0.380
gp_scenario_44        0.220
gp_scenario_45        0.230
gp_scenario_46        0.270
gp_scenario_47        0.240
gp_scenario_48        0.160
gp_scenario_49        0.310
gp_scenario_50        0.290
gp_scenario_51        0.370
gp_scenario_52        0.260
gp_scenario_53        0.340
gp_scenario_54        0.062
gp_scenario_55        0.290
gp_scenario_56        0.190
gp_scenario_57        0.290
gp_scenario_58        0.350
gp_scenario_59        0.340
gp_scenario_60        0.350
gp_scenario_61        0.210
gp_scenario_62        0.320
gp_scenario_63        0.260
gp_scenario_64        0.170
gp_scenario_65        0.230
gp_scenario_66        0.210
gp_scenario_67        0.200
gp_scenario_68        0.470
gp_scenario_69        0.200
gp_scenario_70        0.260
gp_scenario_71        0.290
gp_scenario_72        0.200
gp_scenario_73        0.180
gp_scenario_74        0.280
gp_scenario_75        0.190
gp_scenario_76        0.250
gp_scenario_77        0.240
gp_scenario_78        0.380
gp_scenario_79        0.300
gp_scenario_80        0.200
gp_scenario_81        0.280
gp_scenario_82        0.250
gp_scenario_83        0.300
gp_scenario_84        0.200
gp_scenario_85        0.190
gp_scenario_86        0.270
gp_scenario_87        0.170
gp_scenario_88        0.310
gp_scenario_89        0.210
gp_scenario_90        0.310
gp_scenario_91        0.410
gp_scenario_92        0.290
gp_scenario_93        0.360
gp_scenario_94        0.240
gp_scenario_95        0.290
gp_scenario_96        0.320
gp_scenario_97        0.290
gp_scenario_98        0.280
gp_scenario_99        0.300
gp_scenario_100       0.300
pa_median             0.280
pa_iqr                0.090
                GBLUP_wiser GBLUP_ls_means GBLUP_blups
gp_scenario_1         0.770           0.67        0.58
gp_scenario_2         0.780           0.69        0.62
gp_scenario_3         0.820           0.71        0.63
gp_scenario_4         0.750           0.62        0.47
gp_scenario_5         0.740           0.67        0.55
gp_scenario_6         0.790           0.66        0.57
gp_scenario_7         0.790           0.66        0.53
gp_scenario_8         0.750           0.66        0.57
gp_scenario_9         0.750           0.64        0.52
gp_scenario_10        0.760           0.70        0.62
gp_scenario_11        0.750           0.66        0.56
gp_scenario_12        0.770           0.66        0.54
gp_scenario_13        0.810           0.69        0.60
gp_scenario_14        0.720           0.61        0.49
gp_scenario_15        0.770           0.71        0.63
gp_scenario_16        0.770           0.70        0.60
gp_scenario_17        0.750           0.63        0.51
gp_scenario_18        0.760           0.63        0.52
gp_scenario_19        0.760           0.68        0.60
gp_scenario_20        0.770           0.64        0.52
gp_scenario_21        0.760           0.65        0.54
gp_scenario_22        0.810           0.73        0.64
gp_scenario_23        0.770           0.66        0.56
gp_scenario_24        0.790           0.70        0.62
gp_scenario_25        0.740           0.60        0.46
gp_scenario_26        0.780           0.68        0.56
gp_scenario_27        0.740           0.69        0.60
gp_scenario_28        0.800           0.72        0.63
gp_scenario_29        0.760           0.64        0.51
gp_scenario_30        0.750           0.61        0.50
gp_scenario_31        0.750           0.62        0.49
gp_scenario_32        0.750           0.63        0.51
gp_scenario_33        0.800           0.73        0.65
gp_scenario_34        0.800           0.67        0.59
gp_scenario_35        0.730           0.64        0.53
gp_scenario_36        0.800           0.72        0.64
gp_scenario_37        0.760           0.64        0.51
gp_scenario_38        0.740           0.63        0.52
gp_scenario_39        0.800           0.68        0.59
gp_scenario_40        0.740           0.65        0.52
gp_scenario_41        0.780           0.65        0.54
gp_scenario_42        0.760           0.67        0.58
gp_scenario_43        0.780           0.64        0.50
gp_scenario_44        0.760           0.67        0.58
gp_scenario_45        0.800           0.73        0.63
gp_scenario_46        0.780           0.67        0.57
gp_scenario_47        0.800           0.68        0.59
gp_scenario_48        0.740           0.66        0.57
gp_scenario_49        0.770           0.69        0.59
gp_scenario_50        0.760           0.65        0.52
gp_scenario_51        0.800           0.69        0.61
gp_scenario_52        0.760           0.66        0.55
gp_scenario_53        0.790           0.71        0.62
gp_scenario_54        0.750           0.63        0.51
gp_scenario_55        0.750           0.67        0.56
gp_scenario_56        0.750           0.67        0.57
gp_scenario_57        0.790           0.71        0.63
gp_scenario_58        0.760           0.66        0.56
gp_scenario_59        0.820           0.69        0.60
gp_scenario_60        0.740           0.61        0.46
gp_scenario_61        0.750           0.62        0.50
gp_scenario_62        0.760           0.66        0.53
gp_scenario_63        0.710           0.61        0.49
gp_scenario_64        0.810           0.71        0.64
gp_scenario_65        0.790           0.72        0.64
gp_scenario_66        0.750           0.66        0.56
gp_scenario_67        0.780           0.68        0.57
gp_scenario_68        0.750           0.66        0.56
gp_scenario_69        0.780           0.66        0.56
gp_scenario_70        0.760           0.68        0.58
gp_scenario_71        0.770           0.68        0.58
gp_scenario_72        0.770           0.66        0.55
gp_scenario_73        0.760           0.70        0.61
gp_scenario_74        0.760           0.67        0.57
gp_scenario_75        0.780           0.66        0.56
gp_scenario_76        0.760           0.68        0.61
gp_scenario_77        0.750           0.65        0.53
gp_scenario_78        0.770           0.68        0.56
gp_scenario_79        0.770           0.69        0.60
gp_scenario_80        0.780           0.65        0.55
gp_scenario_81        0.800           0.70        0.60
gp_scenario_82        0.760           0.67        0.58
gp_scenario_83        0.740           0.63        0.49
gp_scenario_84        0.820           0.72        0.65
gp_scenario_85        0.720           0.61        0.49
gp_scenario_86        0.750           0.65        0.55
gp_scenario_87        0.770           0.70        0.61
gp_scenario_88        0.800           0.68        0.59
gp_scenario_89        0.730           0.67        0.56
gp_scenario_90        0.800           0.68        0.59
gp_scenario_91        0.770           0.65        0.54
gp_scenario_92        0.760           0.65        0.54
gp_scenario_93        0.770           0.68        0.58
gp_scenario_94        0.720           0.66        0.57
gp_scenario_95        0.790           0.66        0.54
gp_scenario_96        0.770           0.66        0.56
gp_scenario_97        0.780           0.69        0.60
gp_scenario_98        0.780           0.66        0.53
gp_scenario_99        0.790           0.67        0.56
gp_scenario_100       0.730           0.66        0.56
h2_median             0.770           0.66        0.56
h2_iqr                0.032           0.04        0.07
