[1] "using refpop_env"
Le chargement a nécessité le package : Matrix

Attachement du package : ‘tidyr’

Les objets suivants sont masqués depuis ‘package:Matrix’:

    expand, pack, unpack

Le chargement a nécessité le package : foreach
Le chargement a nécessité le package : iterators
Le chargement a nécessité le package : parallel
Le chargement a nécessité le package : rngtools
This build of rgl does not include OpenGL functions.  Use
 rglwidget() to display results, e.g. via options(rgl.printRglwidget = TRUE).
Le chargement a nécessité le package : Rcpp
Le chargement a nécessité le package : RcppZiggurat
Le chargement a nécessité le package : RcppParallel

Attachement du package : ‘RcppParallel’

L'objet suivant est masqué depuis ‘package:Rcpp’:

    LdFlags


Rfast: 2.1.0
 ___ __ __ __ __    __ __ __ __ __ _             _               __ __ __ __ __     __ __ __ __ __ __   
|  __ __ __ __  |  |  __ __ __ __ _/            / \             |  __ __ __ __ /   /__ __ _   _ __ __\  
| |           | |  | |                         / _ \            | |                        / /          
| |           | |  | |                        / / \ \           | |                       / /          
| |           | |  | |                       / /   \ \          | |                      / /          
| |__ __ __ __| |  | |__ __ __ __           / /     \ \         | |__ __ __ __ _        / /__/\          
|    __ __ __ __|  |  __ __ __ __|         / /__ _ __\ \        |_ __ __ __ _   |      / ___  /           
|   \              | |                    / _ _ _ _ _ _ \                     | |      \/  / /       
| |\ \             | |                   / /           \ \                    | |         / /          
| | \ \            | |                  / /             \ \                   | |        / /          
| |  \ \           | |                 / /               \ \                  | |       / /          
| |   \ \__ __ _   | |                / /                 \ \     _ __ __ __ _| |      / /          
|_|    \__ __ __\  |_|               /_/                   \_\   /_ __ __ __ ___|      \/             team

Attachement du package : ‘Rfast’

Les objets suivants sont masqués depuis ‘package:robustbase’:

    colMedians, rowMedians

L'objet suivant est masqué depuis ‘package:data.table’:

    transpose

Le chargement a nécessité le package : lattice

Attachement du package : ‘plotly’

L'objet suivant est masqué depuis ‘package:ggplot2’:

    last_plot

L'objet suivant est masqué depuis ‘package:MASS’:

    select

L'objet suivant est masqué depuis ‘package:stats’:

    filter

L'objet suivant est masqué depuis ‘package:graphics’:

    layout


Attachement du package : ‘dplyr’

L'objet suivant est masqué depuis ‘package:Rfast’:

    nth

Les objets suivants sont masqués depuis ‘package:data.table’:

    between, first, last

L'objet suivant est masqué depuis ‘package:MASS’:

    select

Les objets suivants sont masqués depuis ‘package:stats’:

    filter, lag

Les objets suivants sont masqués depuis ‘package:base’:

    intersect, setdiff, setequal, union


Attachement du package : ‘kernlab’

L'objet suivant est masqué depuis ‘package:ggplot2’:

    alpha

Le chargement a nécessité le package : corpcor

Attachement du package : ‘corpcor’

L'objet suivant est masqué depuis ‘package:matrixcalc’:

    is.positive.definite

Loaded glmnet 4.1-8

Loaded mixOmics 6.25.1
Thank you for using mixOmics!
Tutorials: http://mixomics.org
Bookdown vignette: https://mixomicsteam.github.io/Bookdown
Questions, issues: Follow the prompts at http://mixomics.org/contact-us
Cite us:  citation('mixOmics')

[1] "kernel: linear"
[1] "trait: Flowering_end"
                RF_wiser SVR_wiser GBLUP_wiser RKHS_wiser LASSO_wiser
gp_scenario_1       0.73      0.85        0.85       0.85        0.81
gp_scenario_2       0.67      0.80        0.78       0.79        0.73
gp_scenario_3       0.77      0.89        0.88       0.89        0.85
gp_scenario_4       0.80      0.88        0.87       0.88        0.84
gp_scenario_5       0.74      0.83        0.83       0.83        0.81
gp_scenario_6       0.79      0.89        0.87       0.88        0.84
gp_scenario_7       0.78      0.86        0.86       0.87        0.84
gp_scenario_8       0.74      0.87        0.87       0.87        0.83
gp_scenario_9       0.71      0.83        0.82       0.83        0.79
gp_scenario_10      0.71      0.84        0.83       0.84        0.82
gp_scenario_11      0.72      0.84        0.84       0.85        0.79
gp_scenario_12      0.73      0.85        0.86       0.86        0.77
gp_scenario_13      0.74      0.84        0.83       0.84        0.81
gp_scenario_14      0.76      0.85        0.83       0.84        0.78
gp_scenario_15      0.73      0.85        0.84       0.85        0.77
gp_scenario_16      0.79      0.90        0.89       0.89        0.87
gp_scenario_17      0.74      0.83        0.82       0.83        0.77
gp_scenario_18      0.75      0.85        0.85       0.85        0.80
gp_scenario_19      0.68      0.83        0.84       0.84        0.80
gp_scenario_20      0.76      0.86        0.84       0.85        0.79
gp_scenario_21      0.74      0.87        0.88       0.88        0.83
gp_scenario_22      0.71      0.83        0.79       0.80        0.76
gp_scenario_23      0.74      0.84        0.81       0.82        0.78
gp_scenario_24      0.73      0.84        0.84       0.84        0.80
gp_scenario_25      0.71      0.84        0.84       0.85        0.80
gp_scenario_26      0.78      0.86        0.85       0.86        0.83
gp_scenario_27      0.77      0.86        0.85       0.85        0.81
gp_scenario_28      0.70      0.84        0.83       0.84        0.81
gp_scenario_29      0.77      0.84        0.83       0.84        0.77
gp_scenario_30      0.76      0.85        0.84       0.85        0.82
gp_scenario_31      0.79      0.89        0.89       0.90        0.86
gp_scenario_32      0.77      0.86        0.85       0.86        0.80
gp_scenario_33      0.73      0.83        0.83       0.84        0.79
gp_scenario_34      0.64      0.81        0.78       0.79        0.68
gp_scenario_35      0.72      0.84        0.84       0.84        0.81
gp_scenario_36      0.78      0.86        0.83       0.84        0.82
gp_scenario_37      0.83      0.88        0.85       0.86        0.84
gp_scenario_38      0.64      0.79        0.81       0.81        0.73
gp_scenario_39      0.70      0.83        0.83       0.84        0.81
gp_scenario_40      0.78      0.88        0.85       0.87        0.82
gp_scenario_41      0.76      0.86        0.83       0.84        0.75
gp_scenario_42      0.79      0.90        0.89       0.90        0.85
gp_scenario_43      0.69      0.83        0.81       0.82        0.76
gp_scenario_44      0.79      0.88        0.89       0.89        0.86
gp_scenario_45      0.71      0.83        0.83       0.83        0.83
gp_scenario_46      0.75      0.83        0.82       0.83        0.79
gp_scenario_47      0.68      0.83        0.85       0.85        0.71
gp_scenario_48      0.76      0.86        0.80       0.82        0.78
gp_scenario_49      0.73      0.85        0.83       0.84        0.81
gp_scenario_50      0.81      0.88        0.87       0.88        0.87
gp_scenario_51      0.73      0.86        0.84       0.85        0.82
gp_scenario_52      0.69      0.81        0.79       0.80        0.78
gp_scenario_53      0.79      0.86        0.85       0.86        0.85
gp_scenario_54      0.82      0.91        0.89       0.90        0.86
gp_scenario_55      0.66      0.81        0.82       0.82        0.76
gp_scenario_56      0.75      0.87        0.86       0.87        0.84
gp_scenario_57      0.78      0.86        0.85       0.86        0.82
gp_scenario_58      0.73      0.86        0.87       0.87        0.80
gp_scenario_59      0.75      0.85        0.85       0.86        0.83
gp_scenario_60      0.70      0.82        0.79       0.80        0.73
gp_scenario_61      0.69      0.85        0.82       0.83        0.78
gp_scenario_62      0.81      0.88        0.88       0.89        0.85
gp_scenario_63      0.68      0.81        0.79       0.80        0.78
gp_scenario_64      0.71      0.85        0.84       0.85        0.81
gp_scenario_65      0.80      0.88        0.89       0.89        0.86
gp_scenario_66      0.72      0.86        0.84       0.85        0.80
gp_scenario_67      0.74      0.83        0.81       0.82        0.77
gp_scenario_68      0.77      0.86        0.84       0.85        0.79
gp_scenario_69      0.73      0.85        0.85       0.86        0.82
gp_scenario_70      0.73      0.87        0.86       0.87        0.83
gp_scenario_71      0.72      0.86        0.85       0.86        0.82
gp_scenario_72      0.73      0.84        0.82       0.83        0.78
gp_scenario_73      0.78      0.86        0.85       0.86        0.83
gp_scenario_74      0.73      0.87        0.86       0.87        0.81
gp_scenario_75      0.73      0.86        0.85       0.86        0.81
gp_scenario_76      0.74      0.86        0.86       0.86        0.79
gp_scenario_77      0.78      0.89        0.88       0.89        0.82
gp_scenario_78      0.75      0.82        0.78       0.79        0.77
gp_scenario_79      0.72      0.82        0.81       0.82        0.79
gp_scenario_80      0.68      0.82        0.79       0.80        0.74
gp_scenario_81      0.70      0.83        0.82       0.82        0.77
gp_scenario_82      0.83      0.91        0.88       0.90        0.87
gp_scenario_83      0.68      0.79        0.79       0.80        0.74
gp_scenario_84      0.69      0.84        0.85       0.85        0.81
gp_scenario_85      0.75      0.85        0.84       0.84        0.80
gp_scenario_86      0.74      0.86        0.85       0.86        0.83
gp_scenario_87      0.68      0.84        0.83       0.84        0.81
gp_scenario_88      0.71      0.82        0.80       0.81        0.77
gp_scenario_89      0.71      0.84        0.82       0.83        0.80
gp_scenario_90      0.84      0.90        0.87       0.88        0.87
gp_scenario_91      0.67      0.80        0.79       0.80        0.72
gp_scenario_92      0.78      0.87        0.84       0.86        0.81
gp_scenario_93      0.77      0.87        0.86       0.87        0.82
gp_scenario_94      0.75      0.88        0.90       0.90        0.85
gp_scenario_95      0.76      0.86        0.86       0.87        0.80
gp_scenario_96      0.71      0.85        0.84       0.85        0.82
gp_scenario_97      0.79      0.87        0.86       0.87        0.81
gp_scenario_98      0.73      0.84        0.83       0.84        0.80
gp_scenario_99      0.67      0.83        0.82       0.83        0.81
gp_scenario_100     0.82      0.89        0.87       0.88        0.86
pa_median           0.74      0.85        0.84       0.85        0.81
pa_iqr              0.06      0.04        0.04       0.04        0.05
                RF_ls_means SVR_ls_means GBLUP_ls_means RKHS_ls_means
gp_scenario_1          0.54         0.56           0.52          0.58
gp_scenario_2          0.45         0.44           0.32          0.43
gp_scenario_3          0.48         0.56           0.50          0.56
gp_scenario_4          0.56         0.55           0.49          0.55
gp_scenario_5          0.43         0.44           0.34          0.42
gp_scenario_6          0.45         0.48           0.39          0.44
gp_scenario_7          0.46         0.56           0.53          0.56
gp_scenario_8          0.46         0.50           0.43          0.51
gp_scenario_9          0.51         0.57           0.53          0.57
gp_scenario_10         0.52         0.54           0.52          0.54
gp_scenario_11         0.49         0.47           0.38          0.47
gp_scenario_12         0.49         0.55           0.49          0.51
gp_scenario_13         0.46         0.49           0.44          0.49
gp_scenario_14         0.43         0.46           0.37          0.45
gp_scenario_15         0.51         0.54           0.45          0.53
gp_scenario_16         0.47         0.54           0.49          0.54
gp_scenario_17         0.39         0.42           0.33          0.40
gp_scenario_18         0.49         0.56           0.51          0.56
gp_scenario_19         0.52         0.52           0.50          0.51
gp_scenario_20         0.51         0.52           0.51          0.52
gp_scenario_21         0.31         0.48           0.46          0.47
gp_scenario_22         0.40         0.37           0.27          0.34
gp_scenario_23         0.50         0.54           0.42          0.55
gp_scenario_24         0.45         0.48           0.41          0.47
gp_scenario_25         0.42         0.47           0.43          0.46
gp_scenario_26         0.41         0.45           0.40          0.44
gp_scenario_27         0.47         0.51           0.47          0.47
gp_scenario_28         0.44         0.50           0.39          0.49
gp_scenario_29         0.45         0.46           0.34          0.43
gp_scenario_30         0.49         0.57           0.48          0.58
gp_scenario_31         0.48         0.54           0.51          0.54
gp_scenario_32         0.36         0.45           0.38          0.45
gp_scenario_33         0.33         0.41           0.38          0.40
gp_scenario_34         0.56         0.57           0.48          0.58
gp_scenario_35         0.58         0.62           0.52          0.60
gp_scenario_36         0.42         0.45           0.34          0.43
gp_scenario_37         0.40         0.44           0.35          0.41
gp_scenario_38         0.43         0.50           0.45          0.50
gp_scenario_39         0.55         0.58           0.48          0.58
gp_scenario_40         0.47         0.46           0.38          0.45
gp_scenario_41         0.55         0.57           0.46          0.55
gp_scenario_42         0.47         0.54           0.52          0.55
gp_scenario_43         0.46         0.51           0.41          0.51
gp_scenario_44         0.49         0.54           0.49          0.53
gp_scenario_45         0.45         0.46           0.44          0.45
gp_scenario_46         0.40         0.39           0.32          0.36
gp_scenario_47         0.40         0.40           0.29          0.37
gp_scenario_48         0.54         0.59           0.46          0.57
gp_scenario_49         0.37         0.43           0.37          0.45
gp_scenario_50         0.49         0.51           0.45          0.52
gp_scenario_51         0.59         0.59           0.53          0.59
gp_scenario_52         0.39         0.43           0.37          0.42
gp_scenario_53         0.42         0.46           0.39          0.45
gp_scenario_54         0.55         0.63           0.59          0.64
gp_scenario_55         0.41         0.46           0.42          0.44
gp_scenario_56         0.56         0.58           0.49          0.56
gp_scenario_57         0.41         0.49           0.43          0.48
gp_scenario_58         0.46         0.51           0.44          0.50
gp_scenario_59         0.39         0.46           0.45          0.45
gp_scenario_60         0.51         0.49           0.41          0.49
gp_scenario_61         0.44         0.50           0.48          0.50
gp_scenario_62         0.45         0.47           0.39          0.46
gp_scenario_63         0.57         0.56           0.46          0.54
gp_scenario_64         0.44         0.38           0.35          0.39
gp_scenario_65         0.50         0.58           0.55          0.57
gp_scenario_66         0.52         0.53           0.48          0.55
gp_scenario_67         0.30         0.37           0.33          0.37
gp_scenario_68         0.50         0.55           0.48          0.55
gp_scenario_69         0.51         0.50           0.39          0.47
gp_scenario_70         0.47         0.52           0.49          0.51
gp_scenario_71         0.46         0.56           0.51          0.53
gp_scenario_72         0.55         0.50           0.36          0.49
gp_scenario_73         0.47         0.51           0.46          0.51
gp_scenario_74         0.34         0.47           0.41          0.47
gp_scenario_75         0.51         0.51           0.43          0.50
gp_scenario_76         0.48         0.49           0.41          0.49
gp_scenario_77         0.51         0.55           0.45          0.57
gp_scenario_78         0.47         0.51           0.45          0.47
gp_scenario_79         0.38         0.39           0.28          0.38
gp_scenario_80         0.43         0.52           0.47          0.51
gp_scenario_81         0.50         0.55           0.42          0.52
gp_scenario_82         0.47         0.48           0.41          0.47
gp_scenario_83         0.40         0.44           0.40          0.43
gp_scenario_84         0.45         0.52           0.47          0.51
gp_scenario_85         0.50         0.52           0.42          0.51
gp_scenario_86         0.54         0.59           0.53          0.60
gp_scenario_87         0.56         0.59           0.49          0.58
gp_scenario_88         0.47         0.53           0.47          0.55
gp_scenario_89         0.36         0.39           0.35          0.37
gp_scenario_90         0.36         0.42           0.28          0.39
gp_scenario_91         0.57         0.60           0.55          0.60
gp_scenario_92         0.33         0.43           0.38          0.41
gp_scenario_93         0.42         0.46           0.38          0.45
gp_scenario_94         0.45         0.59           0.56          0.56
gp_scenario_95         0.52         0.56           0.53          0.56
gp_scenario_96         0.44         0.47           0.39          0.46
gp_scenario_97         0.51         0.54           0.43          0.52
gp_scenario_98         0.50         0.52           0.47          0.52
gp_scenario_99         0.49         0.55           0.46          0.55
gp_scenario_100        0.38         0.46           0.35          0.46
pa_median              0.47         0.51           0.44          0.50
pa_iqr                 0.09         0.09           0.10          0.10
                LASSO_ls_means RF_blups SVR_blups GBLUP_blups RKHS_blups
gp_scenario_1            0.490     0.50      0.53        0.51       0.57
gp_scenario_2            0.350     0.40      0.43        0.31       0.43
gp_scenario_3            0.450     0.35      0.50        0.46       0.51
gp_scenario_4            0.460     0.49      0.53        0.44       0.52
gp_scenario_5            0.350     0.35      0.41        0.29       0.38
gp_scenario_6            0.390     0.40      0.43        0.36       0.41
gp_scenario_7            0.450     0.41      0.54        0.49       0.54
gp_scenario_8            0.320     0.46      0.49        0.42       0.49
gp_scenario_9            0.450     0.53      0.58        0.52       0.56
gp_scenario_10           0.490     0.37      0.46        0.47       0.47
gp_scenario_11           0.420     0.38      0.40        0.34       0.41
gp_scenario_12           0.350     0.52      0.56        0.52       0.54
gp_scenario_13           0.380     0.38      0.44        0.39       0.44
gp_scenario_14           0.360     0.37      0.46        0.34       0.43
gp_scenario_15           0.410     0.40      0.47        0.41       0.47
gp_scenario_16           0.370     0.44      0.53        0.49       0.52
gp_scenario_17           0.390     0.36      0.38        0.29       0.36
gp_scenario_18           0.450     0.41      0.51        0.46       0.52
gp_scenario_19           0.470     0.52      0.48        0.46       0.47
gp_scenario_20           0.430     0.43      0.50        0.50       0.50
gp_scenario_21           0.390     0.29      0.45        0.41       0.43
gp_scenario_22           0.250     0.30      0.30        0.20       0.28
gp_scenario_23           0.430     0.48      0.54        0.43       0.55
gp_scenario_24           0.400     0.35      0.41        0.38       0.41
gp_scenario_25           0.330     0.37      0.45        0.42       0.44
gp_scenario_26           0.390     0.30      0.36        0.32       0.33
gp_scenario_27           0.390     0.48      0.51        0.46       0.48
gp_scenario_28           0.380     0.41      0.44        0.34       0.42
gp_scenario_29           0.370     0.37      0.42        0.31       0.39
gp_scenario_30           0.510     0.42      0.52        0.44       0.54
gp_scenario_31           0.510     0.45      0.52        0.50       0.53
gp_scenario_32           0.390     0.32      0.42        0.35       0.41
gp_scenario_33           0.220     0.27      0.38        0.35       0.37
gp_scenario_34           0.470     0.47      0.51        0.43       0.53
gp_scenario_35           0.470     0.58      0.61        0.52       0.59
gp_scenario_36           0.380     0.41      0.46        0.36       0.43
gp_scenario_37           0.420     0.34      0.39        0.31       0.38
gp_scenario_38           0.350     0.36      0.46        0.40       0.45
gp_scenario_39           0.500     0.52      0.57        0.48       0.57
gp_scenario_40           0.410     0.36      0.37        0.30       0.38
gp_scenario_41           0.500     0.48      0.55        0.43       0.53
gp_scenario_42           0.470     0.43      0.51        0.49       0.53
gp_scenario_43           0.390     0.44      0.50        0.38       0.49
gp_scenario_44           0.470     0.42      0.51        0.46       0.51
gp_scenario_45           0.360     0.39      0.41        0.40       0.39
gp_scenario_46           0.230     0.40      0.43        0.35       0.40
gp_scenario_47           0.310     0.29      0.28        0.20       0.27
gp_scenario_48           0.580     0.50      0.54        0.36       0.50
gp_scenario_49           0.390     0.32      0.42        0.36       0.43
gp_scenario_50           0.510     0.40      0.45        0.40       0.47
gp_scenario_51           0.540     0.54      0.56        0.50       0.56
gp_scenario_52           0.370     0.31      0.33        0.28       0.32
gp_scenario_53           0.420     0.41      0.43        0.35       0.41
gp_scenario_54           0.540     0.60      0.62        0.59       0.65
gp_scenario_55           0.220     0.33      0.45        0.40       0.42
gp_scenario_56           0.490     0.46      0.52        0.45       0.50
gp_scenario_57           0.470     0.38      0.48        0.41       0.45
gp_scenario_58           0.430     0.46      0.49        0.41       0.48
gp_scenario_59           0.420     0.38      0.43        0.44       0.44
gp_scenario_60           0.430     0.37      0.43        0.36       0.43
gp_scenario_61           0.390     0.37      0.45        0.45       0.45
gp_scenario_62           0.380     0.40      0.45        0.35       0.42
gp_scenario_63           0.470     0.48      0.52        0.42       0.51
gp_scenario_64           0.320     0.32      0.31        0.31       0.33
gp_scenario_65           0.420     0.51      0.56        0.54       0.56
gp_scenario_66           0.490     0.42      0.50        0.44       0.50
gp_scenario_67           0.280     0.18      0.30        0.28       0.30
gp_scenario_68           0.480     0.51      0.55        0.49       0.57
gp_scenario_69           0.430     0.45      0.44        0.34       0.41
gp_scenario_70           0.410     0.39      0.46        0.42       0.45
gp_scenario_71           0.460     0.45      0.53        0.49       0.51
gp_scenario_72           0.500     0.50      0.47        0.33       0.45
gp_scenario_73           0.440     0.36      0.44        0.41       0.45
gp_scenario_74           0.300     0.31      0.45        0.40       0.45
gp_scenario_75           0.440     0.48      0.49        0.41       0.47
gp_scenario_76           0.420     0.46      0.47        0.35       0.45
gp_scenario_77           0.510     0.42      0.51        0.41       0.53
gp_scenario_78           0.400     0.36      0.45        0.39       0.41
gp_scenario_79           0.330     0.32      0.37        0.26       0.35
gp_scenario_80           0.290     0.35      0.45        0.42       0.45
gp_scenario_81           0.520     0.52      0.54        0.41       0.53
gp_scenario_82           0.410     0.36      0.42        0.36       0.40
gp_scenario_83           0.360     0.34      0.41        0.38       0.40
gp_scenario_84           0.380     0.41      0.50        0.44       0.48
gp_scenario_85           0.440     0.41      0.49        0.40       0.48
gp_scenario_86           0.490     0.44      0.54        0.49       0.56
gp_scenario_87           0.520     0.57      0.54        0.42       0.53
gp_scenario_88           0.470     0.40      0.48        0.42       0.50
gp_scenario_89           0.400     0.36      0.39        0.34       0.37
gp_scenario_90           0.260     0.26      0.39        0.26       0.35
gp_scenario_91           0.470     0.50      0.55        0.51       0.55
gp_scenario_92           0.300     0.24      0.34        0.32       0.32
gp_scenario_93           0.470     0.40      0.44        0.36       0.43
gp_scenario_94           0.460     0.46      0.59        0.56       0.57
gp_scenario_95           0.460     0.42      0.55        0.51       0.55
gp_scenario_96           0.440     0.45      0.46        0.38       0.45
gp_scenario_97           0.490     0.50      0.52        0.40       0.49
gp_scenario_98           0.440     0.34      0.46        0.41       0.46
gp_scenario_99           0.420     0.38      0.50        0.43       0.50
gp_scenario_100          0.340     0.36      0.45        0.35       0.44
pa_median                0.420     0.40      0.46        0.41       0.45
pa_iqr                   0.092     0.10      0.09        0.10       0.11
                LASSO_blups
gp_scenario_1          0.50
gp_scenario_2          0.34
gp_scenario_3          0.36
gp_scenario_4          0.40
gp_scenario_5          0.29
gp_scenario_6          0.38
gp_scenario_7          0.41
gp_scenario_8          0.30
gp_scenario_9          0.44
gp_scenario_10         0.37
gp_scenario_11         0.34
gp_scenario_12         0.43
gp_scenario_13         0.33
gp_scenario_14         0.26
gp_scenario_15         0.34
gp_scenario_16         0.34
gp_scenario_17         0.36
gp_scenario_18         0.38
gp_scenario_19         0.42
gp_scenario_20         0.37
gp_scenario_21         0.25
gp_scenario_22         0.17
gp_scenario_23         0.43
gp_scenario_24         0.35
gp_scenario_25         0.27
gp_scenario_26         0.30
gp_scenario_27         0.29
gp_scenario_28         0.22
gp_scenario_29         0.31
gp_scenario_30         0.49
gp_scenario_31         0.47
gp_scenario_32         0.32
gp_scenario_33         0.18
gp_scenario_34         0.43
gp_scenario_35         0.44
gp_scenario_36         0.37
gp_scenario_37         0.34
gp_scenario_38         0.32
gp_scenario_39         0.46
gp_scenario_40         0.31
gp_scenario_41         0.46
gp_scenario_42         0.47
gp_scenario_43         0.38
gp_scenario_44         0.43
gp_scenario_45         0.31
gp_scenario_46         0.25
gp_scenario_47         0.19
gp_scenario_48         0.51
gp_scenario_49         0.30
gp_scenario_50         0.32
gp_scenario_51         0.49
gp_scenario_52         0.23
gp_scenario_53         0.40
gp_scenario_54         0.59
gp_scenario_55         0.14
gp_scenario_56         0.38
gp_scenario_57         0.43
gp_scenario_58         0.35
gp_scenario_59         0.44
gp_scenario_60         0.34
gp_scenario_61         0.37
gp_scenario_62         0.35
gp_scenario_63         0.40
gp_scenario_64         0.28
gp_scenario_65         0.39
gp_scenario_66         0.40
gp_scenario_67         0.21
gp_scenario_68         0.50
gp_scenario_69         0.32
gp_scenario_70         0.37
gp_scenario_71         0.39
gp_scenario_72         0.50
gp_scenario_73         0.37
gp_scenario_74         0.29
gp_scenario_75         0.36
gp_scenario_76         0.33
gp_scenario_77         0.46
gp_scenario_78         0.28
gp_scenario_79         0.31
gp_scenario_80         0.31
gp_scenario_81         0.50
gp_scenario_82         0.25
gp_scenario_83         0.34
gp_scenario_84         0.33
gp_scenario_85         0.38
gp_scenario_86         0.43
gp_scenario_87         0.55
gp_scenario_88         0.39
gp_scenario_89         0.35
gp_scenario_90         0.18
gp_scenario_91         0.43
gp_scenario_92         0.21
gp_scenario_93         0.39
gp_scenario_94         0.41
gp_scenario_95         0.38
gp_scenario_96         0.42
gp_scenario_97         0.41
gp_scenario_98         0.37
gp_scenario_99         0.37
gp_scenario_100        0.37
pa_median              0.37
pa_iqr                 0.11
                GBLUP_wiser GBLUP_ls_means GBLUP_blups
gp_scenario_1          0.98           0.70        0.68
gp_scenario_2          0.97           0.79        0.78
gp_scenario_3          0.96           0.68        0.67
gp_scenario_4          0.96           0.72        0.71
gp_scenario_5          0.96           0.75        0.76
gp_scenario_6          0.97           0.77        0.76
gp_scenario_7          0.95           0.72        0.70
gp_scenario_8          0.96           0.73        0.72
gp_scenario_9          0.97           0.65        0.63
gp_scenario_10         0.96           0.71        0.71
gp_scenario_11         0.97           0.75        0.74
gp_scenario_12         0.95           0.72        0.69
gp_scenario_13         0.96           0.73        0.74
gp_scenario_14         0.97           0.73        0.72
gp_scenario_15         0.97           0.71        0.70
gp_scenario_16         0.98           0.73        0.71
gp_scenario_17         0.97           0.77        0.76
gp_scenario_18         0.95           0.68        0.67
gp_scenario_19         0.96           0.71        0.71
gp_scenario_20         0.96           0.74        0.72
gp_scenario_21         0.96           0.71        0.69
gp_scenario_22         0.97           0.81        0.81
gp_scenario_23         0.98           0.71        0.69
gp_scenario_24         0.97           0.73        0.72
gp_scenario_25         0.95           0.72        0.72
gp_scenario_26         0.97           0.73        0.74
gp_scenario_27         0.97           0.73        0.70
gp_scenario_28         0.95           0.74        0.74
gp_scenario_29         0.97           0.77        0.75
gp_scenario_30         0.96           0.70        0.70
gp_scenario_31         0.95           0.71        0.69
gp_scenario_32         0.95           0.77        0.75
gp_scenario_33         0.98           0.74        0.75
gp_scenario_34         0.98           0.71        0.71
gp_scenario_35         0.96           0.69        0.67
gp_scenario_36         0.98           0.75        0.74
gp_scenario_37         0.97           0.74        0.73
gp_scenario_38         0.96           0.71        0.71
gp_scenario_39         0.95           0.71        0.70
gp_scenario_40         0.96           0.74        0.74
gp_scenario_41         0.97           0.72        0.70
gp_scenario_42         0.97           0.72        0.71
gp_scenario_43         0.96           0.74        0.73
gp_scenario_44         0.93           0.69        0.68
gp_scenario_45         0.98           0.77        0.77
gp_scenario_46         0.97           0.76        0.74
gp_scenario_47         0.95           0.74        0.73
gp_scenario_48         0.98           0.73        0.74
gp_scenario_49         0.97           0.71        0.69
gp_scenario_50         0.96           0.73        0.73
gp_scenario_51         0.97           0.72        0.70
gp_scenario_52         0.98           0.77        0.78
gp_scenario_53         0.97           0.75        0.75
gp_scenario_54         0.95           0.67        0.65
gp_scenario_55         0.96           0.72        0.70
gp_scenario_56         0.97           0.72        0.71
gp_scenario_57         0.96           0.69        0.68
gp_scenario_58         0.96           0.78        0.78
gp_scenario_59         0.95           0.73        0.71
gp_scenario_60         0.97           0.74        0.73
gp_scenario_61         0.97           0.75        0.73
gp_scenario_62         0.97           0.76        0.76
gp_scenario_63         0.97           0.72        0.71
gp_scenario_64         0.96           0.74        0.73
gp_scenario_65         0.95           0.68        0.67
gp_scenario_66         0.96           0.69        0.69
gp_scenario_67         0.96           0.72        0.72
gp_scenario_68         0.98           0.72        0.70
gp_scenario_69         0.96           0.74        0.72
gp_scenario_70         0.96           0.74        0.75
gp_scenario_71         0.96           0.72        0.70
gp_scenario_72         0.97           0.74        0.74
gp_scenario_73         0.96           0.73        0.74
gp_scenario_74         0.96           0.72        0.71
gp_scenario_75         0.99           0.75        0.73
gp_scenario_76         0.96           0.73        0.72
gp_scenario_77         0.96           0.68        0.67
gp_scenario_78         0.98           0.74        0.72
gp_scenario_79         0.96           0.77        0.77
gp_scenario_80         0.97           0.74        0.75
gp_scenario_81         0.98           0.72        0.70
gp_scenario_82         0.95           0.74        0.72
gp_scenario_83         0.97           0.78        0.78
gp_scenario_84         0.96           0.73        0.72
gp_scenario_85         0.97           0.68        0.68
gp_scenario_86         0.95           0.69        0.67
gp_scenario_87         0.98           0.73        0.74
gp_scenario_88         0.96           0.68        0.67
gp_scenario_89         0.99           0.79        0.78
gp_scenario_90         0.97           0.77        0.75
gp_scenario_91         0.97           0.72        0.71
gp_scenario_92         0.97           0.75        0.76
gp_scenario_93         0.96           0.73        0.74
gp_scenario_94         0.93           0.66        0.64
gp_scenario_95         0.98           0.70        0.68
gp_scenario_96         0.97           0.75        0.76
gp_scenario_97         0.95           0.72        0.70
gp_scenario_98         0.96           0.74        0.74
gp_scenario_99         0.96           0.73        0.71
gp_scenario_100        0.98           0.71        0.70
h2_median              0.96           0.73        0.72
h2_iqr                 0.01           0.03        0.04
