[1] "using refpop_env"
Le chargement a nécessité le package : Matrix

Attachement du package : ‘tidyr’

Les objets suivants sont masqués depuis ‘package:Matrix’:

    expand, pack, unpack

Le chargement a nécessité le package : foreach
Le chargement a nécessité le package : iterators
Le chargement a nécessité le package : parallel
Le chargement a nécessité le package : rngtools
This build of rgl does not include OpenGL functions.  Use
 rglwidget() to display results, e.g. via options(rgl.printRglwidget = TRUE).
Le chargement a nécessité le package : Rcpp
Le chargement a nécessité le package : RcppZiggurat
Le chargement a nécessité le package : RcppParallel

Attachement du package : ‘RcppParallel’

L'objet suivant est masqué depuis ‘package:Rcpp’:

    LdFlags


Rfast: 2.1.0
 ___ __ __ __ __    __ __ __ __ __ _             _               __ __ __ __ __     __ __ __ __ __ __   
|  __ __ __ __  |  |  __ __ __ __ _/            / \             |  __ __ __ __ /   /__ __ _   _ __ __\  
| |           | |  | |                         / _ \            | |                        / /          
| |           | |  | |                        / / \ \           | |                       / /          
| |           | |  | |                       / /   \ \          | |                      / /          
| |__ __ __ __| |  | |__ __ __ __           / /     \ \         | |__ __ __ __ _        / /__/\          
|    __ __ __ __|  |  __ __ __ __|         / /__ _ __\ \        |_ __ __ __ _   |      / ___  /           
|   \              | |                    / _ _ _ _ _ _ \                     | |      \/  / /       
| |\ \             | |                   / /           \ \                    | |         / /          
| | \ \            | |                  / /             \ \                   | |        / /          
| |  \ \           | |                 / /               \ \                  | |       / /          
| |   \ \__ __ _   | |                / /                 \ \     _ __ __ __ _| |      / /          
|_|    \__ __ __\  |_|               /_/                   \_\   /_ __ __ __ ___|      \/             team

Attachement du package : ‘Rfast’

Les objets suivants sont masqués depuis ‘package:robustbase’:

    colMedians, rowMedians

L'objet suivant est masqué depuis ‘package:data.table’:

    transpose

Le chargement a nécessité le package : lattice

Attachement du package : ‘plotly’

L'objet suivant est masqué depuis ‘package:ggplot2’:

    last_plot

L'objet suivant est masqué depuis ‘package:MASS’:

    select

L'objet suivant est masqué depuis ‘package:stats’:

    filter

L'objet suivant est masqué depuis ‘package:graphics’:

    layout


Attachement du package : ‘dplyr’

L'objet suivant est masqué depuis ‘package:Rfast’:

    nth

Les objets suivants sont masqués depuis ‘package:data.table’:

    between, first, last

L'objet suivant est masqué depuis ‘package:MASS’:

    select

Les objets suivants sont masqués depuis ‘package:stats’:

    filter, lag

Les objets suivants sont masqués depuis ‘package:base’:

    intersect, setdiff, setequal, union


Attachement du package : ‘kernlab’

L'objet suivant est masqué depuis ‘package:ggplot2’:

    alpha

Le chargement a nécessité le package : corpcor

Attachement du package : ‘corpcor’

L'objet suivant est masqué depuis ‘package:matrixcalc’:

    is.positive.definite

Loaded glmnet 4.1-8

Loaded mixOmics 6.25.1
Thank you for using mixOmics!
Tutorials: http://mixomics.org
Bookdown vignette: https://mixomicsteam.github.io/Bookdown
Questions, issues: Follow the prompts at http://mixomics.org/contact-us
Cite us:  citation('mixOmics')

[1] "kernel: linear"
[1] "trait: Powdery_mildew"
                RF_wiser SVR_wiser GBLUP_wiser RKHS_wiser LASSO_wiser
gp_scenario_1       0.53      0.56        0.57      0.540       0.440
gp_scenario_2       0.59      0.68        0.65      0.680       0.620
gp_scenario_3       0.58      0.63        0.61      0.620       0.550
gp_scenario_4       0.48      0.55        0.52      0.540       0.520
gp_scenario_5       0.53      0.57        0.45      0.550       0.490
gp_scenario_6       0.57      0.64        0.57      0.630       0.550
gp_scenario_7       0.55      0.66        0.64      0.660       0.590
gp_scenario_8       0.58      0.62        0.62      0.610       0.520
gp_scenario_9       0.44      0.53        0.54      0.550       0.470
gp_scenario_10      0.48      0.51        0.46      0.510       0.450
gp_scenario_11      0.52      0.60        0.54      0.580       0.540
gp_scenario_12      0.43      0.52        0.54      0.520       0.470
gp_scenario_13      0.48      0.58        0.56      0.590       0.560
gp_scenario_14      0.47      0.59        0.58      0.600       0.460
gp_scenario_15      0.53      0.58        0.56      0.560       0.510
gp_scenario_16      0.56      0.64        0.60      0.630       0.550
gp_scenario_17      0.45      0.58        0.62      0.570       0.480
gp_scenario_18      0.53      0.58        0.47      0.560       0.490
gp_scenario_19      0.54      0.62        0.61      0.630       0.610
gp_scenario_20      0.40      0.49        0.53      0.510       0.410
gp_scenario_21      0.42      0.48        0.44      0.460       0.420
gp_scenario_22      0.48      0.61        0.61      0.620       0.590
gp_scenario_23      0.55      0.63        0.58      0.600       0.540
gp_scenario_24      0.50      0.58        0.55      0.580       0.520
gp_scenario_25      0.57      0.71        0.66      0.690       0.590
gp_scenario_26      0.43      0.52        0.49      0.520       0.450
gp_scenario_27      0.49      0.62        0.55      0.600       0.560
gp_scenario_28      0.61      0.65        0.53      0.630       0.530
gp_scenario_29      0.52      0.61        0.62      0.620       0.550
gp_scenario_30      0.53      0.61        0.60      0.610       0.570
gp_scenario_31      0.52      0.50        0.48      0.490       0.450
gp_scenario_32      0.45      0.58        0.61      0.600       0.540
gp_scenario_33      0.45      0.59        0.56      0.590       0.460
gp_scenario_34      0.61      0.67        0.60      0.660       0.640
gp_scenario_35      0.58      0.59        0.52      0.580       0.470
gp_scenario_36      0.55      0.63        0.59      0.630       0.540
gp_scenario_37      0.50      0.52        0.49      0.530       0.530
gp_scenario_38      0.55      0.61        0.53      0.610       0.590
gp_scenario_39      0.40      0.46        0.44      0.470       0.450
gp_scenario_40      0.65      0.73        0.70      0.720       0.610
gp_scenario_41      0.59      0.64        0.58      0.610       0.570
gp_scenario_42      0.62      0.69        0.65      0.690       0.570
gp_scenario_43      0.50      0.65        0.56      0.610       0.490
gp_scenario_44      0.42      0.52        0.54      0.520       0.460
gp_scenario_45      0.44      0.50        0.48      0.520       0.440
gp_scenario_46      0.56      0.67        0.63      0.670       0.570
gp_scenario_47      0.54      0.65        0.65      0.640       0.570
gp_scenario_48      0.51      0.63        0.60      0.630       0.530
gp_scenario_49      0.38      0.48        0.48      0.500       0.470
gp_scenario_50      0.53      0.60        0.60      0.610       0.510
gp_scenario_51      0.65      0.67        0.62      0.670       0.610
gp_scenario_52      0.47      0.58        0.56      0.600       0.480
gp_scenario_53      0.55      0.59        0.53      0.570       0.470
gp_scenario_54      0.45      0.60        0.58      0.580       0.540
gp_scenario_55      0.39      0.46        0.44      0.470       0.370
gp_scenario_56      0.40      0.57        0.54      0.570       0.490
gp_scenario_57      0.50      0.59        0.56      0.590       0.540
gp_scenario_58      0.52      0.61        0.59      0.610       0.520
gp_scenario_59      0.56      0.61        0.53      0.600       0.530
gp_scenario_60      0.53      0.62        0.52      0.600       0.520
gp_scenario_61      0.57      0.64        0.65      0.660       0.590
gp_scenario_62      0.46      0.54        0.60      0.570       0.480
gp_scenario_63      0.44      0.53        0.51      0.540       0.470
gp_scenario_64      0.47      0.55        0.53      0.540       0.450
gp_scenario_65      0.58      0.68        0.63      0.690       0.610
gp_scenario_66      0.53      0.59        0.52      0.570       0.490
gp_scenario_67      0.54      0.64        0.62      0.630       0.550
gp_scenario_68      0.48      0.54        0.53      0.550       0.430
gp_scenario_69      0.53      0.57        0.45      0.560       0.500
gp_scenario_70      0.45      0.52        0.46      0.510       0.440
gp_scenario_71      0.50      0.54        0.50      0.540       0.520
gp_scenario_72      0.60      0.59        0.51      0.580       0.530
gp_scenario_73      0.56      0.62        0.59      0.610       0.460
gp_scenario_74      0.65      0.67        0.64      0.670       0.620
gp_scenario_75      0.39      0.48        0.47      0.470       0.350
gp_scenario_76      0.51      0.63        0.62      0.630       0.470
gp_scenario_77      0.56      0.61        0.59      0.610       0.580
gp_scenario_78      0.60      0.61        0.51      0.590       0.550
gp_scenario_79      0.46      0.57        0.53      0.580       0.480
gp_scenario_80      0.54      0.61        0.57      0.600       0.550
gp_scenario_81      0.55      0.60        0.55      0.600       0.490
gp_scenario_82      0.47      0.57        0.65      0.580       0.430
gp_scenario_83      0.47      0.53        0.50      0.520       0.510
gp_scenario_84      0.68      0.75        0.69      0.740       0.630
gp_scenario_85      0.46      0.61        0.55      0.600       0.480
gp_scenario_86      0.45      0.53        0.51      0.530       0.530
gp_scenario_87      0.44      0.54        0.54      0.560       0.470
gp_scenario_88      0.56      0.61        0.52      0.580       0.530
gp_scenario_89      0.57      0.60        0.55      0.620       0.560
gp_scenario_90      0.52      0.57        0.55      0.590       0.520
gp_scenario_91      0.58      0.66        0.57      0.660       0.550
gp_scenario_92      0.41      0.51        0.49      0.520       0.380
gp_scenario_93      0.63      0.68        0.66      0.690       0.600
gp_scenario_94      0.49      0.52        0.44      0.490       0.410
gp_scenario_95      0.62      0.64        0.61      0.630       0.590
gp_scenario_96      0.47      0.56        0.57      0.570       0.520
gp_scenario_97      0.45      0.52        0.43      0.500       0.440
gp_scenario_98      0.44      0.54        0.55      0.550       0.420
gp_scenario_99      0.45      0.51        0.50      0.510       0.420
gp_scenario_100     0.60      0.62        0.57      0.620       0.560
pa_median           0.52      0.59        0.56      0.590       0.520
pa_iqr              0.10      0.09        0.08      0.072       0.083
                RF_ls_means SVR_ls_means GBLUP_ls_means RKHS_ls_means
gp_scenario_1         0.450         0.52           0.51         0.500
gp_scenario_2         0.510         0.54           0.48         0.550
gp_scenario_3         0.380         0.40           0.31         0.390
gp_scenario_4         0.420         0.41           0.34         0.410
gp_scenario_5         0.390         0.35           0.23         0.350
gp_scenario_6         0.420         0.54           0.43         0.560
gp_scenario_7         0.430         0.52           0.52         0.500
gp_scenario_8         0.400         0.45           0.38         0.410
gp_scenario_9         0.250         0.30           0.29         0.300
gp_scenario_10        0.470         0.46           0.36         0.470
gp_scenario_11        0.420         0.50           0.46         0.460
gp_scenario_12        0.450         0.50           0.45         0.490
gp_scenario_13        0.430         0.49           0.43         0.490
gp_scenario_14        0.410         0.44           0.40         0.460
gp_scenario_15        0.410         0.41           0.35         0.390
gp_scenario_16        0.350         0.45           0.40         0.430
gp_scenario_17        0.370         0.42           0.40         0.420
gp_scenario_18        0.460         0.53           0.42         0.500
gp_scenario_19        0.450         0.50           0.49         0.500
gp_scenario_20        0.400         0.38           0.37         0.380
gp_scenario_21        0.370         0.43           0.38         0.370
gp_scenario_22        0.440         0.51           0.42         0.520
gp_scenario_23        0.380         0.48           0.44         0.480
gp_scenario_24        0.370         0.41           0.33         0.380
gp_scenario_25        0.400         0.40           0.37         0.360
gp_scenario_26        0.430         0.45           0.40         0.420
gp_scenario_27        0.390         0.47           0.37         0.500
gp_scenario_28        0.520         0.47           0.29         0.480
gp_scenario_29        0.370         0.51           0.49         0.460
gp_scenario_30        0.400         0.42           0.34         0.420
gp_scenario_31        0.450         0.44           0.36         0.430
gp_scenario_32        0.350         0.49           0.46         0.430
gp_scenario_33        0.440         0.46           0.36         0.450
gp_scenario_34        0.410         0.46           0.43         0.450
gp_scenario_35        0.410         0.43           0.33         0.440
gp_scenario_36        0.400         0.40           0.35         0.380
gp_scenario_37        0.390         0.48           0.43         0.470
gp_scenario_38        0.430         0.53           0.42         0.510
gp_scenario_39        0.450         0.49           0.35         0.470
gp_scenario_40        0.550         0.55           0.53         0.540
gp_scenario_41        0.480         0.52           0.49         0.460
gp_scenario_42        0.360         0.48           0.41         0.450
gp_scenario_43        0.410         0.48           0.39         0.470
gp_scenario_44        0.350         0.48           0.50         0.440
gp_scenario_45        0.470         0.46           0.35         0.440
gp_scenario_46        0.540         0.57           0.48         0.550
gp_scenario_47        0.490         0.58           0.52         0.520
gp_scenario_48        0.310         0.37           0.38         0.390
gp_scenario_49        0.360         0.38           0.31         0.390
gp_scenario_50        0.430         0.45           0.40         0.460
gp_scenario_51        0.480         0.53           0.51         0.510
gp_scenario_52        0.540         0.57           0.47         0.540
gp_scenario_53        0.380         0.41           0.32         0.380
gp_scenario_54        0.450         0.46           0.39         0.440
gp_scenario_55        0.250         0.33           0.29         0.330
gp_scenario_56        0.370         0.45           0.35         0.430
gp_scenario_57        0.290         0.30           0.19         0.260
gp_scenario_58        0.390         0.50           0.52         0.480
gp_scenario_59        0.490         0.54           0.50         0.540
gp_scenario_60        0.490         0.53           0.46         0.510
gp_scenario_61        0.460         0.55           0.52         0.510
gp_scenario_62        0.410         0.48           0.43         0.460
gp_scenario_63        0.390         0.46           0.42         0.460
gp_scenario_64        0.450         0.42           0.36         0.380
gp_scenario_65        0.460         0.44           0.41         0.460
gp_scenario_66        0.370         0.45           0.36         0.440
gp_scenario_67        0.420         0.55           0.47         0.490
gp_scenario_68        0.480         0.50           0.45         0.500
gp_scenario_69        0.460         0.47           0.42         0.470
gp_scenario_70        0.290         0.32           0.31         0.320
gp_scenario_71        0.460         0.47           0.40         0.460
gp_scenario_72        0.360         0.37           0.33         0.370
gp_scenario_73        0.450         0.51           0.47         0.510
gp_scenario_74        0.410         0.42           0.37         0.420
gp_scenario_75        0.420         0.45           0.32         0.420
gp_scenario_76        0.520         0.57           0.51         0.560
gp_scenario_77        0.370         0.42           0.42         0.390
gp_scenario_78        0.500         0.50           0.39         0.550
gp_scenario_79        0.480         0.46           0.39         0.490
gp_scenario_80        0.390         0.44           0.35         0.400
gp_scenario_81        0.420         0.48           0.44         0.460
gp_scenario_82        0.300         0.39           0.41         0.370
gp_scenario_83        0.500         0.49           0.42         0.490
gp_scenario_84        0.540         0.54           0.43         0.520
gp_scenario_85        0.450         0.50           0.44         0.480
gp_scenario_86        0.420         0.40           0.35         0.390
gp_scenario_87        0.350         0.48           0.47         0.440
gp_scenario_88        0.380         0.40           0.33         0.400
gp_scenario_89        0.480         0.47           0.36         0.480
gp_scenario_90        0.520         0.50           0.40         0.470
gp_scenario_91        0.510         0.54           0.50         0.520
gp_scenario_92        0.360         0.38           0.34         0.360
gp_scenario_93        0.520         0.48           0.45         0.510
gp_scenario_94        0.380         0.43           0.33         0.400
gp_scenario_95        0.480         0.43           0.33         0.410
gp_scenario_96        0.320         0.46           0.41         0.400
gp_scenario_97        0.470         0.52           0.50         0.500
gp_scenario_98        0.360         0.35           0.33         0.360
gp_scenario_99        0.350         0.39           0.31         0.400
gp_scenario_100       0.360         0.45           0.39         0.410
pa_median             0.420         0.46           0.40         0.460
pa_iqr                0.082         0.08           0.10         0.092
                LASSO_ls_means RF_blups SVR_blups GBLUP_blups RKHS_blups
gp_scenario_1             0.43     0.46      0.49        0.47       0.48
gp_scenario_2             0.46     0.47      0.53        0.47       0.52
gp_scenario_3             0.31     0.37      0.40        0.31       0.37
gp_scenario_4             0.31     0.36      0.38        0.33       0.38
gp_scenario_5             0.35     0.37      0.37        0.24       0.36
gp_scenario_6             0.46     0.38      0.51        0.41       0.53
gp_scenario_7             0.39     0.43      0.51        0.50       0.49
gp_scenario_8             0.36     0.34      0.41        0.36       0.38
gp_scenario_9             0.26     0.24      0.31        0.30       0.29
gp_scenario_10            0.36     0.41      0.44        0.33       0.42
gp_scenario_11            0.38     0.39      0.46        0.44       0.42
gp_scenario_12            0.40     0.44      0.49        0.44       0.47
gp_scenario_13            0.42     0.42      0.49        0.43       0.50
gp_scenario_14            0.34     0.38      0.44        0.40       0.45
gp_scenario_15            0.39     0.35      0.40        0.32       0.36
gp_scenario_16            0.34     0.35      0.43        0.39       0.41
gp_scenario_17            0.39     0.37      0.44        0.41       0.42
gp_scenario_18            0.42     0.41      0.48        0.39       0.46
gp_scenario_19            0.43     0.46      0.51        0.48       0.51
gp_scenario_20            0.38     0.37      0.34        0.36       0.35
gp_scenario_21            0.23     0.36      0.42        0.37       0.37
gp_scenario_22            0.47     0.40      0.49        0.39       0.48
gp_scenario_23            0.30     0.26      0.43        0.40       0.44
gp_scenario_24            0.24     0.38      0.40        0.34       0.38
gp_scenario_25            0.31     0.39      0.39        0.37       0.36
gp_scenario_26            0.32     0.36      0.38        0.33       0.35
gp_scenario_27            0.31     0.37      0.44        0.35       0.47
gp_scenario_28            0.43     0.51      0.49        0.29       0.47
gp_scenario_29            0.28     0.38      0.52        0.50       0.48
gp_scenario_30            0.28     0.34      0.40        0.33       0.40
gp_scenario_31            0.32     0.41      0.40        0.34       0.40
gp_scenario_32            0.28     0.28      0.43        0.40       0.39
gp_scenario_33            0.34     0.42      0.46        0.38       0.45
gp_scenario_34            0.38     0.43      0.47        0.42       0.45
gp_scenario_35            0.36     0.38      0.37        0.29       0.39
gp_scenario_36            0.28     0.34      0.35        0.33       0.34
gp_scenario_37            0.41     0.40      0.46        0.43       0.46
gp_scenario_38            0.39     0.42      0.49        0.39       0.49
gp_scenario_39            0.41     0.46      0.49        0.33       0.46
gp_scenario_40            0.49     0.52      0.56        0.52       0.53
gp_scenario_41            0.41     0.53      0.51        0.48       0.48
gp_scenario_42            0.28     0.37      0.51        0.38       0.44
gp_scenario_43            0.37     0.30      0.43        0.37       0.40
gp_scenario_44            0.42     0.30      0.41        0.46       0.40
gp_scenario_45            0.38     0.50      0.46        0.34       0.44
gp_scenario_46            0.39     0.49      0.57        0.45       0.54
gp_scenario_47            0.39     0.51      0.56        0.50       0.53
gp_scenario_48            0.26     0.34      0.38        0.38       0.39
gp_scenario_49            0.31     0.28      0.33        0.26       0.34
gp_scenario_50            0.39     0.43      0.44        0.38       0.44
gp_scenario_51            0.36     0.44      0.50        0.49       0.48
gp_scenario_52            0.38     0.45      0.52        0.43       0.51
gp_scenario_53            0.33     0.36      0.38        0.30       0.36
gp_scenario_54            0.38     0.42      0.48        0.40       0.44
gp_scenario_55            0.29     0.21      0.29        0.25       0.30
gp_scenario_56            0.41     0.37      0.46        0.33       0.43
gp_scenario_57            0.15     0.32      0.28        0.20       0.27
gp_scenario_58            0.34     0.30      0.48        0.51       0.46
gp_scenario_59            0.45     0.43      0.51        0.47       0.51
gp_scenario_60            0.44     0.50      0.52        0.44       0.48
gp_scenario_61            0.41     0.43      0.51        0.49       0.48
gp_scenario_62            0.35     0.42      0.48        0.43       0.47
gp_scenario_63            0.30     0.29      0.43        0.39       0.42
gp_scenario_64            0.37     0.45      0.42        0.34       0.38
gp_scenario_65            0.37     0.42      0.44        0.41       0.45
gp_scenario_66            0.31     0.32      0.41        0.32       0.39
gp_scenario_67            0.38     0.51      0.56        0.46       0.51
gp_scenario_68            0.30     0.39      0.46        0.42       0.46
gp_scenario_69            0.38     0.44      0.47        0.40       0.47
gp_scenario_70            0.27     0.31      0.31        0.30       0.31
gp_scenario_71            0.38     0.46      0.46        0.39       0.46
gp_scenario_72            0.33     0.38      0.38        0.33       0.35
gp_scenario_73            0.42     0.38      0.46        0.44       0.46
gp_scenario_74            0.33     0.39      0.41        0.36       0.42
gp_scenario_75            0.36     0.43      0.43        0.30       0.39
gp_scenario_76            0.46     0.53      0.57        0.49       0.55
gp_scenario_77            0.34     0.39      0.41        0.40       0.39
gp_scenario_78            0.44     0.39      0.47        0.35       0.49
gp_scenario_79            0.37     0.45      0.48        0.38       0.49
gp_scenario_80            0.31     0.38      0.40        0.32       0.38
gp_scenario_81            0.30     0.40      0.47        0.43       0.45
gp_scenario_82            0.29     0.31      0.37        0.38       0.35
gp_scenario_83            0.45     0.48      0.47        0.42       0.48
gp_scenario_84            0.41     0.51      0.51        0.43       0.49
gp_scenario_85            0.41     0.35      0.49        0.40       0.44
gp_scenario_86            0.36     0.40      0.41        0.34       0.39
gp_scenario_87            0.29     0.29      0.39        0.45       0.38
gp_scenario_88            0.34     0.38      0.39        0.31       0.38
gp_scenario_89            0.41     0.51      0.52        0.36       0.51
gp_scenario_90            0.40     0.48      0.47        0.37       0.44
gp_scenario_91            0.48     0.52      0.52        0.47       0.50
gp_scenario_92            0.31     0.32      0.36        0.32       0.35
gp_scenario_93            0.41     0.55      0.51        0.49       0.54
gp_scenario_94            0.35     0.36      0.41        0.32       0.37
gp_scenario_95            0.39     0.39      0.37        0.28       0.36
gp_scenario_96            0.26     0.30      0.44        0.41       0.40
gp_scenario_97            0.41     0.44      0.51        0.48       0.48
gp_scenario_98            0.26     0.35      0.36        0.28       0.35
gp_scenario_99            0.22     0.23      0.35        0.26       0.33
gp_scenario_100           0.33     0.34      0.41        0.39       0.39
pa_median                 0.36     0.39      0.44        0.39       0.44
pa_iqr                    0.10     0.09      0.09        0.10       0.10
                LASSO_blups
gp_scenario_1          0.43
gp_scenario_2          0.45
gp_scenario_3          0.30
gp_scenario_4          0.32
gp_scenario_5          0.37
gp_scenario_6          0.43
gp_scenario_7          0.37
gp_scenario_8          0.34
gp_scenario_9          0.27
gp_scenario_10         0.28
gp_scenario_11         0.37
gp_scenario_12         0.40
gp_scenario_13         0.46
gp_scenario_14         0.38
gp_scenario_15         0.36
gp_scenario_16         0.30
gp_scenario_17         0.39
gp_scenario_18         0.38
gp_scenario_19         0.48
gp_scenario_20         0.31
gp_scenario_21         0.22
gp_scenario_22         0.42
gp_scenario_23         0.25
gp_scenario_24         0.30
gp_scenario_25         0.25
gp_scenario_26         0.25
gp_scenario_27         0.32
gp_scenario_28         0.43
gp_scenario_29         0.33
gp_scenario_30         0.26
gp_scenario_31         0.28
gp_scenario_32         0.23
gp_scenario_33         0.36
gp_scenario_34         0.43
gp_scenario_35         0.29
gp_scenario_36         0.24
gp_scenario_37         0.36
gp_scenario_38         0.41
gp_scenario_39         0.39
gp_scenario_40         0.49
gp_scenario_41         0.45
gp_scenario_42         0.28
gp_scenario_43         0.31
gp_scenario_44         0.40
gp_scenario_45         0.42
gp_scenario_46         0.35
gp_scenario_47         0.39
gp_scenario_48         0.27
gp_scenario_49         0.30
gp_scenario_50         0.36
gp_scenario_51         0.33
gp_scenario_52         0.29
gp_scenario_53         0.34
gp_scenario_54         0.39
gp_scenario_55         0.27
gp_scenario_56         0.41
gp_scenario_57         0.18
gp_scenario_58         0.32
gp_scenario_59         0.44
gp_scenario_60         0.41
gp_scenario_61         0.42
gp_scenario_62         0.37
gp_scenario_63         0.26
gp_scenario_64         0.36
gp_scenario_65         0.34
gp_scenario_66         0.27
gp_scenario_67         0.40
gp_scenario_68         0.23
gp_scenario_69         0.37
gp_scenario_70         0.26
gp_scenario_71         0.44
gp_scenario_72         0.31
gp_scenario_73         0.36
gp_scenario_74         0.32
gp_scenario_75         0.35
gp_scenario_76         0.46
gp_scenario_77         0.35
gp_scenario_78         0.35
gp_scenario_79         0.39
gp_scenario_80         0.32
gp_scenario_81         0.34
gp_scenario_82         0.27
gp_scenario_83         0.46
gp_scenario_84         0.37
gp_scenario_85         0.36
gp_scenario_86         0.35
gp_scenario_87         0.27
gp_scenario_88         0.32
gp_scenario_89         0.41
gp_scenario_90         0.35
gp_scenario_91         0.48
gp_scenario_92         0.30
gp_scenario_93         0.44
gp_scenario_94         0.33
gp_scenario_95         0.27
gp_scenario_96         0.27
gp_scenario_97         0.39
gp_scenario_98         0.23
gp_scenario_99         0.18
gp_scenario_100        0.29
pa_median              0.35
pa_iqr                 0.10
                GBLUP_wiser GBLUP_ls_means GBLUP_blups
gp_scenario_1          0.72          0.510        0.51
gp_scenario_2          0.68          0.480        0.48
gp_scenario_3          0.77          0.570        0.57
gp_scenario_4          0.79          0.500        0.50
gp_scenario_5          0.72          0.540        0.53
gp_scenario_6          0.70          0.440        0.44
gp_scenario_7          0.72          0.510        0.50
gp_scenario_8          0.73          0.510        0.52
gp_scenario_9          0.76          0.560        0.55
gp_scenario_10         0.80          0.540        0.54
gp_scenario_11         0.75          0.480        0.48
gp_scenario_12         0.73          0.510        0.50
gp_scenario_13         0.72          0.470        0.46
gp_scenario_14         0.71          0.510        0.51
gp_scenario_15         0.76          0.580        0.57
gp_scenario_16         0.70          0.500        0.50
gp_scenario_17         0.72          0.510        0.51
gp_scenario_18         0.76          0.500        0.50
gp_scenario_19         0.73          0.480        0.48
gp_scenario_20         0.75          0.530        0.53
gp_scenario_21         0.75          0.500        0.50
gp_scenario_22         0.70          0.430        0.44
gp_scenario_23         0.78          0.530        0.53
gp_scenario_24         0.73          0.540        0.53
gp_scenario_25         0.71          0.570        0.55
gp_scenario_26         0.77          0.510        0.52
gp_scenario_27         0.74          0.510        0.51
gp_scenario_28         0.77          0.530        0.53
gp_scenario_29         0.73          0.490        0.47
gp_scenario_30         0.71          0.530        0.52
gp_scenario_31         0.76          0.540        0.54
gp_scenario_32         0.73          0.500        0.50
gp_scenario_33         0.70          0.510        0.50
gp_scenario_34         0.75          0.480        0.48
gp_scenario_35         0.74          0.540        0.53
gp_scenario_36         0.70          0.550        0.55
gp_scenario_37         0.76          0.510        0.50
gp_scenario_38         0.76          0.490        0.48
gp_scenario_39         0.80          0.520        0.53
gp_scenario_40         0.67          0.450        0.45
gp_scenario_41         0.72          0.470        0.45
gp_scenario_42         0.70          0.510        0.50
gp_scenario_43         0.72          0.510        0.51
gp_scenario_44         0.73          0.500        0.50
gp_scenario_45         0.82          0.570        0.57
gp_scenario_46         0.74          0.450        0.45
gp_scenario_47         0.72          0.480        0.47
gp_scenario_48         0.65          0.510        0.50
gp_scenario_49         0.83          0.570        0.58
gp_scenario_50         0.74          0.540        0.54
gp_scenario_51         0.72          0.520        0.50
gp_scenario_52         0.75          0.440        0.44
gp_scenario_53         0.74          0.550        0.55
gp_scenario_54         0.73          0.520        0.51
gp_scenario_55         0.74          0.520        0.52
gp_scenario_56         0.73          0.530        0.52
gp_scenario_57         0.76          0.610        0.60
gp_scenario_58         0.73          0.480        0.47
gp_scenario_59         0.73          0.440        0.44
gp_scenario_60         0.74          0.510        0.51
gp_scenario_61         0.69          0.470        0.47
gp_scenario_62         0.73          0.490        0.49
gp_scenario_63         0.77          0.530        0.53
gp_scenario_64         0.74          0.510        0.51
gp_scenario_65         0.71          0.530        0.52
gp_scenario_66         0.78          0.540        0.54
gp_scenario_67         0.71          0.460        0.46
gp_scenario_68         0.76          0.510        0.51
gp_scenario_69         0.76          0.490        0.48
gp_scenario_70         0.73          0.560        0.55
gp_scenario_71         0.74          0.500        0.49
gp_scenario_72         0.78          0.570        0.57
gp_scenario_73         0.75          0.480        0.48
gp_scenario_74         0.71          0.500        0.50
gp_scenario_75         0.73          0.530        0.53
gp_scenario_76         0.68          0.450        0.44
gp_scenario_77         0.74          0.530        0.53
gp_scenario_78         0.78          0.500        0.51
gp_scenario_79         0.73          0.500        0.49
gp_scenario_80         0.75          0.540        0.54
gp_scenario_81         0.74          0.470        0.47
gp_scenario_82         0.71          0.560        0.56
gp_scenario_83         0.76          0.500        0.49
gp_scenario_84         0.69          0.480        0.47
gp_scenario_85         0.76          0.550        0.55
gp_scenario_86         0.79          0.540        0.53
gp_scenario_87         0.73          0.480        0.49
gp_scenario_88         0.75          0.540        0.54
gp_scenario_89         0.71          0.550        0.54
gp_scenario_90         0.73          0.500        0.50
gp_scenario_91         0.71          0.460        0.46
gp_scenario_92         0.75          0.540        0.53
gp_scenario_93         0.68          0.480        0.46
gp_scenario_94         0.79          0.530        0.53
gp_scenario_95         0.76          0.560        0.56
gp_scenario_96         0.73          0.480        0.48
gp_scenario_97         0.76          0.460        0.45
gp_scenario_98         0.73          0.520        0.52
gp_scenario_99         0.74          0.550        0.55
gp_scenario_100        0.78          0.560        0.56
h2_median              0.74          0.510        0.51
h2_iqr                 0.04          0.053        0.05
