[1] "using refpop_env"
Le chargement a nécessité le package : Matrix

Attachement du package : ‘tidyr’

Les objets suivants sont masqués depuis ‘package:Matrix’:

    expand, pack, unpack

Le chargement a nécessité le package : foreach
Le chargement a nécessité le package : iterators
Le chargement a nécessité le package : parallel
Le chargement a nécessité le package : rngtools
This build of rgl does not include OpenGL functions.  Use
 rglwidget() to display results, e.g. via options(rgl.printRglwidget = TRUE).
Le chargement a nécessité le package : Rcpp
Le chargement a nécessité le package : RcppZiggurat
Le chargement a nécessité le package : RcppParallel

Attachement du package : ‘RcppParallel’

L'objet suivant est masqué depuis ‘package:Rcpp’:

    LdFlags


Rfast: 2.1.0
 ___ __ __ __ __    __ __ __ __ __ _             _               __ __ __ __ __     __ __ __ __ __ __   
|  __ __ __ __  |  |  __ __ __ __ _/            / \             |  __ __ __ __ /   /__ __ _   _ __ __\  
| |           | |  | |                         / _ \            | |                        / /          
| |           | |  | |                        / / \ \           | |                       / /          
| |           | |  | |                       / /   \ \          | |                      / /          
| |__ __ __ __| |  | |__ __ __ __           / /     \ \         | |__ __ __ __ _        / /__/\          
|    __ __ __ __|  |  __ __ __ __|         / /__ _ __\ \        |_ __ __ __ _   |      / ___  /           
|   \              | |                    / _ _ _ _ _ _ \                     | |      \/  / /       
| |\ \             | |                   / /           \ \                    | |         / /          
| | \ \            | |                  / /             \ \                   | |        / /          
| |  \ \           | |                 / /               \ \                  | |       / /          
| |   \ \__ __ _   | |                / /                 \ \     _ __ __ __ _| |      / /          
|_|    \__ __ __\  |_|               /_/                   \_\   /_ __ __ __ ___|      \/             team

Attachement du package : ‘Rfast’

Les objets suivants sont masqués depuis ‘package:robustbase’:

    colMedians, rowMedians

L'objet suivant est masqué depuis ‘package:data.table’:

    transpose

Le chargement a nécessité le package : lattice

Attachement du package : ‘plotly’

L'objet suivant est masqué depuis ‘package:ggplot2’:

    last_plot

L'objet suivant est masqué depuis ‘package:MASS’:

    select

L'objet suivant est masqué depuis ‘package:stats’:

    filter

L'objet suivant est masqué depuis ‘package:graphics’:

    layout


Attachement du package : ‘dplyr’

L'objet suivant est masqué depuis ‘package:Rfast’:

    nth

Les objets suivants sont masqués depuis ‘package:data.table’:

    between, first, last

L'objet suivant est masqué depuis ‘package:MASS’:

    select

Les objets suivants sont masqués depuis ‘package:stats’:

    filter, lag

Les objets suivants sont masqués depuis ‘package:base’:

    intersect, setdiff, setequal, union


Attachement du package : ‘kernlab’

L'objet suivant est masqué depuis ‘package:ggplot2’:

    alpha

Le chargement a nécessité le package : corpcor

Attachement du package : ‘corpcor’

L'objet suivant est masqué depuis ‘package:matrixcalc’:

    is.positive.definite

Loaded glmnet 4.1-8

Loaded mixOmics 6.25.1
Thank you for using mixOmics!
Tutorials: http://mixomics.org
Bookdown vignette: https://mixomicsteam.github.io/Bookdown
Questions, issues: Follow the prompts at http://mixomics.org/contact-us
Cite us:  citation('mixOmics')

[1] "kernel: linear"
[1] "trait: Fruit_number"
                RF_wiser SVR_wiser GBLUP_wiser RKHS_wiser LASSO_wiser
gp_scenario_1       0.80     0.810       0.780       0.80       0.790
gp_scenario_2       0.73     0.800       0.740       0.79       0.780
gp_scenario_3       0.78     0.800       0.770       0.79       0.760
gp_scenario_4       0.76     0.810       0.780       0.79       0.780
gp_scenario_5       0.79     0.820       0.770       0.81       0.780
gp_scenario_6       0.81     0.840       0.790       0.84       0.800
gp_scenario_7       0.82     0.840       0.800       0.83       0.820
gp_scenario_8       0.74     0.780       0.730       0.77       0.750
gp_scenario_9       0.80     0.840       0.830       0.84       0.810
gp_scenario_10      0.68     0.760       0.730       0.76       0.700
gp_scenario_11      0.74     0.820       0.810       0.81       0.780
gp_scenario_12      0.76     0.810       0.770       0.81       0.780
gp_scenario_13      0.84     0.870       0.810       0.86       0.830
gp_scenario_14      0.75     0.790       0.760       0.79       0.760
gp_scenario_15      0.80     0.810       0.770       0.80       0.790
gp_scenario_16      0.78     0.830       0.820       0.82       0.800
gp_scenario_17      0.78     0.790       0.730       0.79       0.760
gp_scenario_18      0.76     0.830       0.810       0.82       0.800
gp_scenario_19      0.79     0.820       0.760       0.81       0.780
gp_scenario_20      0.78     0.800       0.760       0.79       0.800
gp_scenario_21      0.81     0.850       0.820       0.85       0.830
gp_scenario_22      0.72     0.760       0.720       0.75       0.730
gp_scenario_23      0.79     0.820       0.780       0.82       0.820
gp_scenario_24      0.73     0.780       0.750       0.76       0.710
gp_scenario_25      0.80     0.830       0.780       0.82       0.790
gp_scenario_26      0.78     0.820       0.780       0.81       0.830
gp_scenario_27      0.77     0.850       0.810       0.83       0.820
gp_scenario_28      0.74     0.780       0.750       0.78       0.750
gp_scenario_29      0.73     0.760       0.710       0.75       0.750
gp_scenario_30      0.80     0.830       0.750       0.82       0.770
gp_scenario_31      0.73     0.790       0.760       0.79       0.740
gp_scenario_32      0.82     0.860       0.810       0.85       0.850
gp_scenario_33      0.79     0.820       0.790       0.81       0.810
gp_scenario_34      0.82     0.850       0.820       0.84       0.800
gp_scenario_35      0.76     0.790       0.750       0.77       0.770
gp_scenario_36      0.77     0.820       0.810       0.82       0.770
gp_scenario_37      0.78     0.820       0.800       0.81       0.800
gp_scenario_38      0.80     0.800       0.740       0.78       0.770
gp_scenario_39      0.80     0.840       0.820       0.83       0.810
gp_scenario_40      0.79     0.830       0.800       0.82       0.790
gp_scenario_41      0.77     0.790       0.760       0.78       0.750
gp_scenario_42      0.80     0.840       0.800       0.83       0.830
gp_scenario_43      0.81     0.830       0.810       0.83       0.830
gp_scenario_44      0.75     0.790       0.730       0.78       0.740
gp_scenario_45      0.76     0.800       0.780       0.80       0.790
gp_scenario_46      0.76     0.790       0.760       0.79       0.740
gp_scenario_47      0.79     0.790       0.720       0.78       0.740
gp_scenario_48      0.75     0.790       0.750       0.79       0.780
gp_scenario_49      0.79     0.830       0.800       0.82       0.780
gp_scenario_50      0.81     0.830       0.800       0.83       0.800
gp_scenario_51      0.78     0.830       0.800       0.83       0.820
gp_scenario_52      0.80     0.850       0.830       0.84       0.820
gp_scenario_53      0.76     0.810       0.770       0.81       0.760
gp_scenario_54      0.78     0.840       0.790       0.82       0.790
gp_scenario_55      0.74     0.780       0.760       0.78       0.760
gp_scenario_56      0.77     0.810       0.750       0.79       0.780
gp_scenario_57      0.81     0.810       0.750       0.80       0.780
gp_scenario_58      0.77     0.820       0.790       0.81       0.790
gp_scenario_59      0.74     0.780       0.760       0.77       0.760
gp_scenario_60      0.82     0.840       0.800       0.83       0.820
gp_scenario_61      0.79     0.820       0.790       0.81       0.810
gp_scenario_62      0.74     0.790       0.770       0.77       0.730
gp_scenario_63      0.81     0.830       0.790       0.82       0.780
gp_scenario_64      0.80     0.840       0.800       0.84       0.830
gp_scenario_65      0.80     0.830       0.800       0.82       0.800
gp_scenario_66      0.77     0.800       0.780       0.80       0.790
gp_scenario_67      0.76     0.830       0.800       0.82       0.780
gp_scenario_68      0.80     0.840       0.820       0.83       0.810
gp_scenario_69      0.76     0.780       0.740       0.78       0.770
gp_scenario_70      0.79     0.820       0.790       0.82       0.820
gp_scenario_71      0.78     0.810       0.760       0.80       0.800
gp_scenario_72      0.84     0.870       0.840       0.86       0.850
gp_scenario_73      0.73     0.780       0.770       0.78       0.750
gp_scenario_74      0.79     0.820       0.800       0.82       0.790
gp_scenario_75      0.77     0.830       0.790       0.82       0.800
gp_scenario_76      0.78     0.810       0.780       0.81       0.780
gp_scenario_77      0.83     0.830       0.810       0.83       0.800
gp_scenario_78      0.80     0.840       0.820       0.83       0.810
gp_scenario_79      0.73     0.810       0.770       0.80       0.770
gp_scenario_80      0.79     0.800       0.750       0.79       0.740
gp_scenario_81      0.82     0.840       0.830       0.84       0.830
gp_scenario_82      0.79     0.860       0.830       0.85       0.800
gp_scenario_83      0.77     0.810       0.740       0.80       0.740
gp_scenario_84      0.77     0.820       0.800       0.81       0.780
gp_scenario_85      0.78     0.830       0.830       0.82       0.810
gp_scenario_86      0.75     0.800       0.750       0.79       0.760
gp_scenario_87      0.71     0.790       0.770       0.78       0.770
gp_scenario_88      0.81     0.800       0.730       0.80       0.740
gp_scenario_89      0.83     0.860       0.820       0.85       0.840
gp_scenario_90      0.80     0.820       0.790       0.81       0.790
gp_scenario_91      0.81     0.840       0.770       0.83       0.810
gp_scenario_92      0.75     0.750       0.700       0.74       0.760
gp_scenario_93      0.74     0.810       0.790       0.80       0.770
gp_scenario_94      0.80     0.840       0.810       0.83       0.830
gp_scenario_95      0.76     0.790       0.750       0.79       0.770
gp_scenario_96      0.77     0.830       0.800       0.82       0.780
gp_scenario_97      0.77     0.820       0.780       0.82       0.790
gp_scenario_98      0.75     0.770       0.720       0.76       0.760
gp_scenario_99      0.77     0.790       0.730       0.79       0.770
gp_scenario_100     0.82     0.830       0.800       0.83       0.820
pa_median           0.78     0.820       0.780       0.81       0.780
pa_iqr              0.04     0.032       0.042       0.04       0.042
                RF_ls_means SVR_ls_means GBLUP_ls_means RKHS_ls_means
gp_scenario_1          0.68         0.69           0.63          0.68
gp_scenario_2          0.68         0.72           0.64          0.71
gp_scenario_3          0.73         0.74           0.69          0.73
gp_scenario_4          0.66         0.73           0.69          0.71
gp_scenario_5          0.73         0.72           0.66          0.73
gp_scenario_6          0.78         0.78           0.72          0.80
gp_scenario_7          0.72         0.73           0.67          0.72
gp_scenario_8          0.63         0.65           0.59          0.64
gp_scenario_9          0.70         0.75           0.72          0.74
gp_scenario_10         0.65         0.69           0.63          0.68
gp_scenario_11         0.68         0.77           0.74          0.75
gp_scenario_12         0.64         0.68           0.62          0.68
gp_scenario_13         0.74         0.76           0.71          0.76
gp_scenario_14         0.68         0.73           0.67          0.72
gp_scenario_15         0.68         0.67           0.61          0.67
gp_scenario_16         0.66         0.70           0.69          0.70
gp_scenario_17         0.73         0.75           0.67          0.75
gp_scenario_18         0.68         0.75           0.72          0.72
gp_scenario_19         0.71         0.70           0.61          0.71
gp_scenario_20         0.71         0.72           0.66          0.72
gp_scenario_21         0.75         0.79           0.74          0.79
gp_scenario_22         0.61         0.60           0.53          0.59
gp_scenario_23         0.74         0.75           0.70          0.76
gp_scenario_24         0.63         0.68           0.65          0.65
gp_scenario_25         0.70         0.71           0.63          0.72
gp_scenario_26         0.68         0.71           0.66          0.70
gp_scenario_27         0.69         0.78           0.73          0.77
gp_scenario_28         0.65         0.69           0.62          0.69
gp_scenario_29         0.65         0.64           0.57          0.64
gp_scenario_30         0.73         0.75           0.64          0.76
gp_scenario_31         0.64         0.70           0.66          0.70
gp_scenario_32         0.74         0.75           0.68          0.75
gp_scenario_33         0.70         0.74           0.67          0.73
gp_scenario_34         0.73         0.76           0.72          0.75
gp_scenario_35         0.65         0.69           0.64          0.68
gp_scenario_36         0.68         0.72           0.69          0.72
gp_scenario_37         0.64         0.69           0.63          0.69
gp_scenario_38         0.73         0.75           0.70          0.73
gp_scenario_39         0.74         0.78           0.76          0.76
gp_scenario_40         0.67         0.69           0.66          0.69
gp_scenario_41         0.63         0.66           0.64          0.65
gp_scenario_42         0.70         0.74           0.67          0.74
gp_scenario_43         0.76         0.75           0.70          0.75
gp_scenario_44         0.64         0.68           0.63          0.68
gp_scenario_45         0.68         0.73           0.68          0.71
gp_scenario_46         0.65         0.67           0.61          0.68
gp_scenario_47         0.69         0.68           0.57          0.68
gp_scenario_48         0.68         0.72           0.67          0.71
gp_scenario_49         0.72         0.77           0.74          0.74
gp_scenario_50         0.72         0.76           0.72          0.75
gp_scenario_51         0.70         0.74           0.68          0.74
gp_scenario_52         0.76         0.79           0.71          0.78
gp_scenario_53         0.67         0.71           0.67          0.71
gp_scenario_54         0.70         0.75           0.71          0.75
gp_scenario_55         0.64         0.67           0.64          0.66
gp_scenario_56         0.70         0.70           0.62          0.70
gp_scenario_57         0.76         0.77           0.70          0.78
gp_scenario_58         0.68         0.73           0.68          0.73
gp_scenario_59         0.65         0.66           0.62          0.65
gp_scenario_60         0.70         0.71           0.67          0.71
gp_scenario_61         0.71         0.74           0.68          0.74
gp_scenario_62         0.62         0.70           0.68          0.65
gp_scenario_63         0.75         0.74           0.70          0.75
gp_scenario_64         0.69         0.74           0.68          0.74
gp_scenario_65         0.75         0.78           0.73          0.77
gp_scenario_66         0.69         0.69           0.65          0.69
gp_scenario_67         0.65         0.72           0.66          0.70
gp_scenario_68         0.69         0.74           0.71          0.72
gp_scenario_69         0.65         0.67           0.64          0.67
gp_scenario_70         0.77         0.79           0.76          0.79
gp_scenario_71         0.67         0.70           0.65          0.69
gp_scenario_72         0.74         0.76           0.74          0.76
gp_scenario_73         0.61         0.69           0.67          0.67
gp_scenario_74         0.76         0.76           0.71          0.77
gp_scenario_75         0.73         0.77           0.70          0.74
gp_scenario_76         0.67         0.72           0.67          0.71
gp_scenario_77         0.71         0.73           0.69          0.73
gp_scenario_78         0.74         0.75           0.70          0.75
gp_scenario_79         0.61         0.71           0.65          0.70
gp_scenario_80         0.72         0.73           0.67          0.73
gp_scenario_81         0.72         0.75           0.72          0.74
gp_scenario_82         0.76         0.82           0.77          0.81
gp_scenario_83         0.73         0.76           0.67          0.74
gp_scenario_84         0.63         0.69           0.64          0.68
gp_scenario_85         0.68         0.72           0.70          0.71
gp_scenario_86         0.67         0.72           0.66          0.71
gp_scenario_87         0.64         0.71           0.66          0.67
gp_scenario_88         0.73         0.71           0.59          0.73
gp_scenario_89         0.75         0.76           0.70          0.77
gp_scenario_90         0.67         0.70           0.66          0.69
gp_scenario_91         0.72         0.73           0.62          0.73
gp_scenario_92         0.68         0.65           0.58          0.64
gp_scenario_93         0.65         0.72           0.69          0.70
gp_scenario_94         0.75         0.78           0.74          0.77
gp_scenario_95         0.65         0.69           0.63          0.69
gp_scenario_96         0.74         0.75           0.71          0.74
gp_scenario_97         0.66         0.73           0.70          0.73
gp_scenario_98         0.66         0.68           0.62          0.68
gp_scenario_99         0.66         0.67           0.59          0.68
gp_scenario_100        0.75         0.75           0.69          0.75
pa_median              0.69         0.72           0.67          0.72
pa_iqr                 0.07         0.06           0.06          0.06
                LASSO_ls_means RF_blups SVR_blups GBLUP_blups RKHS_blups
gp_scenario_1             0.67    0.086     0.230        0.21      0.240
gp_scenario_2             0.68    0.240     0.370        0.33      0.300
gp_scenario_3             0.72    0.390     0.410        0.36      0.380
gp_scenario_4             0.70    0.290     0.470        0.44      0.310
gp_scenario_5             0.72    0.320     0.350        0.32      0.330
gp_scenario_6             0.76    0.390     0.460        0.40      0.330
gp_scenario_7             0.69    0.290     0.370        0.28      0.360
gp_scenario_8             0.66    0.130     0.250        0.25      0.220
gp_scenario_9             0.71    0.270     0.400        0.44      0.390
gp_scenario_10            0.65    0.390     0.410        0.37      0.370
gp_scenario_11            0.71    0.290     0.420        0.43      0.400
gp_scenario_12            0.64    0.270     0.330        0.30      0.330
gp_scenario_13            0.77    0.310     0.460        0.33      0.390
gp_scenario_14            0.70    0.330     0.450        0.44      0.370
gp_scenario_15            0.68    0.140     0.240        0.25      0.250
gp_scenario_16            0.70    0.200     0.310        0.40      0.310
gp_scenario_17            0.69    0.230     0.340        0.27      0.320
gp_scenario_18            0.68    0.450     0.560        0.52      0.430
gp_scenario_19            0.70    0.390     0.350        0.30      0.360
gp_scenario_20            0.73    0.240     0.310        0.30      0.320
gp_scenario_21            0.74    0.440     0.540        0.47      0.430
gp_scenario_22            0.59    0.180     0.270        0.31      0.250
gp_scenario_23            0.75    0.190     0.330        0.27      0.340
gp_scenario_24            0.60    0.060     0.240        0.27      0.200
gp_scenario_25            0.69    0.290     0.300        0.25      0.320
gp_scenario_26            0.72    0.230     0.360        0.35      0.340
gp_scenario_27            0.75    0.280     0.420        0.40      0.340
gp_scenario_28            0.66    0.310     0.400        0.35      0.390
gp_scenario_29            0.67    0.250     0.300        0.22      0.280
gp_scenario_30            0.71    0.400     0.410        0.29      0.470
gp_scenario_31            0.66    0.360     0.480        0.40      0.350
gp_scenario_32            0.74    0.260     0.320        0.26      0.340
gp_scenario_33            0.75    0.280     0.390        0.36      0.340
gp_scenario_34            0.71    0.360     0.420        0.46      0.370
gp_scenario_35            0.69    0.250     0.340        0.36      0.330
gp_scenario_36            0.65    0.240     0.380        0.39      0.390
gp_scenario_37            0.65    0.270     0.330        0.28      0.330
gp_scenario_38            0.74    0.360     0.390        0.37      0.360
gp_scenario_39            0.75    0.330     0.430        0.54      0.340
gp_scenario_40            0.65    0.220     0.300        0.30      0.280
gp_scenario_41            0.64    0.120     0.190        0.24      0.160
gp_scenario_42            0.75    0.330     0.410        0.34      0.340
gp_scenario_43            0.75    0.160     0.280        0.28      0.280
gp_scenario_44            0.66    0.300     0.390        0.37      0.350
gp_scenario_45            0.70    0.360     0.450        0.44      0.330
gp_scenario_46            0.61    0.180     0.330        0.33      0.330
gp_scenario_47            0.66    0.330     0.330        0.20      0.320
gp_scenario_48            0.70    0.310     0.400        0.40      0.380
gp_scenario_49            0.73    0.370     0.440        0.47      0.390
gp_scenario_50            0.72    0.390     0.400        0.40      0.400
gp_scenario_51            0.73    0.290     0.390        0.38      0.380
gp_scenario_52            0.77    0.330     0.390        0.33      0.380
gp_scenario_53            0.68    0.300     0.410        0.38      0.380
gp_scenario_54            0.73    0.300     0.390        0.42      0.340
gp_scenario_55            0.66    0.260     0.370        0.38      0.380
gp_scenario_56            0.71    0.230     0.280        0.20      0.250
gp_scenario_57            0.78    0.380     0.440        0.36      0.360
gp_scenario_58            0.68    0.360     0.480        0.42      0.400
gp_scenario_59            0.62    0.110     0.230        0.28      0.210
gp_scenario_60            0.66    0.270     0.400        0.39      0.380
gp_scenario_61            0.71    0.370     0.420        0.36      0.340
gp_scenario_62            0.61    0.350     0.490        0.47      0.390
gp_scenario_63            0.70    0.290     0.370        0.39      0.360
gp_scenario_64            0.74    0.180     0.350        0.34      0.340
gp_scenario_65            0.76    0.370     0.430        0.40      0.420
gp_scenario_66            0.67    0.095     0.270        0.34      0.290
gp_scenario_67            0.69    0.360     0.500        0.37      0.370
gp_scenario_68            0.68    0.300     0.400        0.42      0.370
gp_scenario_69            0.68    0.270     0.320        0.35      0.300
gp_scenario_70            0.78    0.370     0.470        0.44      0.390
gp_scenario_71            0.71    0.200     0.300        0.25      0.270
gp_scenario_72            0.75    0.170     0.360        0.43      0.340
gp_scenario_73            0.64    0.340     0.440        0.42      0.400
gp_scenario_74            0.75    0.240     0.410        0.43      0.370
gp_scenario_75            0.73    0.410     0.490        0.40      0.420
gp_scenario_76            0.69    0.390     0.480        0.39      0.390
gp_scenario_77            0.71    0.250     0.330        0.36      0.370
gp_scenario_78            0.74    0.290     0.390        0.38      0.370
gp_scenario_79            0.65    0.240     0.410        0.36      0.350
gp_scenario_80            0.71    0.220     0.330        0.35      0.320
gp_scenario_81            0.72    0.290     0.390        0.39      0.360
gp_scenario_82            0.77    0.420     0.570        0.54      0.460
gp_scenario_83            0.72    0.430     0.490        0.35      0.410
gp_scenario_84            0.67    0.280     0.380        0.39      0.370
gp_scenario_85            0.68    0.240     0.370        0.40      0.330
gp_scenario_86            0.70    0.190     0.320        0.29      0.300
gp_scenario_87            0.66    0.350     0.440        0.43      0.370
gp_scenario_88            0.72    0.240     0.340        0.23      0.330
gp_scenario_89            0.77    0.340     0.400        0.37      0.400
gp_scenario_90            0.67    0.260     0.350        0.31      0.310
gp_scenario_91            0.71    0.310     0.390        0.32      0.360
gp_scenario_92            0.68    0.069     0.120        0.10      0.076
gp_scenario_93            0.65    0.370     0.490        0.47      0.370
gp_scenario_94            0.78    0.440     0.470        0.45      0.410
gp_scenario_95            0.66    0.250     0.340        0.27      0.340
gp_scenario_96            0.71    0.360     0.450        0.40      0.430
gp_scenario_97            0.71    0.320     0.420        0.44      0.420
gp_scenario_98            0.67    0.270     0.330        0.29      0.360
gp_scenario_99            0.62    0.230     0.280        0.27      0.300
gp_scenario_100           0.73    0.260     0.330        0.32      0.290
pa_median                 0.70    0.290     0.390        0.36      0.350
pa_iqr                    0.06    0.120     0.092        0.10      0.060
                LASSO_blups
gp_scenario_1        0.1400
gp_scenario_2        0.2000
gp_scenario_3        0.3300
gp_scenario_4        0.1600
gp_scenario_5        0.2000
gp_scenario_6        0.3000
gp_scenario_7        0.1400
gp_scenario_8        0.2000
gp_scenario_9        0.2000
gp_scenario_10       0.2800
gp_scenario_11       0.2300
gp_scenario_12       0.2300
gp_scenario_13       0.2600
gp_scenario_14       0.1700
gp_scenario_15       0.2300
gp_scenario_16       0.2700
gp_scenario_17       0.1900
gp_scenario_18       0.3700
gp_scenario_19       0.2400
gp_scenario_20       0.2600
gp_scenario_21           NA
gp_scenario_22       0.1600
gp_scenario_23       0.2200
gp_scenario_24       0.0180
gp_scenario_25       0.2300
gp_scenario_26       0.2700
gp_scenario_27       0.2100
gp_scenario_28       0.2000
gp_scenario_29       0.2000
gp_scenario_30       0.2800
gp_scenario_31       0.2900
gp_scenario_32       0.1600
gp_scenario_33       0.1700
gp_scenario_34       0.2900
gp_scenario_35       0.2600
gp_scenario_36       0.0790
gp_scenario_37       0.1800
gp_scenario_38       0.2900
gp_scenario_39       0.2800
gp_scenario_40       0.0930
gp_scenario_41       0.0590
gp_scenario_42       0.2900
gp_scenario_43       0.2400
gp_scenario_44       0.2300
gp_scenario_45       0.2500
gp_scenario_46       0.1100
gp_scenario_47       0.2800
gp_scenario_48       0.2700
gp_scenario_49       0.2800
gp_scenario_50       0.2000
gp_scenario_51       0.2300
gp_scenario_52       0.1700
gp_scenario_53       0.2600
gp_scenario_54       0.1700
gp_scenario_55       0.2600
gp_scenario_56       0.2000
gp_scenario_57       0.1400
gp_scenario_58       0.2400
gp_scenario_59      -0.0290
gp_scenario_60       0.1700
gp_scenario_61       0.2900
gp_scenario_62       0.1500
gp_scenario_63       0.2600
gp_scenario_64       0.0820
gp_scenario_65       0.2900
gp_scenario_66       0.2500
gp_scenario_67       0.2700
gp_scenario_68       0.2200
gp_scenario_69       0.2400
gp_scenario_70       0.3300
gp_scenario_71       0.1400
gp_scenario_72       0.2300
gp_scenario_73       0.2900
gp_scenario_74       0.2500
gp_scenario_75       0.1800
gp_scenario_76       0.0230
gp_scenario_77       0.2500
gp_scenario_78       0.2000
gp_scenario_79       0.2600
gp_scenario_80       0.0026
gp_scenario_81       0.2000
gp_scenario_82       0.3700
gp_scenario_83       0.2700
gp_scenario_84       0.2300
gp_scenario_85       0.2100
gp_scenario_86       0.1500
gp_scenario_87       0.2400
gp_scenario_88       0.2900
gp_scenario_89       0.3400
gp_scenario_90       0.3100
gp_scenario_91       0.2800
gp_scenario_92       0.0330
gp_scenario_93       0.2900
gp_scenario_94       0.3300
gp_scenario_95       0.2400
gp_scenario_96       0.1700
gp_scenario_97       0.2300
gp_scenario_98       0.2200
gp_scenario_99       0.1500
gp_scenario_100      0.1600
pa_median            0.2300
pa_iqr               0.1000
                GBLUP_wiser GBLUP_ls_means GBLUP_blups
gp_scenario_1          0.82           0.71        0.58
gp_scenario_2          0.75           0.65        0.48
gp_scenario_3          0.78           0.63        0.44
gp_scenario_4          0.74           0.61        0.38
gp_scenario_5          0.76           0.65        0.47
gp_scenario_6          0.79           0.65        0.44
gp_scenario_7          0.76           0.66        0.49
gp_scenario_8          0.80           0.69        0.54
gp_scenario_9          0.72           0.60        0.40
gp_scenario_10         0.75           0.63        0.45
gp_scenario_11         0.72           0.60        0.41
gp_scenario_12         0.77           0.67        0.52
gp_scenario_13         0.78           0.67        0.47
gp_scenario_14         0.76           0.61        0.39
gp_scenario_15         0.80           0.70        0.57
gp_scenario_16         0.75           0.64        0.47
gp_scenario_17         0.78           0.64        0.47
gp_scenario_18         0.75           0.60        0.34
gp_scenario_19         0.77           0.68        0.52
gp_scenario_20         0.79           0.68        0.51
gp_scenario_21         0.74           0.60        0.33
gp_scenario_22         0.77           0.69        0.54
gp_scenario_23         0.76           0.63        0.46
gp_scenario_24         0.78           0.66        0.51
gp_scenario_25         0.79           0.68        0.52
gp_scenario_26         0.78           0.65        0.48
gp_scenario_27         0.73           0.61        0.42
gp_scenario_28         0.79           0.67        0.48
gp_scenario_29         0.79           0.68        0.52
gp_scenario_30         0.79           0.68        0.50
gp_scenario_31         0.78           0.64        0.39
gp_scenario_32         0.76           0.69        0.56
gp_scenario_33         0.76           0.62        0.44
gp_scenario_34         0.76           0.63        0.44
gp_scenario_35         0.76           0.65        0.49
gp_scenario_36         0.76           0.64        0.45
gp_scenario_37         0.77           0.69        0.52
gp_scenario_38         0.79           0.62        0.45
gp_scenario_39         0.73           0.61        0.43
gp_scenario_40         0.76           0.67        0.52
gp_scenario_41         0.80           0.70        0.57
gp_scenario_42         0.78           0.66        0.48
gp_scenario_43         0.76           0.67        0.53
gp_scenario_44         0.76           0.63        0.44
gp_scenario_45         0.74           0.62        0.38
gp_scenario_46         0.79           0.68        0.49
gp_scenario_47         0.79           0.68        0.53
gp_scenario_48         0.77           0.65        0.48
gp_scenario_49         0.73           0.60        0.41
gp_scenario_50         0.77           0.64        0.47
gp_scenario_51         0.75           0.65        0.49
gp_scenario_52         0.74           0.65        0.49
gp_scenario_53         0.78           0.65        0.46
gp_scenario_54         0.75           0.62        0.45
gp_scenario_55         0.81           0.67        0.46
gp_scenario_56         0.81           0.71        0.58
gp_scenario_57         0.76           0.62        0.43
gp_scenario_58         0.75           0.62        0.38
gp_scenario_59         0.78           0.68        0.53
gp_scenario_60         0.76           0.62        0.44
gp_scenario_61         0.78           0.64        0.46
gp_scenario_62         0.72           0.60        0.38
gp_scenario_63         0.80           0.71        0.58
gp_scenario_64         0.75           0.63        0.44
gp_scenario_65         0.77           0.63        0.46
gp_scenario_66         0.82           0.71        0.55
gp_scenario_67         0.71           0.63        0.42
gp_scenario_68         0.74           0.64        0.47
gp_scenario_69         0.76           0.63        0.46
gp_scenario_70         0.78           0.63        0.43
gp_scenario_71         0.76           0.66        0.50
gp_scenario_72         0.76           0.63        0.48
gp_scenario_73         0.78           0.65        0.44
gp_scenario_74         0.74           0.64        0.45
gp_scenario_75         0.76           0.63        0.44
gp_scenario_76         0.72           0.59        0.31
gp_scenario_77         0.80           0.69        0.54
gp_scenario_78         0.75           0.65        0.50
gp_scenario_79         0.73           0.63        0.45
gp_scenario_80         0.81           0.66        0.50
gp_scenario_81         0.75           0.64        0.46
gp_scenario_82         0.72           0.58        0.35
gp_scenario_83         0.77           0.62        0.41
gp_scenario_84         0.76           0.68        0.51
gp_scenario_85         0.76           0.66        0.50
gp_scenario_86         0.82           0.68        0.52
gp_scenario_87         0.76           0.66        0.42
gp_scenario_88         0.77           0.65        0.50
gp_scenario_89         0.75           0.62        0.43
gp_scenario_90         0.74           0.64        0.49
gp_scenario_91         0.76           0.64        0.44
gp_scenario_92         0.80           0.69        0.59
gp_scenario_93         0.74           0.61        0.38
gp_scenario_94         0.74           0.61        0.42
gp_scenario_95         0.79           0.69        0.51
gp_scenario_96         0.75           0.62        0.43
gp_scenario_97         0.76           0.64        0.44
gp_scenario_98         0.78           0.67        0.49
gp_scenario_99         0.79           0.67        0.51
gp_scenario_100        0.79           0.67        0.52
h2_median              0.76           0.65        0.47
h2_iqr                 0.03           0.04        0.07
