[1] "using refpop_env"
Le chargement a nécessité le package : Matrix

Attachement du package : ‘tidyr’

Les objets suivants sont masqués depuis ‘package:Matrix’:

    expand, pack, unpack

Le chargement a nécessité le package : foreach
Le chargement a nécessité le package : iterators
Le chargement a nécessité le package : parallel
Le chargement a nécessité le package : rngtools
This build of rgl does not include OpenGL functions.  Use
 rglwidget() to display results, e.g. via options(rgl.printRglwidget = TRUE).
Le chargement a nécessité le package : Rcpp
Le chargement a nécessité le package : RcppZiggurat
Le chargement a nécessité le package : RcppParallel

Attachement du package : ‘RcppParallel’

L'objet suivant est masqué depuis ‘package:Rcpp’:

    LdFlags


Rfast: 2.1.0
 ___ __ __ __ __    __ __ __ __ __ _             _               __ __ __ __ __     __ __ __ __ __ __   
|  __ __ __ __  |  |  __ __ __ __ _/            / \             |  __ __ __ __ /   /__ __ _   _ __ __\  
| |           | |  | |                         / _ \            | |                        / /          
| |           | |  | |                        / / \ \           | |                       / /          
| |           | |  | |                       / /   \ \          | |                      / /          
| |__ __ __ __| |  | |__ __ __ __           / /     \ \         | |__ __ __ __ _        / /__/\          
|    __ __ __ __|  |  __ __ __ __|         / /__ _ __\ \        |_ __ __ __ _   |      / ___  /           
|   \              | |                    / _ _ _ _ _ _ \                     | |      \/  / /       
| |\ \             | |                   / /           \ \                    | |         / /          
| | \ \            | |                  / /             \ \                   | |        / /          
| |  \ \           | |                 / /               \ \                  | |       / /          
| |   \ \__ __ _   | |                / /                 \ \     _ __ __ __ _| |      / /          
|_|    \__ __ __\  |_|               /_/                   \_\   /_ __ __ __ ___|      \/             team

Attachement du package : ‘Rfast’

Les objets suivants sont masqués depuis ‘package:robustbase’:

    colMedians, rowMedians

L'objet suivant est masqué depuis ‘package:data.table’:

    transpose

Le chargement a nécessité le package : lattice

Attachement du package : ‘plotly’

L'objet suivant est masqué depuis ‘package:ggplot2’:

    last_plot

L'objet suivant est masqué depuis ‘package:MASS’:

    select

L'objet suivant est masqué depuis ‘package:stats’:

    filter

L'objet suivant est masqué depuis ‘package:graphics’:

    layout


Attachement du package : ‘dplyr’

L'objet suivant est masqué depuis ‘package:Rfast’:

    nth

Les objets suivants sont masqués depuis ‘package:data.table’:

    between, first, last

L'objet suivant est masqué depuis ‘package:MASS’:

    select

Les objets suivants sont masqués depuis ‘package:stats’:

    filter, lag

Les objets suivants sont masqués depuis ‘package:base’:

    intersect, setdiff, setequal, union


Attachement du package : ‘kernlab’

L'objet suivant est masqué depuis ‘package:ggplot2’:

    alpha

Le chargement a nécessité le package : corpcor

Attachement du package : ‘corpcor’

L'objet suivant est masqué depuis ‘package:matrixcalc’:

    is.positive.definite

Loaded glmnet 4.1-8

Loaded mixOmics 6.25.1
Thank you for using mixOmics!
Tutorials: http://mixomics.org
Bookdown vignette: https://mixomicsteam.github.io/Bookdown
Questions, issues: Follow the prompts at http://mixomics.org/contact-us
Cite us:  citation('mixOmics')

[1] "kernel: linear"
[1] "trait: Color_over"
                RF_wiser SVR_wiser GBLUP_wiser RKHS_wiser LASSO_wiser
gp_scenario_1       0.90      0.76        0.77       0.78        0.88
gp_scenario_2       0.91      0.81        0.82       0.83        0.87
gp_scenario_3       0.89      0.83        0.82       0.83        0.87
gp_scenario_4       0.88      0.73        0.73       0.75        0.82
gp_scenario_5       0.85      0.76        0.71       0.74        0.77
gp_scenario_6       0.91      0.83        0.82       0.84        0.87
gp_scenario_7       0.88      0.75        0.69       0.73        0.86
gp_scenario_8       0.87      0.81        0.82       0.82        0.85
gp_scenario_9       0.88      0.79        0.77       0.79        0.83
gp_scenario_10      0.86      0.75        0.73       0.75        0.81
gp_scenario_11      0.91      0.79        0.78       0.79        0.86
gp_scenario_12      0.87      0.77        0.75       0.78        0.83
gp_scenario_13      0.88      0.76        0.75       0.77        0.85
gp_scenario_14      0.89      0.80        0.78       0.80        0.87
gp_scenario_15      0.87      0.79        0.79       0.80        0.82
gp_scenario_16      0.88      0.80        0.78       0.80        0.84
gp_scenario_17      0.89      0.78        0.76       0.78        0.86
gp_scenario_18      0.88      0.81        0.77       0.80        0.87
gp_scenario_19      0.86      0.75        0.77       0.78        0.83
gp_scenario_20      0.90      0.82        0.82       0.83        0.85
gp_scenario_21      0.90      0.79        0.76       0.79        0.87
gp_scenario_22      0.78      0.73        0.69       0.72        0.75
gp_scenario_23      0.89      0.81        0.79       0.81        0.85
gp_scenario_24      0.88      0.82        0.80       0.82        0.87
gp_scenario_25      0.91      0.79        0.79       0.80        0.87
gp_scenario_26      0.85      0.84        0.82       0.84        0.86
gp_scenario_27      0.90      0.80        0.77       0.80        0.88
gp_scenario_28      0.84      0.79        0.79       0.80        0.85
gp_scenario_29      0.90      0.78        0.79       0.79        0.83
gp_scenario_30      0.90      0.77        0.75       0.77        0.83
gp_scenario_31      0.83      0.74        0.74       0.76        0.80
gp_scenario_32      0.91      0.82        0.80       0.82        0.89
gp_scenario_33      0.88      0.82        0.80       0.83        0.85
gp_scenario_34      0.89      0.80        0.78       0.79        0.84
gp_scenario_35      0.89      0.79        0.77       0.80        0.85
gp_scenario_36      0.86      0.79        0.79       0.80        0.86
gp_scenario_37      0.90      0.76        0.74       0.76        0.81
gp_scenario_38      0.83      0.79        0.78       0.80        0.85
gp_scenario_39      0.91      0.81        0.82       0.82        0.86
gp_scenario_40      0.88      0.81        0.80       0.82        0.82
gp_scenario_41      0.83      0.79        0.78       0.79        0.78
gp_scenario_42      0.91      0.81        0.80       0.81        0.85
gp_scenario_43      0.90      0.79        0.78       0.80        0.84
gp_scenario_44      0.84      0.76        0.74       0.77        0.82
gp_scenario_45      0.91      0.80        0.77       0.80        0.89
gp_scenario_46      0.88      0.79        0.76       0.79        0.82
gp_scenario_47      0.85      0.79        0.77       0.78        0.83
gp_scenario_48      0.88      0.80        0.80       0.82        0.88
gp_scenario_49      0.88      0.78        0.77       0.78        0.81
gp_scenario_50      0.89      0.78        0.78       0.79        0.83
gp_scenario_51      0.88      0.74        0.71       0.74        0.82
gp_scenario_52      0.91      0.84        0.81       0.84        0.88
gp_scenario_53      0.86      0.81        0.79       0.80        0.87
gp_scenario_54      0.86      0.73        0.72       0.73        0.83
gp_scenario_55      0.89      0.76        0.75       0.76        0.85
gp_scenario_56      0.89      0.75        0.73       0.75        0.82
gp_scenario_57      0.88      0.79        0.78       0.80        0.85
gp_scenario_58      0.90      0.81        0.80       0.82        0.86
gp_scenario_59      0.88      0.80        0.79       0.81        0.85
gp_scenario_60      0.87      0.77        0.75       0.77        0.84
gp_scenario_61      0.87      0.75        0.75       0.76        0.83
gp_scenario_62      0.89      0.81        0.82       0.82        0.87
gp_scenario_63      0.89      0.81        0.80       0.82        0.89
gp_scenario_64      0.91      0.84        0.81       0.84        0.86
gp_scenario_65      0.84      0.70        0.72       0.74        0.82
gp_scenario_66      0.89      0.78        0.74       0.77        0.87
gp_scenario_67      0.87      0.78        0.78       0.79        0.81
gp_scenario_68      0.88      0.78        0.80       0.80        0.83
gp_scenario_69      0.88      0.79        0.77       0.79        0.82
gp_scenario_70      0.89      0.76        0.74       0.76        0.86
gp_scenario_71      0.88      0.83        0.79       0.82        0.86
gp_scenario_72      0.91      0.77        0.75       0.77        0.81
gp_scenario_73      0.89      0.75        0.75       0.75        0.85
gp_scenario_74      0.84      0.77        0.76       0.77        0.83
gp_scenario_75      0.90      0.79        0.79       0.80        0.87
gp_scenario_76      0.86      0.76        0.76       0.78        0.85
gp_scenario_77      0.88      0.78        0.79       0.79        0.85
gp_scenario_78      0.88      0.74        0.74       0.76        0.83
gp_scenario_79      0.85      0.77        0.78       0.78        0.79
gp_scenario_80      0.90      0.85        0.84       0.86        0.88
gp_scenario_81      0.90      0.81        0.78       0.80        0.85
gp_scenario_82      0.88      0.76        0.79       0.78        0.86
gp_scenario_83      0.89      0.80        0.80       0.81        0.84
gp_scenario_84      0.87      0.77        0.75       0.76        0.80
gp_scenario_85      0.86      0.79        0.80       0.82        0.86
gp_scenario_86      0.85      0.83        0.82       0.84        0.84
gp_scenario_87      0.87      0.76        0.74       0.77        0.81
gp_scenario_88      0.91      0.76        0.77       0.77        0.84
gp_scenario_89      0.88      0.82        0.81       0.82        0.86
gp_scenario_90      0.91      0.79        0.80       0.80        0.88
gp_scenario_91      0.85      0.79        0.80       0.80        0.83
gp_scenario_92      0.91      0.83        0.82       0.84        0.88
gp_scenario_93      0.89      0.77        0.75       0.77        0.83
gp_scenario_94      0.85      0.80        0.78       0.80        0.84
gp_scenario_95      0.93      0.80        0.80       0.81        0.89
gp_scenario_96      0.87      0.77        0.74       0.75        0.83
gp_scenario_97      0.88      0.77        0.75       0.77        0.83
gp_scenario_98      0.89      0.77        0.77       0.78        0.84
gp_scenario_99      0.90      0.78        0.74       0.78        0.85
gp_scenario_100     0.87      0.79        0.77       0.79        0.86
pa_median           0.88      0.79        0.78       0.79        0.85
pa_iqr              0.03      0.04        0.05       0.04        0.03
                RF_ls_means SVR_ls_means GBLUP_ls_means RKHS_ls_means
gp_scenario_1         0.890         0.72           0.72          0.75
gp_scenario_2         0.920         0.78           0.77          0.79
gp_scenario_3         0.860         0.78           0.75          0.77
gp_scenario_4         0.860         0.67           0.64          0.67
gp_scenario_5         0.820         0.67           0.60          0.66
gp_scenario_6         0.900         0.78           0.76          0.80
gp_scenario_7         0.850         0.68           0.61          0.67
gp_scenario_8         0.880         0.77           0.77          0.77
gp_scenario_9         0.850         0.72           0.69          0.72
gp_scenario_10        0.830         0.69           0.64          0.68
gp_scenario_11        0.910         0.72           0.70          0.72
gp_scenario_12        0.840         0.69           0.66          0.71
gp_scenario_13        0.880         0.71           0.67          0.72
gp_scenario_14        0.870         0.75           0.71          0.76
gp_scenario_15        0.820         0.72           0.71          0.73
gp_scenario_16        0.860         0.75           0.71          0.75
gp_scenario_17        0.870         0.72           0.68          0.73
gp_scenario_18        0.880         0.77           0.72          0.77
gp_scenario_19        0.840         0.68           0.68          0.71
gp_scenario_20        0.880         0.75           0.75          0.76
gp_scenario_21        0.880         0.76           0.71          0.76
gp_scenario_22        0.750         0.66           0.61          0.65
gp_scenario_23        0.860         0.72           0.68          0.72
gp_scenario_24        0.880         0.75           0.71          0.76
gp_scenario_25        0.900         0.74           0.72          0.75
gp_scenario_26        0.830         0.78           0.76          0.78
gp_scenario_27        0.890         0.74           0.68          0.74
gp_scenario_28        0.820         0.73           0.72          0.75
gp_scenario_29        0.900         0.73           0.73          0.74
gp_scenario_30        0.870         0.70           0.68          0.70
gp_scenario_31        0.820         0.71           0.69          0.73
gp_scenario_32        0.910         0.79           0.74          0.78
gp_scenario_33        0.830         0.73           0.70          0.74
gp_scenario_34        0.870         0.73           0.71          0.74
gp_scenario_35        0.870         0.74           0.69          0.74
gp_scenario_36        0.850         0.76           0.75          0.77
gp_scenario_37        0.890         0.71           0.68          0.72
gp_scenario_38        0.780         0.70           0.68          0.71
gp_scenario_39        0.900         0.77           0.75          0.77
gp_scenario_40        0.860         0.74           0.73          0.75
gp_scenario_41        0.780         0.72           0.69          0.72
gp_scenario_42        0.900         0.74           0.72          0.75
gp_scenario_43        0.860         0.72           0.70          0.72
gp_scenario_44        0.840         0.74           0.69          0.75
gp_scenario_45        0.890         0.76           0.70          0.75
gp_scenario_46        0.870         0.73           0.70          0.75
gp_scenario_47        0.850         0.73           0.70          0.73
gp_scenario_48        0.850         0.75           0.72          0.76
gp_scenario_49        0.860         0.73           0.71          0.73
gp_scenario_50        0.860         0.70           0.68          0.70
gp_scenario_51        0.860         0.67           0.62          0.67
gp_scenario_52        0.900         0.80           0.76          0.81
gp_scenario_53        0.830         0.74           0.71          0.74
gp_scenario_54        0.830         0.67           0.66          0.67
gp_scenario_55        0.890         0.68           0.64          0.68
gp_scenario_56        0.880         0.70           0.66          0.70
gp_scenario_57        0.870         0.74           0.73          0.76
gp_scenario_58        0.860         0.74           0.72          0.76
gp_scenario_59        0.850         0.75           0.72          0.76
gp_scenario_60        0.830         0.68           0.66          0.69
gp_scenario_61        0.860         0.68           0.65          0.68
gp_scenario_62        0.870         0.76           0.76          0.77
gp_scenario_63        0.880         0.75           0.73          0.76
gp_scenario_64        0.890         0.80           0.76          0.80
gp_scenario_65        0.820         0.64           0.64          0.68
gp_scenario_66        0.870         0.72           0.66          0.71
gp_scenario_67        0.860         0.74           0.72          0.75
gp_scenario_68        0.860         0.73           0.72          0.74
gp_scenario_69        0.860         0.72           0.69          0.72
gp_scenario_70        0.880         0.69           0.65          0.69
gp_scenario_71        0.870         0.78           0.73          0.78
gp_scenario_72        0.880         0.68           0.66          0.68
gp_scenario_73        0.880         0.70           0.69          0.70
gp_scenario_74        0.810         0.71           0.69          0.72
gp_scenario_75        0.880         0.74           0.71          0.74
gp_scenario_76        0.860         0.70           0.68          0.72
gp_scenario_77        0.870         0.70           0.70          0.71
gp_scenario_78        0.870         0.68           0.66          0.69
gp_scenario_79        0.820         0.72           0.72          0.73
gp_scenario_80        0.860         0.81           0.78          0.82
gp_scenario_81        0.880         0.76           0.70          0.75
gp_scenario_82        0.880         0.73           0.76          0.75
gp_scenario_83        0.860         0.74           0.74          0.75
gp_scenario_84        0.830         0.67           0.63          0.66
gp_scenario_85        0.830         0.74           0.72          0.75
gp_scenario_86        0.830         0.78           0.75          0.78
gp_scenario_87        0.840         0.68           0.63          0.68
gp_scenario_88        0.880         0.70           0.69          0.70
gp_scenario_89        0.870         0.77           0.75          0.77
gp_scenario_90        0.880         0.73           0.72          0.74
gp_scenario_91        0.820         0.73           0.73          0.73
gp_scenario_92        0.910         0.79           0.75          0.80
gp_scenario_93        0.850         0.69           0.63          0.68
gp_scenario_94        0.840         0.76           0.74          0.76
gp_scenario_95        0.910         0.77           0.75          0.78
gp_scenario_96        0.860         0.70           0.66          0.68
gp_scenario_97        0.850         0.70           0.66          0.70
gp_scenario_98        0.870         0.70           0.70          0.71
gp_scenario_99        0.880         0.73           0.65          0.72
gp_scenario_100       0.860         0.74           0.70          0.75
pa_median             0.860         0.73           0.70          0.74
pa_iqr                0.033         0.05           0.05          0.05
                LASSO_ls_means RF_blups SVR_blups GBLUP_blups RKHS_blups
gp_scenario_1             0.86     0.84      0.58       0.600      0.610
gp_scenario_2             0.87     0.85      0.64       0.610      0.650
gp_scenario_3             0.84     0.76      0.63       0.600      0.620
gp_scenario_4             0.76     0.76      0.50       0.490      0.520
gp_scenario_5             0.73     0.74      0.55       0.450      0.540
gp_scenario_6             0.83     0.84      0.62       0.590      0.650
gp_scenario_7             0.83     0.79      0.52       0.460      0.510
gp_scenario_8             0.83     0.82      0.66       0.680      0.680
gp_scenario_9             0.75     0.76      0.59       0.540      0.590
gp_scenario_10            0.77     0.72      0.50       0.460      0.510
gp_scenario_11            0.83     0.81      0.45       0.450      0.450
gp_scenario_12            0.78     0.76      0.56       0.510      0.560
gp_scenario_13            0.82     0.83      0.66       0.570      0.660
gp_scenario_14            0.84     0.78      0.61       0.560      0.620
gp_scenario_15            0.77     0.77      0.63       0.620      0.640
gp_scenario_16            0.81     0.76      0.56       0.500      0.550
gp_scenario_17            0.82     0.80      0.53       0.500      0.560
gp_scenario_18            0.85     0.83      0.69       0.620      0.690
gp_scenario_19            0.76     0.78      0.58       0.570      0.620
gp_scenario_20            0.82     0.80      0.57       0.600      0.580
gp_scenario_21            0.83     0.81      0.61       0.540      0.600
gp_scenario_22            0.67     0.66      0.49       0.450      0.500
gp_scenario_23            0.80     0.76      0.53       0.510      0.530
gp_scenario_24            0.85     0.80      0.57       0.520      0.590
gp_scenario_25            0.82     0.85      0.66       0.600      0.660
gp_scenario_26            0.80     0.75      0.68       0.660      0.670
gp_scenario_27            0.83     0.83      0.60       0.510      0.600
gp_scenario_28            0.81     0.70      0.57       0.570      0.600
gp_scenario_29            0.80     0.80      0.57       0.590      0.600
gp_scenario_30            0.78     0.80      0.52       0.480      0.520
gp_scenario_31            0.79     0.76      0.65       0.620      0.670
gp_scenario_32            0.88     0.84      0.68       0.620      0.660
gp_scenario_33            0.77     0.75      0.59       0.570      0.620
gp_scenario_34            0.81     0.75      0.47       0.440      0.490
gp_scenario_35            0.83     0.81      0.63       0.570      0.630
gp_scenario_36            0.83     0.78      0.64       0.630      0.640
gp_scenario_37            0.78     0.82      0.52       0.490      0.530
gp_scenario_38            0.78     0.67      0.54       0.540      0.560
gp_scenario_39            0.85     0.84      0.62       0.600      0.630
gp_scenario_40            0.76     0.81      0.67       0.630      0.680
gp_scenario_41            0.70     0.69      0.58       0.530      0.600
gp_scenario_42            0.84     0.86      0.62       0.570      0.610
gp_scenario_43            0.80     0.77      0.53       0.520      0.540
gp_scenario_44            0.81     0.74      0.62       0.570      0.650
gp_scenario_45            0.87     0.84      0.60       0.560      0.600
gp_scenario_46            0.80     0.81      0.62       0.560      0.650
gp_scenario_47            0.80     0.78      0.61       0.580      0.600
gp_scenario_48            0.85     0.79      0.64       0.590      0.650
gp_scenario_49            0.80     0.73      0.54       0.530      0.550
gp_scenario_50            0.78     0.78      0.46       0.480      0.490
gp_scenario_51            0.77     0.79      0.53       0.460      0.530
gp_scenario_52            0.86     0.82      0.61       0.580      0.620
gp_scenario_53            0.82     0.72      0.58       0.570      0.580
gp_scenario_54            0.78     0.76      0.46       0.460      0.480
gp_scenario_55            0.82     0.84      0.60       0.550      0.600
gp_scenario_56            0.79     0.80      0.55       0.490      0.540
gp_scenario_57            0.82     0.79      0.61       0.580      0.630
gp_scenario_58            0.81     0.78      0.56       0.560      0.610
gp_scenario_59            0.83     0.76      0.59       0.540      0.600
gp_scenario_60            0.77     0.76      0.57       0.550      0.580
gp_scenario_61            0.78     0.79      0.56       0.530      0.570
gp_scenario_62            0.86     0.82      0.62       0.620      0.640
gp_scenario_63            0.84     0.82      0.63       0.610      0.640
gp_scenario_64            0.82     0.81      0.64       0.570      0.630
gp_scenario_65            0.79     0.73      0.46       0.490      0.520
gp_scenario_66            0.85     0.81      0.53       0.440      0.530
gp_scenario_67            0.77     0.76      0.57       0.580      0.590
gp_scenario_68            0.79     0.79      0.63       0.600      0.660
gp_scenario_69            0.78     0.78      0.59       0.540      0.580
gp_scenario_70            0.82     0.82      0.49       0.460      0.480
gp_scenario_71            0.84     0.79      0.66       0.580      0.650
gp_scenario_72            0.73     0.82      0.54       0.520      0.550
gp_scenario_73            0.84     0.81      0.57       0.570      0.590
gp_scenario_74            0.76     0.69      0.54       0.530      0.540
gp_scenario_75            0.85     0.82      0.55       0.520      0.570
gp_scenario_76            0.84     0.80      0.65       0.610      0.650
gp_scenario_77            0.79     0.78      0.49       0.540      0.520
gp_scenario_78            0.80     0.81      0.58       0.550      0.610
gp_scenario_79            0.74     0.74      0.56       0.590      0.580
gp_scenario_80            0.84     0.75      0.60       0.560      0.620
gp_scenario_81            0.81     0.83      0.62       0.530      0.620
gp_scenario_82            0.86     0.83      0.60       0.640      0.620
gp_scenario_83            0.78     0.78      0.61       0.620      0.630
gp_scenario_84            0.72     0.73      0.43       0.430      0.440
gp_scenario_85            0.81     0.75      0.62       0.590      0.650
gp_scenario_86            0.80     0.72      0.66       0.630      0.660
gp_scenario_87            0.77     0.77      0.52       0.460      0.530
gp_scenario_88            0.82     0.80      0.49       0.490      0.490
gp_scenario_89            0.83     0.84      0.69       0.660      0.680
gp_scenario_90            0.83     0.81      0.60       0.580      0.600
gp_scenario_91            0.77     0.76      0.61       0.610      0.620
gp_scenario_92            0.86     0.86      0.65       0.600      0.670
gp_scenario_93            0.78     0.76      0.54       0.470      0.530
gp_scenario_94            0.79     0.74      0.62       0.620      0.630
gp_scenario_95            0.87     0.85      0.63       0.610      0.650
gp_scenario_96            0.79     0.79      0.53       0.490      0.510
gp_scenario_97            0.78     0.74      0.50       0.480      0.500
gp_scenario_98            0.80     0.79      0.54       0.530      0.550
gp_scenario_99            0.83     0.84      0.59       0.490      0.590
gp_scenario_100           0.83     0.77      0.62       0.550      0.620
pa_median                 0.81     0.79      0.59       0.560      0.600
pa_iqr                    0.05     0.06      0.08       0.092      0.093
                LASSO_blups
gp_scenario_1          0.79
gp_scenario_2          0.79
gp_scenario_3          0.73
gp_scenario_4          0.61
gp_scenario_5          0.63
gp_scenario_6          0.72
gp_scenario_7          0.72
gp_scenario_8          0.76
gp_scenario_9          0.67
gp_scenario_10         0.62
gp_scenario_11         0.68
gp_scenario_12         0.73
gp_scenario_13         0.76
gp_scenario_14         0.74
gp_scenario_15         0.73
gp_scenario_16         0.70
gp_scenario_17         0.73
gp_scenario_18         0.79
gp_scenario_19         0.72
gp_scenario_20         0.69
gp_scenario_21         0.76
gp_scenario_22         0.55
gp_scenario_23         0.68
gp_scenario_24         0.74
gp_scenario_25         0.75
gp_scenario_26         0.76
gp_scenario_27         0.76
gp_scenario_28         0.67
gp_scenario_29         0.69
gp_scenario_30         0.63
gp_scenario_31         0.72
gp_scenario_32         0.80
gp_scenario_33         0.70
gp_scenario_34         0.68
gp_scenario_35         0.72
gp_scenario_36         0.74
gp_scenario_37         0.66
gp_scenario_38         0.68
gp_scenario_39         0.74
gp_scenario_40         0.69
gp_scenario_41         0.57
gp_scenario_42         0.70
gp_scenario_43         0.67
gp_scenario_44         0.72
gp_scenario_45         0.79
gp_scenario_46         0.71
gp_scenario_47         0.71
gp_scenario_48         0.79
gp_scenario_49         0.67
gp_scenario_50         0.67
gp_scenario_51         0.67
gp_scenario_52         0.76
gp_scenario_53         0.72
gp_scenario_54         0.65
gp_scenario_55         0.77
gp_scenario_56         0.67
gp_scenario_57         0.75
gp_scenario_58         0.68
gp_scenario_59         0.71
gp_scenario_60         0.76
gp_scenario_61         0.70
gp_scenario_62         0.76
gp_scenario_63         0.79
gp_scenario_64         0.71
gp_scenario_65         0.73
gp_scenario_66         0.75
gp_scenario_67         0.66
gp_scenario_68         0.71
gp_scenario_69         0.69
gp_scenario_70         0.70
gp_scenario_71         0.75
gp_scenario_72         0.63
gp_scenario_73         0.78
gp_scenario_74         0.60
gp_scenario_75         0.74
gp_scenario_76         0.76
gp_scenario_77         0.66
gp_scenario_78         0.75
gp_scenario_79         0.64
gp_scenario_80         0.69
gp_scenario_81         0.75
gp_scenario_82         0.75
gp_scenario_83         0.69
gp_scenario_84         0.62
gp_scenario_85         0.73
gp_scenario_86         0.73
gp_scenario_87         0.72
gp_scenario_88         0.67
gp_scenario_89         0.79
gp_scenario_90         0.76
gp_scenario_91         0.73
gp_scenario_92         0.77
gp_scenario_93         0.66
gp_scenario_94         0.67
gp_scenario_95         0.78
gp_scenario_96         0.72
gp_scenario_97         0.62
gp_scenario_98         0.67
gp_scenario_99         0.76
gp_scenario_100        0.75
pa_median              0.72
pa_iqr                 0.08
                GBLUP_wiser GBLUP_ls_means GBLUP_blups
gp_scenario_1          0.88           0.81        0.76
gp_scenario_2          0.87           0.80        0.75
gp_scenario_3          0.91           0.86        0.83
gp_scenario_4          0.89           0.84        0.80
gp_scenario_5          0.93           0.88        0.84
gp_scenario_6          0.87           0.81        0.76
gp_scenario_7          0.92           0.87        0.84
gp_scenario_8          0.87           0.80        0.75
gp_scenario_9          0.91           0.84        0.80
gp_scenario_10         0.92           0.87        0.84
gp_scenario_11         0.91           0.86        0.82
gp_scenario_12         0.91           0.85        0.82
gp_scenario_13         0.88           0.83        0.78
gp_scenario_14         0.92           0.85        0.81
gp_scenario_15         0.88           0.82        0.77
gp_scenario_16         0.88           0.82        0.78
gp_scenario_17         0.92           0.87        0.84
gp_scenario_18         0.91           0.84        0.80
gp_scenario_19         0.90           0.84        0.79
gp_scenario_20         0.87           0.80        0.76
gp_scenario_21         0.90           0.84        0.80
gp_scenario_22         0.93           0.89        0.86
gp_scenario_23         0.89           0.84        0.80
gp_scenario_24         0.89           0.83        0.78
gp_scenario_25         0.88           0.80        0.75
gp_scenario_26         0.88           0.82        0.78
gp_scenario_27         0.89           0.83        0.79
gp_scenario_28         0.89           0.83        0.79
gp_scenario_29         0.90           0.84        0.81
gp_scenario_30         0.90           0.85        0.81
gp_scenario_31         0.90           0.82        0.76
gp_scenario_32         0.88           0.82        0.77
gp_scenario_33         0.90           0.85        0.82
gp_scenario_34         0.92           0.86        0.83
gp_scenario_35         0.88           0.82        0.76
gp_scenario_36         0.88           0.80        0.75
gp_scenario_37         0.90           0.83        0.79
gp_scenario_38         0.92           0.88        0.85
gp_scenario_39         0.88           0.82        0.77
gp_scenario_40         0.89           0.83        0.78
gp_scenario_41         0.93           0.87        0.83
gp_scenario_42         0.92           0.87        0.83
gp_scenario_43         0.89           0.84        0.80
gp_scenario_44         0.89           0.83        0.78
gp_scenario_45         0.88           0.80        0.76
gp_scenario_46         0.90           0.84        0.80
gp_scenario_47         0.91           0.83        0.79
gp_scenario_48         0.86           0.81        0.76
gp_scenario_49         0.91           0.86        0.82
gp_scenario_50         0.91           0.88        0.85
gp_scenario_51         0.89           0.84        0.80
gp_scenario_52         0.87           0.81        0.77
gp_scenario_53         0.91           0.85        0.82
gp_scenario_54         0.92           0.87        0.84
gp_scenario_55         0.90           0.83        0.77
gp_scenario_56         0.92           0.87        0.83
gp_scenario_57         0.90           0.84        0.80
gp_scenario_58         0.88           0.82        0.78
gp_scenario_59         0.88           0.82        0.78
gp_scenario_60         0.91           0.84        0.80
gp_scenario_61         0.91           0.85        0.81
gp_scenario_62         0.87           0.81        0.76
gp_scenario_63         0.91           0.86        0.82
gp_scenario_64         0.88           0.82        0.77
gp_scenario_65         0.88           0.82        0.77
gp_scenario_66         0.93           0.89        0.86
gp_scenario_67         0.88           0.81        0.77
gp_scenario_68         0.90           0.83        0.78
gp_scenario_69         0.90           0.85        0.81
gp_scenario_70         0.90           0.84        0.80
gp_scenario_71         0.88           0.82        0.77
gp_scenario_72         0.91           0.85        0.81
gp_scenario_73         0.89           0.83        0.79
gp_scenario_74         0.91           0.85        0.82
gp_scenario_75         0.90           0.85        0.82
gp_scenario_76         0.87           0.80        0.75
gp_scenario_77         0.90           0.84        0.80
gp_scenario_78         0.91           0.86        0.82
gp_scenario_79         0.89           0.83        0.79
gp_scenario_80         0.89           0.84        0.80
gp_scenario_81         0.90           0.84        0.81
gp_scenario_82         0.89           0.82        0.78
gp_scenario_83         0.88           0.82        0.78
gp_scenario_84         0.93           0.87        0.84
gp_scenario_85         0.88           0.82        0.77
gp_scenario_86         0.86           0.79        0.74
gp_scenario_87         0.92           0.88        0.85
gp_scenario_88         0.90           0.86        0.83
gp_scenario_89         0.89           0.82        0.78
gp_scenario_90         0.87           0.80        0.74
gp_scenario_91         0.91           0.84        0.80
gp_scenario_92         0.89           0.83        0.79
gp_scenario_93         0.90           0.84        0.80
gp_scenario_94         0.90           0.84        0.80
gp_scenario_95         0.87           0.80        0.75
gp_scenario_96         0.97           0.92        0.90
gp_scenario_97         0.88           0.83        0.80
gp_scenario_98         0.88           0.81        0.76
gp_scenario_99         0.90           0.84        0.80
gp_scenario_100        0.87           0.82        0.77
h2_median              0.90           0.84        0.80
h2_iqr                 0.03           0.03        0.05
