[1] "using refpop_env"
Le chargement a nécessité le package : Matrix

Attachement du package : ‘tidyr’

Les objets suivants sont masqués depuis ‘package:Matrix’:

    expand, pack, unpack

Le chargement a nécessité le package : foreach
Le chargement a nécessité le package : iterators
Le chargement a nécessité le package : parallel
Le chargement a nécessité le package : rngtools
This build of rgl does not include OpenGL functions.  Use
 rglwidget() to display results, e.g. via options(rgl.printRglwidget = TRUE).
Le chargement a nécessité le package : Rcpp
Le chargement a nécessité le package : RcppZiggurat
Le chargement a nécessité le package : RcppParallel

Attachement du package : ‘RcppParallel’

L'objet suivant est masqué depuis ‘package:Rcpp’:

    LdFlags


Rfast: 2.1.0
 ___ __ __ __ __    __ __ __ __ __ _             _               __ __ __ __ __     __ __ __ __ __ __   
|  __ __ __ __  |  |  __ __ __ __ _/            / \             |  __ __ __ __ /   /__ __ _   _ __ __\  
| |           | |  | |                         / _ \            | |                        / /          
| |           | |  | |                        / / \ \           | |                       / /          
| |           | |  | |                       / /   \ \          | |                      / /          
| |__ __ __ __| |  | |__ __ __ __           / /     \ \         | |__ __ __ __ _        / /__/\          
|    __ __ __ __|  |  __ __ __ __|         / /__ _ __\ \        |_ __ __ __ _   |      / ___  /           
|   \              | |                    / _ _ _ _ _ _ \                     | |      \/  / /       
| |\ \             | |                   / /           \ \                    | |         / /          
| | \ \            | |                  / /             \ \                   | |        / /          
| |  \ \           | |                 / /               \ \                  | |       / /          
| |   \ \__ __ _   | |                / /                 \ \     _ __ __ __ _| |      / /          
|_|    \__ __ __\  |_|               /_/                   \_\   /_ __ __ __ ___|      \/             team

Attachement du package : ‘Rfast’

Les objets suivants sont masqués depuis ‘package:robustbase’:

    colMedians, rowMedians

L'objet suivant est masqué depuis ‘package:data.table’:

    transpose

Le chargement a nécessité le package : lattice

Attachement du package : ‘plotly’

L'objet suivant est masqué depuis ‘package:ggplot2’:

    last_plot

L'objet suivant est masqué depuis ‘package:MASS’:

    select

L'objet suivant est masqué depuis ‘package:stats’:

    filter

L'objet suivant est masqué depuis ‘package:graphics’:

    layout


Attachement du package : ‘dplyr’

L'objet suivant est masqué depuis ‘package:Rfast’:

    nth

Les objets suivants sont masqués depuis ‘package:data.table’:

    between, first, last

L'objet suivant est masqué depuis ‘package:MASS’:

    select

Les objets suivants sont masqués depuis ‘package:stats’:

    filter, lag

Les objets suivants sont masqués depuis ‘package:base’:

    intersect, setdiff, setequal, union


Attachement du package : ‘kernlab’

L'objet suivant est masqué depuis ‘package:ggplot2’:

    alpha

Le chargement a nécessité le package : corpcor

Attachement du package : ‘corpcor’

L'objet suivant est masqué depuis ‘package:matrixcalc’:

    is.positive.definite

Loaded glmnet 4.1-8

Loaded mixOmics 6.25.1
Thank you for using mixOmics!
Tutorials: http://mixomics.org
Bookdown vignette: https://mixomicsteam.github.io/Bookdown
Questions, issues: Follow the prompts at http://mixomics.org/contact-us
Cite us:  citation('mixOmics')

[1] "kernel: linear"
[1] "trait: Flowering_begin"
                RF_wiser SVR_wiser GBLUP_wiser RKHS_wiser LASSO_wiser
gp_scenario_1       0.87     0.920        0.94       0.94        0.90
gp_scenario_2       0.81     0.900        0.91       0.91        0.88
gp_scenario_3       0.85     0.940        0.94       0.94        0.89
gp_scenario_4       0.82     0.900        0.91       0.91        0.88
gp_scenario_5       0.84     0.900        0.89       0.89        0.85
gp_scenario_6       0.79     0.880        0.87       0.88        0.83
gp_scenario_7       0.82     0.910        0.91       0.92        0.89
gp_scenario_8       0.85     0.930        0.93       0.93        0.92
gp_scenario_9       0.86     0.930        0.94       0.94        0.90
gp_scenario_10      0.80     0.880        0.90       0.90        0.84
gp_scenario_11      0.80     0.890        0.92       0.92        0.86
gp_scenario_12      0.84     0.920        0.92       0.92        0.89
gp_scenario_13      0.84     0.920        0.93       0.94        0.90
gp_scenario_14      0.83     0.920        0.92       0.92        0.90
gp_scenario_15      0.80     0.900        0.91       0.91        0.88
gp_scenario_16      0.86     0.940        0.93       0.93        0.91
gp_scenario_17      0.84     0.900        0.92       0.92        0.87
gp_scenario_18      0.85     0.930        0.93       0.94        0.91
gp_scenario_19      0.79     0.870        0.88       0.88        0.83
gp_scenario_20      0.79     0.890        0.91       0.91        0.84
gp_scenario_21      0.85     0.910        0.91       0.91        0.87
gp_scenario_22      0.84     0.930        0.93       0.93        0.89
gp_scenario_23      0.80     0.890        0.90       0.90        0.86
gp_scenario_24      0.87     0.930        0.94       0.94        0.90
gp_scenario_25      0.84     0.900        0.90       0.90        0.88
gp_scenario_26      0.85     0.930        0.94       0.94        0.90
gp_scenario_27      0.85     0.930        0.93       0.93        0.91
gp_scenario_28      0.77     0.870        0.89       0.89        0.83
gp_scenario_29      0.79     0.890        0.89       0.89        0.84
gp_scenario_30      0.81     0.900        0.91       0.91        0.86
gp_scenario_31      0.86     0.930        0.94       0.94        0.90
gp_scenario_32      0.82     0.910        0.93       0.93        0.88
gp_scenario_33      0.77     0.870        0.86       0.87        0.82
gp_scenario_34      0.82     0.910        0.91       0.91        0.88
gp_scenario_35      0.87     0.930        0.94       0.94        0.90
gp_scenario_36      0.85     0.920        0.92       0.92        0.90
gp_scenario_37      0.82     0.900        0.91       0.91        0.87
gp_scenario_38      0.83     0.920        0.92       0.92        0.90
gp_scenario_39      0.84     0.910        0.92       0.92        0.89
gp_scenario_40      0.82     0.900        0.93       0.93        0.88
gp_scenario_41      0.85     0.930        0.94       0.94        0.89
gp_scenario_42      0.85     0.920        0.94       0.94        0.91
gp_scenario_43      0.78     0.890        0.90       0.90        0.86
gp_scenario_44      0.85     0.930        0.94       0.94        0.91
gp_scenario_45      0.77     0.860        0.87       0.87        0.85
gp_scenario_46      0.85     0.920        0.93       0.93        0.90
gp_scenario_47      0.76     0.900        0.92       0.92        0.88
gp_scenario_48      0.78     0.900        0.91       0.91        0.86
gp_scenario_49      0.85     0.940        0.95       0.95        0.92
gp_scenario_50      0.86     0.910        0.91       0.91        0.86
gp_scenario_51      0.87     0.940        0.95       0.95        0.91
gp_scenario_52      0.77     0.870        0.88       0.88        0.83
gp_scenario_53      0.80     0.880        0.89       0.89        0.84
gp_scenario_54      0.85     0.920        0.92       0.92        0.89
gp_scenario_55      0.85     0.920        0.92       0.92        0.88
gp_scenario_56      0.84     0.930        0.94       0.94        0.91
gp_scenario_57      0.78     0.870        0.88       0.88        0.83
gp_scenario_58      0.79     0.900        0.90       0.90        0.84
gp_scenario_59      0.83     0.910        0.93       0.93        0.89
gp_scenario_60      0.85     0.910        0.91       0.92        0.89
gp_scenario_61      0.86     0.920        0.92       0.93        0.89
gp_scenario_62      0.84     0.920        0.93       0.93        0.88
gp_scenario_63      0.75     0.870        0.88       0.88        0.84
gp_scenario_64      0.85     0.920        0.92       0.92        0.89
gp_scenario_65      0.83     0.940        0.93       0.93        0.89
gp_scenario_66      0.85     0.910        0.91       0.91        0.88
gp_scenario_67      0.86     0.940        0.95       0.95        0.91
gp_scenario_68      0.84     0.920        0.92       0.92        0.89
gp_scenario_69      0.77     0.880        0.90       0.90        0.82
gp_scenario_70      0.85     0.920        0.92       0.92        0.86
gp_scenario_71      0.80     0.880        0.89       0.89        0.84
gp_scenario_72      0.91     0.950        0.95       0.95        0.93
gp_scenario_73      0.83     0.920        0.92       0.92        0.89
gp_scenario_74      0.79     0.900        0.92       0.92        0.89
gp_scenario_75      0.77     0.860        0.88       0.88        0.85
gp_scenario_76      0.82     0.910        0.92       0.92        0.88
gp_scenario_77      0.85     0.910        0.91       0.92        0.87
gp_scenario_78      0.83     0.900        0.91       0.91        0.88
gp_scenario_79      0.82     0.910        0.91       0.91        0.88
gp_scenario_80      0.84     0.920        0.91       0.91        0.88
gp_scenario_81      0.90     0.940        0.93       0.93        0.90
gp_scenario_82      0.83     0.930        0.94       0.94        0.90
gp_scenario_83      0.70     0.870        0.89       0.89        0.87
gp_scenario_84      0.84     0.900        0.92       0.92        0.88
gp_scenario_85      0.83     0.910        0.91       0.91        0.86
gp_scenario_86      0.81     0.930        0.94       0.94        0.92
gp_scenario_87      0.80     0.870        0.86       0.87        0.85
gp_scenario_88      0.83     0.920        0.93       0.93        0.90
gp_scenario_89      0.80     0.880        0.91       0.91        0.84
gp_scenario_90      0.87     0.930        0.93       0.93        0.89
gp_scenario_91      0.84     0.920        0.94       0.94        0.90
gp_scenario_92      0.86     0.920        0.91       0.91        0.89
gp_scenario_93      0.84     0.930        0.93       0.93        0.90
gp_scenario_94      0.77     0.890        0.89       0.89        0.86
gp_scenario_95      0.83     0.910        0.92       0.93        0.86
gp_scenario_96      0.82     0.900        0.90       0.90        0.87
gp_scenario_97      0.88     0.930        0.94       0.94        0.92
gp_scenario_98      0.76     0.880        0.92       0.92        0.85
gp_scenario_99      0.81     0.900        0.89       0.90        0.87
gp_scenario_100     0.86     0.910        0.92       0.92        0.88
pa_median           0.83     0.910        0.92       0.92        0.88
pa_iqr              0.05     0.023        0.02       0.02        0.04
                RF_ls_means SVR_ls_means GBLUP_ls_means RKHS_ls_means
gp_scenario_1          0.60         0.69           0.68          0.69
gp_scenario_2          0.52         0.64           0.64          0.64
gp_scenario_3          0.73         0.81           0.77          0.79
gp_scenario_4          0.50         0.59           0.59          0.60
gp_scenario_5          0.54         0.57           0.52          0.54
gp_scenario_6          0.58         0.67           0.63          0.65
gp_scenario_7          0.58         0.69           0.66          0.68
gp_scenario_8          0.51         0.58           0.57          0.57
gp_scenario_9          0.64         0.67           0.65          0.66
gp_scenario_10         0.43         0.52           0.50          0.50
gp_scenario_11         0.61         0.72           0.73          0.73
gp_scenario_12         0.58         0.68           0.66          0.67
gp_scenario_13         0.63         0.72           0.67          0.69
gp_scenario_14         0.60         0.63           0.58          0.60
gp_scenario_15         0.47         0.61           0.61          0.62
gp_scenario_16         0.45         0.58           0.58          0.58
gp_scenario_17         0.50         0.61           0.62          0.63
gp_scenario_18         0.59         0.69           0.68          0.68
gp_scenario_19         0.52         0.58           0.54          0.55
gp_scenario_20         0.62         0.68           0.67          0.68
gp_scenario_21         0.64         0.68           0.60          0.62
gp_scenario_22         0.56         0.69           0.65          0.67
gp_scenario_23         0.46         0.53           0.53          0.53
gp_scenario_24         0.70         0.77           0.75          0.76
gp_scenario_25         0.45         0.62           0.59          0.60
gp_scenario_26         0.54         0.62           0.60          0.61
gp_scenario_27         0.54         0.67           0.66          0.66
gp_scenario_28         0.62         0.69           0.66          0.69
gp_scenario_29         0.52         0.62           0.58          0.60
gp_scenario_30         0.58         0.63           0.64          0.64
gp_scenario_31         0.62         0.71           0.70          0.71
gp_scenario_32         0.58         0.67           0.68          0.69
gp_scenario_33         0.59         0.64           0.61          0.62
gp_scenario_34         0.55         0.62           0.61          0.62
gp_scenario_35         0.54         0.68           0.66          0.67
gp_scenario_36         0.67         0.67           0.66          0.67
gp_scenario_37         0.40         0.55           0.54          0.55
gp_scenario_38         0.56         0.74           0.69          0.72
gp_scenario_39         0.54         0.68           0.70          0.70
gp_scenario_40         0.62         0.69           0.67          0.68
gp_scenario_41         0.62         0.74           0.74          0.75
gp_scenario_42         0.54         0.60           0.55          0.58
gp_scenario_43         0.63         0.70           0.69          0.69
gp_scenario_44         0.52         0.73           0.71          0.73
gp_scenario_45         0.48         0.55           0.54          0.54
gp_scenario_46         0.50         0.61           0.62          0.62
gp_scenario_47         0.52         0.69           0.67          0.69
gp_scenario_48         0.62         0.68           0.64          0.65
gp_scenario_49         0.63         0.74           0.77          0.76
gp_scenario_50         0.52         0.60           0.56          0.57
gp_scenario_51         0.64         0.73           0.71          0.72
gp_scenario_52         0.48         0.59           0.59          0.60
gp_scenario_53         0.54         0.59           0.56          0.57
gp_scenario_54         0.53         0.59           0.54          0.56
gp_scenario_55         0.56         0.68           0.67          0.68
gp_scenario_56         0.55         0.66           0.67          0.68
gp_scenario_57         0.56         0.63           0.55          0.58
gp_scenario_58         0.50         0.63           0.62          0.63
gp_scenario_59         0.61         0.68           0.67          0.68
gp_scenario_60         0.56         0.65           0.65          0.66
gp_scenario_61         0.54         0.63           0.62          0.62
gp_scenario_62         0.50         0.72           0.70          0.72
gp_scenario_63         0.52         0.62           0.59          0.60
gp_scenario_64         0.58         0.64           0.60          0.61
gp_scenario_65         0.61         0.70           0.65          0.67
gp_scenario_66         0.51         0.64           0.67          0.67
gp_scenario_67         0.50         0.66           0.64          0.66
gp_scenario_68         0.48         0.59           0.53          0.54
gp_scenario_69         0.61         0.68           0.69          0.69
gp_scenario_70         0.65         0.71           0.69          0.70
gp_scenario_71         0.52         0.61           0.57          0.58
gp_scenario_72         0.66         0.73           0.71          0.72
gp_scenario_73         0.35         0.61           0.62          0.63
gp_scenario_74         0.51         0.65           0.65          0.66
gp_scenario_75         0.60         0.62           0.65          0.65
gp_scenario_76         0.63         0.67           0.63          0.64
gp_scenario_77         0.59         0.59           0.56          0.58
gp_scenario_78         0.32         0.51           0.52          0.52
gp_scenario_79         0.48         0.67           0.62          0.64
gp_scenario_80         0.58         0.73           0.72          0.73
gp_scenario_81         0.59         0.63           0.57          0.59
gp_scenario_82         0.53         0.65           0.63          0.64
gp_scenario_83         0.66         0.76           0.73          0.75
gp_scenario_84         0.57         0.69           0.72          0.71
gp_scenario_85         0.49         0.56           0.58          0.58
gp_scenario_86         0.50         0.59           0.58          0.59
gp_scenario_87         0.50         0.60           0.52          0.55
gp_scenario_88         0.66         0.78           0.76          0.77
gp_scenario_89         0.51         0.60           0.62          0.63
gp_scenario_90         0.56         0.67           0.60          0.63
gp_scenario_91         0.57         0.69           0.67          0.68
gp_scenario_92         0.40         0.54           0.50          0.51
gp_scenario_93         0.61         0.72           0.70          0.72
gp_scenario_94         0.60         0.66           0.60          0.63
gp_scenario_95         0.53         0.67           0.64          0.66
gp_scenario_96         0.56         0.62           0.56          0.59
gp_scenario_97         0.63         0.65           0.61          0.62
gp_scenario_98         0.66         0.73           0.73          0.74
gp_scenario_99         0.44         0.60           0.52          0.54
gp_scenario_100        0.52         0.62           0.62          0.62
pa_median              0.56         0.66           0.64          0.64
pa_iqr                 0.10         0.08           0.09          0.09
                LASSO_ls_means RF_blups SVR_blups GBLUP_blups RKHS_blups
gp_scenario_1             0.65     0.52     0.650       0.640       0.65
gp_scenario_2             0.48     0.37     0.560       0.550       0.55
gp_scenario_3             0.73     0.59     0.700       0.670       0.69
gp_scenario_4             0.62     0.42     0.510       0.530       0.52
gp_scenario_5             0.56     0.45     0.470       0.400       0.42
gp_scenario_6             0.66     0.40     0.540       0.490       0.52
gp_scenario_7             0.72     0.53     0.660       0.600       0.63
gp_scenario_8             0.48     0.49     0.550       0.530       0.53
gp_scenario_9             0.61     0.36     0.520       0.550       0.54
gp_scenario_10            0.49     0.26     0.420       0.410       0.40
gp_scenario_11            0.62     0.44     0.590       0.620       0.63
gp_scenario_12            0.62     0.49     0.620       0.580       0.59
gp_scenario_13            0.73     0.46     0.640       0.580       0.60
gp_scenario_14            0.68     0.44     0.520       0.470       0.47
gp_scenario_15            0.61     0.44     0.580       0.580       0.59
gp_scenario_16            0.53     0.38     0.550       0.520       0.52
gp_scenario_17            0.61     0.34     0.510       0.530       0.53
gp_scenario_18            0.63     0.41     0.530       0.560       0.56
gp_scenario_19            0.59     0.41     0.490       0.450       0.47
gp_scenario_20            0.59     0.40     0.580       0.570       0.58
gp_scenario_21            0.68     0.50     0.530       0.480       0.50
gp_scenario_22            0.62     0.46     0.660       0.610       0.63
gp_scenario_23            0.54     0.31     0.420       0.430       0.44
gp_scenario_24            0.65     0.59     0.690       0.670       0.68
gp_scenario_25            0.62     0.38     0.560       0.490       0.50
gp_scenario_26            0.59     0.46     0.570       0.540       0.54
gp_scenario_27            0.73     0.41     0.560       0.560       0.56
gp_scenario_28            0.66     0.50     0.580       0.570       0.60
gp_scenario_29            0.52     0.54     0.580       0.540       0.56
gp_scenario_30            0.51     0.40     0.520       0.530       0.51
gp_scenario_31            0.67     0.55     0.660       0.640       0.65
gp_scenario_32            0.58     0.41     0.600       0.620       0.64
gp_scenario_33            0.60     0.47     0.530       0.510       0.51
gp_scenario_34            0.64     0.39     0.550       0.530       0.54
gp_scenario_35            0.66     0.31     0.520       0.510       0.53
gp_scenario_36            0.69     0.54     0.570       0.560       0.57
gp_scenario_37            0.49     0.29     0.480       0.440       0.45
gp_scenario_38            0.70     0.29     0.620       0.600       0.63
gp_scenario_39            0.65     0.38     0.570       0.620       0.62
gp_scenario_40            0.66     0.58     0.650       0.620       0.63
gp_scenario_41            0.67     0.49     0.650       0.670       0.68
gp_scenario_42            0.69     0.44     0.530       0.520       0.53
gp_scenario_43            0.67     0.49     0.560       0.560       0.55
gp_scenario_44            0.60     0.47     0.690       0.660       0.67
gp_scenario_45            0.55     0.46     0.470       0.470       0.48
gp_scenario_46            0.61     0.55     0.590       0.600       0.61
gp_scenario_47            0.59     0.30     0.550       0.560       0.57
gp_scenario_48            0.71     0.40     0.550       0.510       0.53
gp_scenario_49            0.70     0.57     0.690       0.720       0.70
gp_scenario_50            0.51     0.35     0.490       0.470       0.48
gp_scenario_51            0.63     0.48     0.650       0.640       0.65
gp_scenario_52            0.54     0.32     0.480       0.470       0.48
gp_scenario_53            0.50     0.34     0.410       0.400       0.40
gp_scenario_54            0.53     0.37     0.510       0.460       0.47
gp_scenario_55            0.68     0.52     0.660       0.630       0.64
gp_scenario_56            0.63     0.46     0.650       0.630       0.65
gp_scenario_57            0.55     0.43     0.520       0.440       0.47
gp_scenario_58            0.61     0.36     0.540       0.530       0.54
gp_scenario_59            0.67     0.48     0.600       0.580       0.57
gp_scenario_60            0.51     0.45     0.550       0.540       0.55
gp_scenario_61            0.63     0.37     0.480       0.500       0.49
gp_scenario_62            0.66     0.40     0.710       0.640       0.67
gp_scenario_63            0.58     0.42     0.540       0.510       0.53
gp_scenario_64            0.59     0.44     0.540       0.480       0.50
gp_scenario_65            0.66     0.47     0.620       0.570       0.58
gp_scenario_66            0.60     0.43     0.600       0.620       0.63
gp_scenario_67            0.61     0.35     0.620       0.570       0.59
gp_scenario_68            0.65     0.38     0.510       0.470       0.49
gp_scenario_69            0.68     0.39     0.550       0.590       0.58
gp_scenario_70            0.65     0.47     0.580       0.570       0.58
gp_scenario_71            0.60     0.40     0.500       0.450       0.47
gp_scenario_72            0.68     0.52     0.650       0.630       0.64
gp_scenario_73            0.53     0.23     0.540       0.550       0.55
gp_scenario_74            0.68     0.34     0.550       0.540       0.54
gp_scenario_75            0.61     0.49     0.550       0.570       0.56
gp_scenario_76            0.66     0.47     0.600       0.540       0.55
gp_scenario_77            0.60     0.40     0.430       0.420       0.43
gp_scenario_78            0.47     0.34     0.530       0.510       0.51
gp_scenario_79            0.61     0.39     0.580       0.540       0.55
gp_scenario_80            0.59     0.49     0.630       0.640       0.66
gp_scenario_81            0.64     0.43     0.500       0.440       0.46
gp_scenario_82            0.55     0.41     0.600       0.570       0.58
gp_scenario_83            0.67     0.53     0.650       0.630       0.66
gp_scenario_84            0.58     0.49     0.640       0.680       0.66
gp_scenario_85            0.55     0.41     0.530       0.530       0.52
gp_scenario_86            0.55     0.46     0.540       0.510       0.52
gp_scenario_87            0.58     0.34     0.520       0.430       0.45
gp_scenario_88            0.67     0.47     0.650       0.650       0.66
gp_scenario_89            0.59     0.40     0.500       0.540       0.54
gp_scenario_90            0.62     0.46     0.600       0.530       0.56
gp_scenario_91            0.64     0.46     0.600       0.580       0.60
gp_scenario_92            0.56     0.31     0.480       0.420       0.43
gp_scenario_93            0.74     0.48     0.640       0.620       0.63
gp_scenario_94            0.68     0.42     0.550       0.530       0.55
gp_scenario_95            0.54     0.44     0.570       0.550       0.57
gp_scenario_96            0.65     0.44     0.510       0.450       0.48
gp_scenario_97            0.61     0.44     0.560       0.520       0.53
gp_scenario_98            0.72     0.52     0.610       0.650       0.65
gp_scenario_99            0.59     0.34     0.510       0.440       0.45
gp_scenario_100           0.56     0.44     0.570       0.550       0.55
pa_median                 0.62     0.44     0.560       0.550       0.55
pa_iqr                    0.08     0.10     0.093       0.092       0.11
                LASSO_blups
gp_scenario_1          0.56
gp_scenario_2          0.43
gp_scenario_3          0.61
gp_scenario_4          0.61
gp_scenario_5          0.41
gp_scenario_6          0.55
gp_scenario_7          0.63
gp_scenario_8          0.41
gp_scenario_9          0.41
gp_scenario_10         0.35
gp_scenario_11         0.44
gp_scenario_12         0.49
gp_scenario_13         0.62
gp_scenario_14         0.52
gp_scenario_15         0.56
gp_scenario_16         0.46
gp_scenario_17         0.49
gp_scenario_18         0.52
gp_scenario_19         0.50
gp_scenario_20         0.45
gp_scenario_21         0.56
gp_scenario_22         0.58
gp_scenario_23         0.50
gp_scenario_24         0.54
gp_scenario_25         0.50
gp_scenario_26         0.54
gp_scenario_27         0.60
gp_scenario_28         0.58
gp_scenario_29         0.55
gp_scenario_30         0.40
gp_scenario_31         0.56
gp_scenario_32         0.49
gp_scenario_33         0.50
gp_scenario_34         0.52
gp_scenario_35         0.55
gp_scenario_36         0.61
gp_scenario_37         0.40
gp_scenario_38         0.64
gp_scenario_39         0.51
gp_scenario_40         0.64
gp_scenario_41         0.54
gp_scenario_42         0.62
gp_scenario_43         0.56
gp_scenario_44         0.55
gp_scenario_45         0.50
gp_scenario_46         0.60
gp_scenario_47         0.33
gp_scenario_48         0.53
gp_scenario_49         0.60
gp_scenario_50         0.43
gp_scenario_51         0.49
gp_scenario_52         0.46
gp_scenario_53         0.34
gp_scenario_54         0.43
gp_scenario_55         0.62
gp_scenario_56         0.56
gp_scenario_57         0.44
gp_scenario_58         0.46
gp_scenario_59         0.54
gp_scenario_60         0.46
gp_scenario_61         0.55
gp_scenario_62         0.59
gp_scenario_63         0.48
gp_scenario_64         0.46
gp_scenario_65         0.55
gp_scenario_66         0.47
gp_scenario_67         0.54
gp_scenario_68         0.58
gp_scenario_69         0.58
gp_scenario_70         0.46
gp_scenario_71         0.46
gp_scenario_72         0.61
gp_scenario_73         0.34
gp_scenario_74         0.52
gp_scenario_75         0.56
gp_scenario_76         0.52
gp_scenario_77         0.45
gp_scenario_78         0.40
gp_scenario_79         0.55
gp_scenario_80         0.43
gp_scenario_81         0.54
gp_scenario_82         0.50
gp_scenario_83         0.56
gp_scenario_84         0.60
gp_scenario_85         0.44
gp_scenario_86         0.43
gp_scenario_87         0.49
gp_scenario_88         0.55
gp_scenario_89         0.54
gp_scenario_90         0.51
gp_scenario_91         0.52
gp_scenario_92         0.47
gp_scenario_93         0.58
gp_scenario_94         0.57
gp_scenario_95         0.38
gp_scenario_96         0.59
gp_scenario_97         0.49
gp_scenario_98         0.56
gp_scenario_99         0.49
gp_scenario_100        0.51
pa_median              0.52
pa_iqr                 0.10
                GBLUP_wiser GBLUP_ls_means GBLUP_blups
gp_scenario_1          1.00           0.94        0.92
gp_scenario_2          1.00           0.94        0.93
gp_scenario_3          1.00           0.94        0.93
gp_scenario_4          1.00           0.93        0.91
gp_scenario_5          1.00           0.95        0.93
gp_scenario_6          1.00           0.93        0.92
gp_scenario_7          1.00           0.94        0.93
gp_scenario_8          1.00           0.96        0.95
gp_scenario_9          0.99           0.93        0.92
gp_scenario_10         1.00           0.94        0.93
gp_scenario_11         0.99           0.94        0.93
gp_scenario_12         1.00           0.94        0.93
gp_scenario_13         1.00           0.93        0.92
gp_scenario_14         1.00           0.93        0.92
gp_scenario_15         1.00           0.94        0.93
gp_scenario_16         1.00           0.96        0.95
gp_scenario_17         0.99           0.91        0.90
gp_scenario_18         1.00           0.95        0.94
gp_scenario_19         1.00           0.95        0.95
gp_scenario_20         0.99           0.92        0.90
gp_scenario_21         1.00           0.96        0.95
gp_scenario_22         1.00           0.95        0.94
gp_scenario_23         1.00           0.92        0.90
gp_scenario_24         1.00           0.92        0.90
gp_scenario_25         1.00           0.96        0.95
gp_scenario_26         1.00           0.97        0.96
gp_scenario_27         1.00           0.93        0.92
gp_scenario_28         0.99           0.91        0.89
gp_scenario_29         1.00           0.96        0.95
gp_scenario_30         1.00           0.93        0.92
gp_scenario_31         0.99           0.94        0.93
gp_scenario_32         1.00           0.93        0.92
gp_scenario_33         1.00           0.92        0.90
gp_scenario_34         1.00           0.94        0.93
gp_scenario_35         1.00           0.97        0.96
gp_scenario_36         1.00           0.92        0.90
gp_scenario_37         1.00           0.96        0.95
gp_scenario_38         1.00           0.92        0.90
gp_scenario_39         0.99           0.93        0.92
gp_scenario_40         0.99           0.95        0.94
gp_scenario_41         1.00           0.93        0.92
gp_scenario_42         1.00           0.96        0.95
gp_scenario_43         1.00           0.93        0.91
gp_scenario_44         0.99           0.91        0.90
gp_scenario_45         1.00           0.95        0.94
gp_scenario_46         0.99           0.91        0.90
gp_scenario_47         1.00           0.94        0.93
gp_scenario_48         1.00           0.95        0.94
gp_scenario_49         1.00           0.92        0.90
gp_scenario_50         1.00           0.95        0.94
gp_scenario_51         0.99           0.93        0.92
gp_scenario_52         1.00           0.92        0.91
gp_scenario_53         1.00           0.94        0.93
gp_scenario_54         1.00           0.95        0.94
gp_scenario_55         1.00           0.94        0.93
gp_scenario_56         1.00           0.92        0.91
gp_scenario_57         1.00           0.94        0.93
gp_scenario_58         1.00           0.96        0.95
gp_scenario_59         0.99           0.92        0.91
gp_scenario_60         1.00           0.96        0.95
gp_scenario_61         0.99           0.94        0.93
gp_scenario_62         0.99           0.91        0.89
gp_scenario_63         1.00           0.94        0.93
gp_scenario_64         1.00           0.95        0.94
gp_scenario_65         1.00           0.96        0.96
gp_scenario_66         1.00           0.94        0.92
gp_scenario_67         0.99           0.93        0.92
gp_scenario_68         0.99           0.96        0.95
gp_scenario_69         1.00           0.93        0.92
gp_scenario_70         1.00           0.93        0.91
gp_scenario_71         1.00           0.98        0.97
gp_scenario_72         0.99           0.94        0.93
gp_scenario_73         0.99           0.92        0.90
gp_scenario_74         0.99           0.94        0.93
gp_scenario_75         1.00           0.90        0.88
gp_scenario_76         0.99           0.96        0.95
gp_scenario_77         1.00           0.95        0.94
gp_scenario_78         1.00           0.93        0.92
gp_scenario_79         1.00           0.95        0.94
gp_scenario_80         1.00           0.92        0.91
gp_scenario_81         1.00           0.96        0.96
gp_scenario_82         1.00           0.95        0.94
gp_scenario_83         0.99           0.92        0.91
gp_scenario_84         0.99           0.89        0.86
gp_scenario_85         1.00           0.95        0.93
gp_scenario_86         0.99           0.96        0.95
gp_scenario_87         1.00           0.95        0.94
gp_scenario_88         1.00           0.94        0.93
gp_scenario_89         0.99           0.91        0.90
gp_scenario_90         1.00           0.95        0.94
gp_scenario_91         0.99           0.92        0.90
gp_scenario_92         1.00           0.95        0.94
gp_scenario_93         1.00           0.94        0.93
gp_scenario_94         0.99           0.94        0.93
gp_scenario_95         1.00           0.94        0.93
gp_scenario_96         1.00           0.94        0.92
gp_scenario_97         0.99           0.96        0.96
gp_scenario_98         0.99           0.90        0.89
gp_scenario_99         1.00           0.96        0.95
gp_scenario_100        1.00           0.94        0.93
h2_median              1.00           0.94        0.93
h2_iqr                 0.01           0.02        0.03
