[1] "using refpop_env"
Le chargement a nécessité le package : Matrix

Attachement du package : ‘tidyr’

Les objets suivants sont masqués depuis ‘package:Matrix’:

    expand, pack, unpack

Le chargement a nécessité le package : foreach
Le chargement a nécessité le package : iterators
Le chargement a nécessité le package : parallel
Le chargement a nécessité le package : rngtools
This build of rgl does not include OpenGL functions.  Use
 rglwidget() to display results, e.g. via options(rgl.printRglwidget = TRUE).
Le chargement a nécessité le package : Rcpp
Le chargement a nécessité le package : RcppZiggurat
Le chargement a nécessité le package : RcppParallel

Attachement du package : ‘RcppParallel’

L'objet suivant est masqué depuis ‘package:Rcpp’:

    LdFlags


Rfast: 2.1.0
 ___ __ __ __ __    __ __ __ __ __ _             _               __ __ __ __ __     __ __ __ __ __ __   
|  __ __ __ __  |  |  __ __ __ __ _/            / \             |  __ __ __ __ /   /__ __ _   _ __ __\  
| |           | |  | |                         / _ \            | |                        / /          
| |           | |  | |                        / / \ \           | |                       / /          
| |           | |  | |                       / /   \ \          | |                      / /          
| |__ __ __ __| |  | |__ __ __ __           / /     \ \         | |__ __ __ __ _        / /__/\          
|    __ __ __ __|  |  __ __ __ __|         / /__ _ __\ \        |_ __ __ __ _   |      / ___  /           
|   \              | |                    / _ _ _ _ _ _ \                     | |      \/  / /       
| |\ \             | |                   / /           \ \                    | |         / /          
| | \ \            | |                  / /             \ \                   | |        / /          
| |  \ \           | |                 / /               \ \                  | |       / /          
| |   \ \__ __ _   | |                / /                 \ \     _ __ __ __ _| |      / /          
|_|    \__ __ __\  |_|               /_/                   \_\   /_ __ __ __ ___|      \/             team

Attachement du package : ‘Rfast’

Les objets suivants sont masqués depuis ‘package:robustbase’:

    colMedians, rowMedians

L'objet suivant est masqué depuis ‘package:data.table’:

    transpose

Le chargement a nécessité le package : lattice

Attachement du package : ‘plotly’

L'objet suivant est masqué depuis ‘package:ggplot2’:

    last_plot

L'objet suivant est masqué depuis ‘package:MASS’:

    select

L'objet suivant est masqué depuis ‘package:stats’:

    filter

L'objet suivant est masqué depuis ‘package:graphics’:

    layout


Attachement du package : ‘dplyr’

L'objet suivant est masqué depuis ‘package:Rfast’:

    nth

Les objets suivants sont masqués depuis ‘package:data.table’:

    between, first, last

L'objet suivant est masqué depuis ‘package:MASS’:

    select

Les objets suivants sont masqués depuis ‘package:stats’:

    filter, lag

Les objets suivants sont masqués depuis ‘package:base’:

    intersect, setdiff, setequal, union


Attachement du package : ‘kernlab’

L'objet suivant est masqué depuis ‘package:ggplot2’:

    alpha

Le chargement a nécessité le package : corpcor

Attachement du package : ‘corpcor’

L'objet suivant est masqué depuis ‘package:matrixcalc’:

    is.positive.definite

Loaded glmnet 4.1-8

Loaded mixOmics 6.25.1
Thank you for using mixOmics!
Tutorials: http://mixomics.org
Bookdown vignette: https://mixomicsteam.github.io/Bookdown
Questions, issues: Follow the prompts at http://mixomics.org/contact-us
Cite us:  citation('mixOmics')

[1] "kernel: linear"
[1] "trait: Flowering_full"
                RF_wiser SVR_wiser GBLUP_wiser RKHS_wiser LASSO_wiser
gp_scenario_1       0.65     0.740        0.74       0.75        0.71
gp_scenario_2       0.68     0.800        0.77       0.78        0.76
gp_scenario_3       0.79     0.880        0.84       0.86        0.82
gp_scenario_4       0.68     0.810        0.80       0.81        0.77
gp_scenario_5       0.63     0.810        0.81       0.81        0.78
gp_scenario_6       0.76     0.850        0.81       0.82        0.81
gp_scenario_7       0.72     0.840        0.85       0.86        0.84
gp_scenario_8       0.66     0.800        0.79       0.80        0.76
gp_scenario_9       0.67     0.810        0.79       0.80        0.77
gp_scenario_10      0.66     0.790        0.80       0.80        0.72
gp_scenario_11      0.71     0.820        0.79       0.80        0.73
gp_scenario_12      0.57     0.720        0.72       0.72        0.67
gp_scenario_13      0.76     0.840        0.80       0.82        0.79
gp_scenario_14      0.74     0.870        0.87       0.88        0.82
gp_scenario_15      0.69     0.830        0.81       0.82        0.76
gp_scenario_16      0.65     0.840        0.83       0.84        0.77
gp_scenario_17      0.71     0.820        0.78       0.79        0.75
gp_scenario_18      0.72     0.830        0.79       0.81        0.76
gp_scenario_19      0.70     0.800        0.78       0.79        0.76
gp_scenario_20      0.67     0.790        0.76       0.77        0.69
gp_scenario_21      0.68     0.800        0.81       0.82        0.72
gp_scenario_22      0.69     0.820        0.78       0.79        0.77
gp_scenario_23      0.76     0.860        0.81       0.82        0.80
gp_scenario_24      0.68     0.790        0.76       0.78        0.78
gp_scenario_25      0.68     0.790        0.78       0.79        0.76
gp_scenario_26      0.77     0.860        0.82       0.83        0.80
gp_scenario_27      0.70     0.820        0.82       0.82        0.77
gp_scenario_28      0.73     0.810        0.78       0.80        0.78
gp_scenario_29      0.66     0.790        0.74       0.76        0.72
gp_scenario_30      0.69     0.820        0.80       0.81        0.78
gp_scenario_31      0.75     0.850        0.83       0.84        0.82
gp_scenario_32      0.74     0.840        0.81       0.83        0.74
gp_scenario_33      0.72     0.840        0.82       0.83        0.79
gp_scenario_34      0.59     0.740        0.68       0.71        0.63
gp_scenario_35      0.66     0.790        0.79       0.79        0.75
gp_scenario_36      0.71     0.820        0.80       0.81        0.78
gp_scenario_37      0.79     0.850        0.82       0.83        0.81
gp_scenario_38      0.54     0.740        0.72       0.73        0.69
gp_scenario_39      0.69     0.800        0.80       0.81        0.75
gp_scenario_40      0.71     0.850        0.83       0.85        0.79
gp_scenario_41      0.71     0.830        0.81       0.82        0.75
gp_scenario_42      0.73     0.830        0.78       0.80        0.78
gp_scenario_43      0.71     0.840        0.82       0.83        0.79
gp_scenario_44      0.64     0.770        0.74       0.75        0.74
gp_scenario_45      0.65     0.790        0.78       0.79        0.71
gp_scenario_46      0.71     0.810        0.80       0.81        0.80
gp_scenario_47      0.66     0.800        0.79       0.81        0.74
gp_scenario_48      0.70     0.820        0.76       0.78        0.76
gp_scenario_49      0.76     0.860        0.84       0.85        0.80
gp_scenario_50      0.67     0.750        0.73       0.74        0.72
gp_scenario_51      0.71     0.810        0.78       0.79        0.76
gp_scenario_52      0.71     0.820        0.78       0.80        0.74
gp_scenario_53      0.70     0.820        0.80       0.81        0.74
gp_scenario_54      0.76     0.890        0.86       0.87        0.80
gp_scenario_55      0.61     0.740        0.73       0.74        0.68
gp_scenario_56      0.75     0.870        0.84       0.86        0.80
gp_scenario_57      0.71     0.830        0.82       0.82        0.78
gp_scenario_58      0.68     0.780        0.77       0.77        0.74
gp_scenario_59      0.67     0.810        0.79       0.80        0.73
gp_scenario_60      0.68     0.790        0.76       0.77        0.76
gp_scenario_61      0.66     0.810        0.77       0.78        0.78
gp_scenario_62      0.70     0.850        0.85       0.86        0.82
gp_scenario_63      0.67     0.800        0.78       0.79        0.78
gp_scenario_64      0.69     0.810        0.77       0.79        0.74
gp_scenario_65      0.72     0.800        0.79       0.80        0.73
gp_scenario_66      0.71     0.860        0.84       0.85        0.78
gp_scenario_67      0.67     0.780        0.77       0.79        0.73
gp_scenario_68      0.72     0.820        0.77       0.78        0.78
gp_scenario_69      0.68     0.780        0.75       0.76        0.70
gp_scenario_70      0.69     0.830        0.80       0.82        0.75
gp_scenario_71      0.73     0.870        0.87       0.87        0.78
gp_scenario_72      0.68     0.780        0.77       0.78        0.74
gp_scenario_73      0.76     0.850        0.81       0.84        0.78
gp_scenario_74      0.69     0.820        0.81       0.82        0.77
gp_scenario_75      0.70     0.830        0.80       0.81        0.76
gp_scenario_76      0.71     0.850        0.82       0.83        0.78
gp_scenario_77      0.70     0.860        0.86       0.87        0.80
gp_scenario_78      0.66     0.740        0.74       0.74        0.73
gp_scenario_79      0.81     0.880        0.87       0.88        0.84
gp_scenario_80      0.55     0.740        0.69       0.71        0.66
gp_scenario_81      0.63     0.750        0.74       0.75        0.73
gp_scenario_82      0.78     0.880        0.85       0.87        0.85
gp_scenario_83      0.70     0.830        0.81       0.82        0.75
gp_scenario_84      0.67     0.810        0.79       0.80        0.76
gp_scenario_85      0.69     0.790        0.76       0.77        0.72
gp_scenario_86      0.67     0.800        0.77       0.79        0.76
gp_scenario_87      0.69     0.840        0.83       0.84        0.81
gp_scenario_88      0.69     0.790        0.80       0.80        0.78
gp_scenario_89      0.75     0.840        0.81       0.82        0.76
gp_scenario_90      0.72     0.830        0.79       0.80        0.76
gp_scenario_91      0.69     0.800        0.74       0.76        0.71
gp_scenario_92      0.74     0.840        0.80       0.82        0.78
gp_scenario_93      0.75     0.850        0.82       0.83        0.79
gp_scenario_94      0.65     0.790        0.79       0.80        0.78
gp_scenario_95      0.68     0.800        0.77       0.79        0.75
gp_scenario_96      0.67     0.810        0.80       0.81        0.77
gp_scenario_97      0.66     0.810        0.79       0.79        0.75
gp_scenario_98      0.67     0.810        0.81       0.82        0.74
gp_scenario_99      0.69     0.820        0.81       0.82        0.77
gp_scenario_100     0.77     0.850        0.80       0.82        0.76
pa_median           0.69     0.820        0.80       0.81        0.76
pa_iqr              0.05     0.042        0.04       0.03        0.04
                RF_ls_means SVR_ls_means GBLUP_ls_means RKHS_ls_means
gp_scenario_1          0.36        0.360           0.33         0.350
gp_scenario_2          0.45        0.500           0.37         0.510
gp_scenario_3          0.43        0.510           0.44         0.510
gp_scenario_4          0.40        0.500           0.48         0.490
gp_scenario_5          0.45        0.520           0.46         0.520
gp_scenario_6          0.38        0.400           0.28         0.390
gp_scenario_7          0.38        0.520           0.54         0.510
gp_scenario_8          0.41        0.480           0.40         0.460
gp_scenario_9          0.42        0.540           0.48         0.540
gp_scenario_10         0.42        0.460           0.46         0.450
gp_scenario_11         0.41        0.500           0.39         0.520
gp_scenario_12         0.44        0.430           0.34         0.400
gp_scenario_13         0.43        0.390           0.40         0.380
gp_scenario_14         0.47        0.450           0.38         0.450
gp_scenario_15         0.39        0.550           0.53         0.550
gp_scenario_16         0.41        0.480           0.45         0.470
gp_scenario_17         0.37        0.460           0.38         0.440
gp_scenario_18         0.48        0.560           0.48         0.560
gp_scenario_19         0.44        0.490           0.38         0.470
gp_scenario_20         0.46        0.490           0.42         0.480
gp_scenario_21         0.38        0.410           0.33         0.390
gp_scenario_22         0.47        0.440           0.35         0.430
gp_scenario_23         0.38        0.520           0.51         0.540
gp_scenario_24         0.41        0.430           0.28         0.420
gp_scenario_25         0.44        0.490           0.42         0.480
gp_scenario_26         0.49        0.480           0.40         0.480
gp_scenario_27         0.41        0.400           0.33         0.380
gp_scenario_28         0.44        0.530           0.43         0.530
gp_scenario_29         0.44        0.470           0.34         0.460
gp_scenario_30         0.39        0.520           0.44         0.500
gp_scenario_31         0.50        0.500           0.46         0.490
gp_scenario_32         0.28        0.420           0.32         0.410
gp_scenario_33         0.32        0.430           0.41         0.420
gp_scenario_34         0.41        0.490           0.34         0.490
gp_scenario_35         0.47        0.490           0.42         0.490
gp_scenario_36         0.39        0.420           0.35         0.430
gp_scenario_37         0.34        0.370           0.27         0.350
gp_scenario_38         0.29        0.440           0.41         0.420
gp_scenario_39         0.57        0.530           0.44         0.520
gp_scenario_40         0.46        0.460           0.35         0.460
gp_scenario_41         0.45        0.460           0.41         0.470
gp_scenario_42         0.51        0.500           0.39         0.470
gp_scenario_43         0.47        0.570           0.49         0.580
gp_scenario_44         0.40        0.380           0.30         0.380
gp_scenario_45         0.43        0.450           0.35         0.450
gp_scenario_46         0.51        0.550           0.48         0.530
gp_scenario_47         0.34        0.320           0.21         0.310
gp_scenario_48         0.50        0.520           0.42         0.500
gp_scenario_49         0.39        0.450           0.41         0.480
gp_scenario_50         0.44        0.370           0.27         0.350
gp_scenario_51         0.49        0.500           0.46         0.490
gp_scenario_52         0.40        0.480           0.41         0.470
gp_scenario_53         0.25        0.430           0.42         0.430
gp_scenario_54         0.60        0.610           0.55         0.620
gp_scenario_55         0.45        0.470           0.40         0.460
gp_scenario_56         0.47        0.550           0.45         0.540
gp_scenario_57         0.34        0.380           0.36         0.360
gp_scenario_58         0.51        0.530           0.44         0.520
gp_scenario_59         0.39        0.500           0.39         0.480
gp_scenario_60         0.37        0.390           0.34         0.390
gp_scenario_61         0.38        0.510           0.48         0.520
gp_scenario_62         0.32        0.390           0.37         0.390
gp_scenario_63         0.49        0.540           0.47         0.510
gp_scenario_64         0.39        0.390           0.28         0.370
gp_scenario_65         0.52        0.530           0.49         0.500
gp_scenario_66         0.48        0.510           0.40         0.490
gp_scenario_67         0.32        0.440           0.40         0.450
gp_scenario_68         0.40        0.510           0.47         0.490
gp_scenario_69         0.42        0.450           0.35         0.430
gp_scenario_70         0.49        0.450           0.39         0.460
gp_scenario_71         0.43        0.510           0.48         0.520
gp_scenario_72         0.50        0.460           0.40         0.460
gp_scenario_73         0.53        0.560           0.43         0.570
gp_scenario_74         0.32        0.410           0.35         0.410
gp_scenario_75         0.38        0.410           0.33         0.400
gp_scenario_76         0.37        0.420           0.33         0.400
gp_scenario_77         0.47        0.510           0.49         0.530
gp_scenario_78         0.47        0.490           0.42         0.480
gp_scenario_79         0.43        0.500           0.45         0.480
gp_scenario_80         0.37        0.500           0.46         0.490
gp_scenario_81         0.57        0.530           0.46         0.510
gp_scenario_82         0.50        0.470           0.38         0.450
gp_scenario_83         0.38        0.460           0.42         0.460
gp_scenario_84         0.41        0.520           0.46         0.510
gp_scenario_85         0.29        0.390           0.31         0.390
gp_scenario_86         0.51        0.580           0.52         0.610
gp_scenario_87         0.48        0.560           0.50         0.570
gp_scenario_88         0.40        0.400           0.32         0.390
gp_scenario_89         0.45        0.470           0.32         0.460
gp_scenario_90         0.38        0.420           0.37         0.410
gp_scenario_91         0.40        0.490           0.44         0.490
gp_scenario_92         0.27        0.410           0.36         0.410
gp_scenario_93         0.32        0.380           0.30         0.360
gp_scenario_94         0.53        0.540           0.45         0.510
gp_scenario_95         0.50        0.500           0.43         0.490
gp_scenario_96         0.36        0.430           0.36         0.440
gp_scenario_97         0.46        0.460           0.40         0.460
gp_scenario_98         0.52        0.580           0.55         0.550
gp_scenario_99         0.39        0.420           0.32         0.400
gp_scenario_100        0.29        0.410           0.30         0.410
pa_median              0.42        0.480           0.40         0.470
pa_iqr                 0.09        0.083           0.10         0.093
                LASSO_ls_means RF_blups SVR_blups GBLUP_blups RKHS_blups
gp_scenario_1             0.33    0.460      0.40        0.37       0.39
gp_scenario_2             0.46    0.390      0.48        0.36       0.47
gp_scenario_3             0.44    0.400      0.50        0.43       0.46
gp_scenario_4             0.34    0.440      0.52        0.48       0.52
gp_scenario_5             0.47    0.330      0.46        0.38       0.43
gp_scenario_6             0.30    0.340      0.37        0.23       0.34
gp_scenario_7             0.48    0.320      0.52        0.52       0.49
gp_scenario_8             0.44    0.380      0.45        0.39       0.46
gp_scenario_9             0.40    0.410      0.56        0.48       0.53
gp_scenario_10            0.36    0.330      0.41        0.43       0.39
gp_scenario_11            0.49    0.380      0.50        0.38       0.48
gp_scenario_12            0.40    0.410      0.41        0.34       0.39
gp_scenario_13            0.41    0.310      0.33        0.33       0.30
gp_scenario_14            0.45    0.420      0.45        0.35       0.42
gp_scenario_15            0.42    0.380      0.56        0.54       0.56
gp_scenario_16            0.40    0.350      0.46        0.46       0.45
gp_scenario_17            0.32    0.280      0.42        0.35       0.38
gp_scenario_18            0.50    0.480      0.56        0.48       0.55
gp_scenario_19            0.42    0.450      0.49        0.39       0.47
gp_scenario_20            0.42    0.480      0.50        0.42       0.48
gp_scenario_21            0.33    0.330      0.36        0.28       0.34
gp_scenario_22            0.39    0.350      0.38        0.30       0.36
gp_scenario_23            0.40    0.360      0.54        0.51       0.51
gp_scenario_24            0.39    0.440      0.49        0.31       0.45
gp_scenario_25            0.42    0.460      0.48        0.39       0.45
gp_scenario_26            0.43    0.360      0.41        0.33       0.40
gp_scenario_27            0.36    0.380      0.37        0.31       0.36
gp_scenario_28            0.43    0.420      0.50        0.41       0.50
gp_scenario_29            0.31    0.440      0.48        0.33       0.45
gp_scenario_30            0.38    0.370      0.45        0.39       0.44
gp_scenario_31            0.48    0.460      0.51        0.46       0.49
gp_scenario_32            0.30    0.230      0.41        0.30       0.38
gp_scenario_33            0.42    0.310      0.42        0.39       0.40
gp_scenario_34            0.39    0.470      0.52        0.37       0.51
gp_scenario_35            0.41    0.410      0.43        0.39       0.44
gp_scenario_36            0.26    0.330      0.43        0.35       0.41
gp_scenario_37            0.40    0.290      0.34        0.23       0.31
gp_scenario_38            0.35    0.320      0.47        0.41       0.44
gp_scenario_39            0.51    0.510      0.49        0.41       0.49
gp_scenario_40            0.33    0.350      0.40        0.28       0.39
gp_scenario_41            0.41    0.350      0.44        0.38       0.43
gp_scenario_42            0.42    0.470      0.49        0.36       0.44
gp_scenario_43            0.47    0.480      0.59        0.49       0.59
gp_scenario_44            0.30    0.330      0.34        0.27       0.35
gp_scenario_45            0.38    0.340      0.43        0.33       0.40
gp_scenario_46            0.44    0.530      0.59        0.50       0.56
gp_scenario_47            0.22    0.250      0.28        0.17       0.25
gp_scenario_48            0.40    0.530      0.50        0.39       0.47
gp_scenario_49            0.42    0.290      0.45        0.40       0.45
gp_scenario_50            0.35    0.310      0.34        0.24       0.30
gp_scenario_51            0.45    0.430      0.50        0.42       0.46
gp_scenario_52            0.34    0.330      0.39        0.35       0.39
gp_scenario_53            0.17    0.280      0.41        0.42       0.43
gp_scenario_54            0.50    0.610      0.60        0.54       0.59
gp_scenario_55            0.36    0.350      0.46        0.39       0.45
gp_scenario_56            0.51    0.360      0.45        0.37       0.43
gp_scenario_57            0.38    0.340      0.39        0.36       0.35
gp_scenario_58            0.52    0.510      0.55        0.44       0.53
gp_scenario_59            0.37    0.390      0.50        0.40       0.48
gp_scenario_60            0.29    0.300      0.39        0.32       0.37
gp_scenario_61            0.37    0.380      0.48        0.43       0.47
gp_scenario_62            0.35    0.270      0.37        0.37       0.37
gp_scenario_63            0.39    0.360      0.50        0.43       0.47
gp_scenario_64            0.26    0.390      0.42        0.31       0.38
gp_scenario_65            0.40    0.480      0.48        0.47       0.47
gp_scenario_66            0.36    0.390      0.45        0.37       0.45
gp_scenario_67            0.39    0.300      0.43        0.41       0.42
gp_scenario_68            0.45    0.420      0.54        0.48       0.51
gp_scenario_69            0.41    0.410      0.44        0.33       0.43
gp_scenario_70            0.49    0.410      0.37        0.31       0.35
gp_scenario_71            0.40    0.380      0.50        0.49       0.50
gp_scenario_72            0.44    0.400      0.37        0.32       0.37
gp_scenario_73            0.46    0.500      0.56        0.43       0.56
gp_scenario_74            0.32    0.270      0.44        0.34       0.40
gp_scenario_75            0.36    0.370      0.40        0.32       0.38
gp_scenario_76            0.39    0.330      0.46        0.33       0.40
gp_scenario_77            0.34    0.390      0.45        0.45       0.49
gp_scenario_78            0.41    0.410      0.45        0.40       0.46
gp_scenario_79            0.42    0.400      0.47        0.42       0.44
gp_scenario_80            0.45    0.440      0.51        0.47       0.50
gp_scenario_81            0.45    0.470      0.50        0.45       0.50
gp_scenario_82            0.34    0.390      0.46        0.37       0.40
gp_scenario_83            0.37    0.340      0.42        0.38       0.41
gp_scenario_84            0.41    0.290      0.47        0.43       0.45
gp_scenario_85            0.27    0.290      0.41        0.31       0.39
gp_scenario_86            0.52    0.430      0.57        0.50       0.59
gp_scenario_87            0.49    0.400      0.53        0.44       0.52
gp_scenario_88            0.27    0.380      0.39        0.33       0.40
gp_scenario_89            0.39    0.420      0.46        0.32       0.44
gp_scenario_90            0.34    0.300      0.42        0.34       0.37
gp_scenario_91            0.46    0.350      0.47        0.42       0.46
gp_scenario_92            0.28    0.170      0.34        0.31       0.32
gp_scenario_93            0.38    0.330      0.41        0.31       0.36
gp_scenario_94            0.47    0.510      0.54        0.46       0.52
gp_scenario_95            0.36    0.380      0.44        0.39       0.42
gp_scenario_96            0.39    0.360      0.42        0.36       0.43
gp_scenario_97            0.45    0.470      0.50        0.39       0.46
gp_scenario_98            0.47    0.410      0.49        0.47       0.47
gp_scenario_99            0.35    0.370      0.40        0.32       0.39
gp_scenario_100           0.21    0.270      0.38        0.28       0.37
pa_median                 0.40    0.380      0.45        0.38       0.44
pa_iqr                    0.09    0.092      0.09        0.10       0.09
                LASSO_blups
gp_scenario_1          0.38
gp_scenario_2          0.39
gp_scenario_3          0.37
gp_scenario_4          0.39
gp_scenario_5          0.33
gp_scenario_6          0.26
gp_scenario_7          0.43
gp_scenario_8          0.45
gp_scenario_9          0.40
gp_scenario_10         0.31
gp_scenario_11         0.46
gp_scenario_12         0.38
gp_scenario_13         0.31
gp_scenario_14         0.39
gp_scenario_15         0.45
gp_scenario_16         0.35
gp_scenario_17         0.26
gp_scenario_18         0.50
gp_scenario_19         0.38
gp_scenario_20         0.40
gp_scenario_21         0.30
gp_scenario_22         0.32
gp_scenario_23         0.33
gp_scenario_24         0.41
gp_scenario_25         0.45
gp_scenario_26         0.42
gp_scenario_27         0.32
gp_scenario_28         0.35
gp_scenario_29         0.32
gp_scenario_30         0.34
gp_scenario_31         0.48
gp_scenario_32         0.19
gp_scenario_33         0.37
gp_scenario_34         0.39
gp_scenario_35         0.37
gp_scenario_36         0.19
gp_scenario_37         0.32
gp_scenario_38         0.37
gp_scenario_39         0.48
gp_scenario_40         0.18
gp_scenario_41         0.40
gp_scenario_42         0.44
gp_scenario_43         0.41
gp_scenario_44         0.30
gp_scenario_45         0.39
gp_scenario_46         0.52
gp_scenario_47         0.23
gp_scenario_48         0.46
gp_scenario_49         0.37
gp_scenario_50         0.29
gp_scenario_51         0.42
gp_scenario_52         0.26
gp_scenario_53         0.35
gp_scenario_54         0.48
gp_scenario_55         0.26
gp_scenario_56         0.40
gp_scenario_57         0.35
gp_scenario_58         0.48
gp_scenario_59         0.33
gp_scenario_60         0.24
gp_scenario_61         0.29
gp_scenario_62         0.33
gp_scenario_63         0.34
gp_scenario_64         0.36
gp_scenario_65         0.39
gp_scenario_66         0.32
gp_scenario_67         0.37
gp_scenario_68         0.42
gp_scenario_69         0.35
gp_scenario_70         0.37
gp_scenario_71         0.34
gp_scenario_72         0.43
gp_scenario_73         0.44
gp_scenario_74         0.26
gp_scenario_75         0.36
gp_scenario_76         0.37
gp_scenario_77         0.35
gp_scenario_78         0.39
gp_scenario_79         0.34
gp_scenario_80         0.39
gp_scenario_81         0.44
gp_scenario_82         0.31
gp_scenario_83         0.35
gp_scenario_84         0.37
gp_scenario_85         0.29
gp_scenario_86         0.47
gp_scenario_87         0.40
gp_scenario_88         0.34
gp_scenario_89         0.44
gp_scenario_90         0.30
gp_scenario_91         0.43
gp_scenario_92         0.29
gp_scenario_93         0.36
gp_scenario_94         0.49
gp_scenario_95         0.32
gp_scenario_96         0.33
gp_scenario_97         0.48
gp_scenario_98         0.37
gp_scenario_99         0.36
gp_scenario_100        0.22
pa_median              0.37
pa_iqr                 0.09
                GBLUP_wiser GBLUP_ls_means GBLUP_blups
gp_scenario_1          0.97          0.730        0.70
gp_scenario_2          0.93          0.680        0.69
gp_scenario_3          0.94          0.670        0.67
gp_scenario_4          0.91          0.580        0.61
gp_scenario_5          0.95          0.660        0.67
gp_scenario_6          0.95          0.700        0.73
gp_scenario_7          0.91          0.640        0.65
gp_scenario_8          0.95          0.710        0.68
gp_scenario_9          0.92          0.570        0.58
gp_scenario_10         0.92          0.650        0.67
gp_scenario_11         0.94          0.640        0.66
gp_scenario_12         0.96          0.740        0.71
gp_scenario_13         0.94          0.660        0.69
gp_scenario_14         0.92          0.680        0.71
gp_scenario_15         0.93          0.590        0.59
gp_scenario_16         0.94          0.670        0.68
gp_scenario_17         0.94          0.700        0.70
gp_scenario_18         0.92          0.600        0.62
gp_scenario_19         0.96          0.720        0.68
gp_scenario_20         0.95          0.670        0.68
gp_scenario_21         0.94          0.690        0.67
gp_scenario_22         0.95          0.700        0.73
gp_scenario_23         0.96          0.670        0.66
gp_scenario_24         0.94          0.640        0.66
gp_scenario_25         0.93          0.650        0.67
gp_scenario_26         0.93          0.630        0.65
gp_scenario_27         0.95          0.780        0.75
gp_scenario_28         0.91          0.580        0.60
gp_scenario_29         0.95          0.690        0.70
gp_scenario_30         0.95          0.690        0.71
gp_scenario_31         0.93          0.640        0.64
gp_scenario_32         0.91          0.660        0.67
gp_scenario_33         0.94          0.670        0.69
gp_scenario_34         0.95          0.620        0.62
gp_scenario_35         0.96          0.720        0.71
gp_scenario_36         0.93          0.620        0.63
gp_scenario_37         0.96          0.720        0.74
gp_scenario_38         0.95          0.670        0.66
gp_scenario_39         0.94          0.730        0.72
gp_scenario_40         0.90          0.610        0.63
gp_scenario_41         0.94          0.670        0.69
gp_scenario_42         0.95          0.690        0.71
gp_scenario_43         0.93          0.630        0.63
gp_scenario_44         0.95          0.750        0.74
gp_scenario_45         0.94          0.650        0.65
gp_scenario_46         0.93          0.610        0.62
gp_scenario_47         0.92          0.690        0.71
gp_scenario_48         0.96          0.650        0.67
gp_scenario_49         0.93          0.630        0.64
gp_scenario_50         0.96          0.790        0.77
gp_scenario_51         0.96          0.690        0.71
gp_scenario_52         0.94          0.650        0.70
gp_scenario_53         0.93          0.630        0.64
gp_scenario_54         0.93          0.630        0.63
gp_scenario_55         0.94          0.700        0.67
gp_scenario_56         0.95          0.710        0.74
gp_scenario_57         0.91          0.650        0.65
gp_scenario_58         0.96          0.720        0.70
gp_scenario_59         0.93          0.600        0.61
gp_scenario_60         0.95          0.680        0.69
gp_scenario_61         0.96          0.620        0.63
gp_scenario_62         0.93          0.680        0.69
gp_scenario_63         0.93          0.660        0.68
gp_scenario_64         0.94          0.670        0.68
gp_scenario_65         0.94          0.690        0.69
gp_scenario_66         0.93          0.630        0.64
gp_scenario_67         0.92          0.630        0.65
gp_scenario_68         0.97          0.640        0.64
gp_scenario_69         0.96          0.730        0.72
gp_scenario_70         0.93          0.710        0.72
gp_scenario_71         0.92          0.690        0.68
gp_scenario_72         0.95          0.700        0.69
gp_scenario_73         0.93          0.610        0.63
gp_scenario_74         0.93          0.660        0.68
gp_scenario_75         0.95          0.690        0.70
gp_scenario_76         0.95          0.710        0.71
gp_scenario_77         0.91          0.630        0.64
gp_scenario_78         0.95          0.710        0.68
gp_scenario_79         0.92          0.640        0.65
gp_scenario_80         0.94          0.620        0.66
gp_scenario_81         0.95          0.700        0.67
gp_scenario_82         0.93          0.650        0.65
gp_scenario_83         0.94          0.690        0.71
gp_scenario_84         0.95          0.670        0.68
gp_scenario_85         0.95          0.640        0.67
gp_scenario_86         0.94          0.610        0.61
gp_scenario_87         0.92          0.630        0.66
gp_scenario_88         0.93          0.720        0.69
gp_scenario_89         0.95          0.690        0.72
gp_scenario_90         0.95          0.660        0.67
gp_scenario_91         0.96          0.720        0.72
gp_scenario_92         0.93          0.670        0.69
gp_scenario_93         0.93          0.660        0.67
gp_scenario_94         0.94          0.670        0.64
gp_scenario_95         0.95          0.640        0.67
gp_scenario_96         0.93          0.610        0.63
gp_scenario_97         0.94          0.680        0.67
gp_scenario_98         0.92          0.630        0.67
gp_scenario_99         0.95          0.750        0.73
gp_scenario_100        0.95          0.690        0.69
h2_median              0.94          0.670        0.67
h2_iqr                 0.02          0.055        0.05
