[1] "using refpop_env"
Le chargement a nécessité le package : Matrix

Attachement du package : ‘tidyr’

Les objets suivants sont masqués depuis ‘package:Matrix’:

    expand, pack, unpack

Le chargement a nécessité le package : foreach
Le chargement a nécessité le package : iterators
Le chargement a nécessité le package : parallel
Le chargement a nécessité le package : rngtools
This build of rgl does not include OpenGL functions.  Use
 rglwidget() to display results, e.g. via options(rgl.printRglwidget = TRUE).
Le chargement a nécessité le package : Rcpp
Le chargement a nécessité le package : RcppZiggurat
Le chargement a nécessité le package : RcppParallel

Attachement du package : ‘RcppParallel’

L'objet suivant est masqué depuis ‘package:Rcpp’:

    LdFlags


Rfast: 2.1.0
 ___ __ __ __ __    __ __ __ __ __ _             _               __ __ __ __ __     __ __ __ __ __ __   
|  __ __ __ __  |  |  __ __ __ __ _/            / \             |  __ __ __ __ /   /__ __ _   _ __ __\  
| |           | |  | |                         / _ \            | |                        / /          
| |           | |  | |                        / / \ \           | |                       / /          
| |           | |  | |                       / /   \ \          | |                      / /          
| |__ __ __ __| |  | |__ __ __ __           / /     \ \         | |__ __ __ __ _        / /__/\          
|    __ __ __ __|  |  __ __ __ __|         / /__ _ __\ \        |_ __ __ __ _   |      / ___  /           
|   \              | |                    / _ _ _ _ _ _ \                     | |      \/  / /       
| |\ \             | |                   / /           \ \                    | |         / /          
| | \ \            | |                  / /             \ \                   | |        / /          
| |  \ \           | |                 / /               \ \                  | |       / /          
| |   \ \__ __ _   | |                / /                 \ \     _ __ __ __ _| |      / /          
|_|    \__ __ __\  |_|               /_/                   \_\   /_ __ __ __ ___|      \/             team

Attachement du package : ‘Rfast’

Les objets suivants sont masqués depuis ‘package:robustbase’:

    colMedians, rowMedians

L'objet suivant est masqué depuis ‘package:data.table’:

    transpose

Le chargement a nécessité le package : lattice

Attachement du package : ‘plotly’

L'objet suivant est masqué depuis ‘package:ggplot2’:

    last_plot

L'objet suivant est masqué depuis ‘package:MASS’:

    select

L'objet suivant est masqué depuis ‘package:stats’:

    filter

L'objet suivant est masqué depuis ‘package:graphics’:

    layout


Attachement du package : ‘dplyr’

L'objet suivant est masqué depuis ‘package:Rfast’:

    nth

Les objets suivants sont masqués depuis ‘package:data.table’:

    between, first, last

L'objet suivant est masqué depuis ‘package:MASS’:

    select

Les objets suivants sont masqués depuis ‘package:stats’:

    filter, lag

Les objets suivants sont masqués depuis ‘package:base’:

    intersect, setdiff, setequal, union


Attachement du package : ‘kernlab’

L'objet suivant est masqué depuis ‘package:ggplot2’:

    alpha

Le chargement a nécessité le package : corpcor

Attachement du package : ‘corpcor’

L'objet suivant est masqué depuis ‘package:matrixcalc’:

    is.positive.definite

Loaded glmnet 4.1-8

Loaded mixOmics 6.25.1
Thank you for using mixOmics!
Tutorials: http://mixomics.org
Bookdown vignette: https://mixomicsteam.github.io/Bookdown
Questions, issues: Follow the prompts at http://mixomics.org/contact-us
Cite us:  citation('mixOmics')

[1] "kernel: linear"
[1] "trait: Fruit_weight"
                RF_wiser SVR_wiser GBLUP_wiser RKHS_wiser LASSO_wiser
gp_scenario_1       0.80      0.82       0.800       0.81        0.80
gp_scenario_2       0.74      0.78       0.740       0.78        0.69
gp_scenario_3       0.80      0.82       0.780       0.81        0.79
gp_scenario_4       0.78      0.81       0.780       0.80        0.76
gp_scenario_5       0.81      0.84       0.790       0.83        0.80
gp_scenario_6       0.83      0.83       0.770       0.83        0.79
gp_scenario_7       0.81      0.82       0.770       0.81        0.77
gp_scenario_8       0.80      0.80       0.720       0.79        0.76
gp_scenario_9       0.78      0.82       0.800       0.82        0.78
gp_scenario_10      0.71      0.76       0.770       0.76        0.68
gp_scenario_11      0.81      0.85       0.830       0.85        0.82
gp_scenario_12      0.72      0.75       0.740       0.74        0.71
gp_scenario_13      0.81      0.83       0.780       0.82        0.77
gp_scenario_14      0.80      0.84       0.790       0.84        0.79
gp_scenario_15      0.78      0.80       0.780       0.79        0.74
gp_scenario_16      0.76      0.77       0.740       0.76        0.75
gp_scenario_17      0.76      0.79       0.750       0.79        0.75
gp_scenario_18      0.83      0.86       0.830       0.86        0.80
gp_scenario_19      0.78      0.84       0.780       0.84        0.77
gp_scenario_20      0.78      0.78       0.730       0.78        0.77
gp_scenario_21      0.79      0.82       0.800       0.82        0.79
gp_scenario_22      0.76      0.79       0.730       0.78        0.71
gp_scenario_23      0.79      0.81       0.770       0.80        0.77
gp_scenario_24      0.77      0.78       0.760       0.77        0.73
gp_scenario_25      0.81      0.83       0.790       0.82        0.77
gp_scenario_26      0.78      0.83       0.790       0.82        0.77
gp_scenario_27      0.83      0.84       0.790       0.83        0.79
gp_scenario_28      0.76      0.79       0.750       0.79        0.75
gp_scenario_29      0.64      0.72       0.700       0.71        0.67
gp_scenario_30      0.80      0.83       0.790       0.83        0.79
gp_scenario_31      0.74      0.77       0.740       0.77        0.73
gp_scenario_32      0.83      0.84       0.790       0.84        0.83
gp_scenario_33      0.82      0.87       0.830       0.86        0.80
gp_scenario_34      0.74      0.78       0.750       0.77        0.73
gp_scenario_35      0.81      0.83       0.810       0.83        0.78
gp_scenario_36      0.79      0.84       0.810       0.83        0.79
gp_scenario_37      0.80      0.81       0.790       0.80        0.76
gp_scenario_38      0.78      0.80       0.760       0.78        0.76
gp_scenario_39      0.80      0.83       0.820       0.83        0.78
gp_scenario_40      0.74      0.80       0.770       0.80        0.75
gp_scenario_41      0.78      0.81       0.770       0.79        0.76
gp_scenario_42      0.82      0.83       0.780       0.83        0.80
gp_scenario_43      0.74      0.78       0.750       0.78        0.75
gp_scenario_44      0.81      0.84       0.800       0.84        0.78
gp_scenario_45      0.78      0.79       0.750       0.78        0.75
gp_scenario_46      0.73      0.76       0.730       0.75        0.71
gp_scenario_47      0.81      0.82       0.780       0.81        0.79
gp_scenario_48      0.83      0.84       0.800       0.84        0.81
gp_scenario_49      0.77      0.80       0.750       0.78        0.75
gp_scenario_50      0.80      0.83       0.790       0.83        0.80
gp_scenario_51      0.80      0.83       0.810       0.83        0.75
gp_scenario_52      0.85      0.87       0.830       0.87        0.83
gp_scenario_53      0.76      0.79       0.780       0.79        0.74
gp_scenario_54      0.79      0.81       0.760       0.80        0.77
gp_scenario_55      0.74      0.75       0.730       0.75        0.74
gp_scenario_56      0.80      0.82       0.770       0.82        0.79
gp_scenario_57      0.82      0.80       0.720       0.77        0.75
gp_scenario_58      0.78      0.83       0.780       0.83        0.77
gp_scenario_59      0.73      0.75       0.720       0.75        0.71
gp_scenario_60      0.74      0.79       0.790       0.80        0.76
gp_scenario_61      0.82      0.81       0.760       0.80        0.79
gp_scenario_62      0.72      0.74       0.710       0.73        0.69
gp_scenario_63      0.79      0.79       0.760       0.79        0.76
gp_scenario_64      0.81      0.86       0.830       0.86        0.81
gp_scenario_65      0.78      0.80       0.760       0.80        0.75
gp_scenario_66      0.74      0.80       0.790       0.79        0.76
gp_scenario_67      0.77      0.82       0.800       0.81        0.73
gp_scenario_68      0.83      0.83       0.780       0.82        0.80
gp_scenario_69      0.77      0.79       0.750       0.79        0.75
gp_scenario_70      0.74      0.80       0.750       0.79        0.72
gp_scenario_71      0.72      0.76       0.730       0.75        0.70
gp_scenario_72      0.79      0.82       0.810       0.82        0.79
gp_scenario_73      0.77      0.80       0.790       0.80        0.76
gp_scenario_74      0.80      0.81       0.770       0.81        0.75
gp_scenario_75      0.79      0.83       0.800       0.83        0.78
gp_scenario_76      0.75      0.80       0.770       0.81        0.77
gp_scenario_77      0.81      0.82       0.810       0.82        0.80
gp_scenario_78      0.82      0.82       0.790       0.82        0.77
gp_scenario_79      0.74      0.79       0.740       0.78        0.72
gp_scenario_80      0.79      0.80       0.750       0.79        0.74
gp_scenario_81      0.83      0.85       0.820       0.85        0.81
gp_scenario_82      0.75      0.81       0.780       0.81        0.74
gp_scenario_83      0.77      0.80       0.760       0.79        0.73
gp_scenario_84      0.78      0.81       0.770       0.80        0.76
gp_scenario_85      0.78      0.83       0.800       0.82        0.76
gp_scenario_86      0.73      0.77       0.750       0.77        0.73
gp_scenario_87      0.74      0.81       0.810       0.80        0.76
gp_scenario_88      0.79      0.77       0.690       0.77        0.74
gp_scenario_89      0.82      0.84       0.800       0.84        0.80
gp_scenario_90      0.83      0.84       0.780       0.83        0.78
gp_scenario_91      0.83      0.84       0.790       0.83        0.82
gp_scenario_92      0.76      0.77       0.720       0.77        0.71
gp_scenario_93      0.76      0.82       0.800       0.80        0.71
gp_scenario_94      0.79      0.83       0.820       0.83        0.79
gp_scenario_95      0.76      0.82       0.770       0.82        0.78
gp_scenario_96      0.80      0.86       0.830       0.85        0.81
gp_scenario_97      0.80      0.82       0.770       0.82        0.77
gp_scenario_98      0.77      0.78       0.750       0.78        0.78
gp_scenario_99      0.76      0.79       0.750       0.79        0.74
gp_scenario_100     0.75      0.75       0.720       0.74        0.71
pa_median           0.78      0.81       0.780       0.80        0.76
pa_iqr              0.05      0.04       0.042       0.05        0.05
                RF_ls_means SVR_ls_means GBLUP_ls_means RKHS_ls_means
gp_scenario_1          0.69        0.710           0.66         0.700
gp_scenario_2          0.62        0.660           0.59         0.650
gp_scenario_3          0.69        0.710           0.67         0.700
gp_scenario_4          0.69        0.710           0.67         0.700
gp_scenario_5          0.73        0.730           0.65         0.720
gp_scenario_6          0.79        0.760           0.68         0.770
gp_scenario_7          0.71        0.710           0.65         0.710
gp_scenario_8          0.64        0.650           0.56         0.650
gp_scenario_9          0.61        0.670           0.65         0.660
gp_scenario_10         0.63        0.660           0.65         0.650
gp_scenario_11         0.75        0.760           0.70         0.750
gp_scenario_12         0.62        0.640           0.62         0.620
gp_scenario_13         0.66        0.670           0.60         0.670
gp_scenario_14         0.71        0.720           0.65         0.730
gp_scenario_15         0.66        0.670           0.65         0.660
gp_scenario_16         0.65        0.630           0.59         0.630
gp_scenario_17         0.65        0.700           0.63         0.690
gp_scenario_18         0.72        0.760           0.73         0.740
gp_scenario_19         0.70        0.710           0.64         0.730
gp_scenario_20         0.66        0.660           0.58         0.670
gp_scenario_21         0.68        0.720           0.68         0.710
gp_scenario_22         0.64        0.660           0.53         0.640
gp_scenario_23         0.68        0.700           0.64         0.700
gp_scenario_24         0.65        0.680           0.65         0.660
gp_scenario_25         0.71        0.680           0.63         0.680
gp_scenario_26         0.69        0.720           0.68         0.720
gp_scenario_27         0.76        0.770           0.69         0.780
gp_scenario_28         0.63        0.640           0.58         0.660
gp_scenario_29         0.48        0.570           0.53         0.550
gp_scenario_30         0.69        0.700           0.64         0.700
gp_scenario_31         0.63        0.670           0.62         0.670
gp_scenario_32         0.73        0.710           0.64         0.730
gp_scenario_33         0.71        0.750           0.69         0.740
gp_scenario_34         0.61        0.640           0.61         0.630
gp_scenario_35         0.68        0.710           0.69         0.700
gp_scenario_36         0.68        0.690           0.63         0.690
gp_scenario_37         0.67        0.700           0.65         0.680
gp_scenario_38         0.67        0.690           0.67         0.680
gp_scenario_39         0.69        0.700           0.68         0.710
gp_scenario_40         0.63        0.680           0.63         0.670
gp_scenario_41         0.69        0.710           0.67         0.690
gp_scenario_42         0.70        0.680           0.62         0.680
gp_scenario_43         0.62        0.650           0.63         0.650
gp_scenario_44         0.71        0.750           0.67         0.740
gp_scenario_45         0.67        0.680           0.61         0.670
gp_scenario_46         0.62        0.630           0.58         0.620
gp_scenario_47         0.70        0.730           0.66         0.740
gp_scenario_48         0.72        0.730           0.67         0.730
gp_scenario_49         0.67        0.710           0.66         0.670
gp_scenario_50         0.66        0.700           0.64         0.700
gp_scenario_51         0.66        0.700           0.66         0.690
gp_scenario_52         0.78        0.790           0.69         0.790
gp_scenario_53         0.67        0.690           0.68         0.690
gp_scenario_54         0.63        0.660           0.60         0.660
gp_scenario_55         0.61        0.610           0.59         0.610
gp_scenario_56         0.72        0.720           0.65         0.720
gp_scenario_57         0.72        0.690           0.59         0.680
gp_scenario_58         0.70        0.740           0.68         0.750
gp_scenario_59         0.56        0.560           0.49         0.550
gp_scenario_60         0.60        0.630           0.63         0.650
gp_scenario_61         0.71        0.690           0.64         0.690
gp_scenario_62         0.56        0.600           0.55         0.580
gp_scenario_63         0.69        0.670           0.63         0.660
gp_scenario_64         0.74        0.760           0.69         0.770
gp_scenario_65         0.69        0.720           0.66         0.710
gp_scenario_66         0.63        0.660           0.65         0.650
gp_scenario_67         0.63        0.690           0.65         0.670
gp_scenario_68         0.74        0.740           0.68         0.740
gp_scenario_69         0.63        0.650           0.62         0.660
gp_scenario_70         0.66        0.710           0.64         0.710
gp_scenario_71         0.61        0.620           0.58         0.600
gp_scenario_72         0.64        0.670           0.66         0.670
gp_scenario_73         0.66        0.710           0.68         0.700
gp_scenario_74         0.73        0.700           0.65         0.730
gp_scenario_75         0.69        0.710           0.66         0.700
gp_scenario_76         0.61        0.670           0.61         0.680
gp_scenario_77         0.69        0.700           0.67         0.700
gp_scenario_78         0.72        0.710           0.67         0.710
gp_scenario_79         0.60        0.630           0.54         0.620
gp_scenario_80         0.69        0.710           0.65         0.710
gp_scenario_81         0.71        0.720           0.66         0.710
gp_scenario_82         0.68        0.740           0.70         0.730
gp_scenario_83         0.67        0.690           0.62         0.690
gp_scenario_84         0.63        0.680           0.61         0.660
gp_scenario_85         0.65        0.700           0.68         0.680
gp_scenario_86         0.58        0.630           0.59         0.630
gp_scenario_87         0.63        0.700           0.68         0.660
gp_scenario_88         0.68        0.640           0.52         0.660
gp_scenario_89         0.73        0.750           0.69         0.750
gp_scenario_90         0.70        0.690           0.63         0.700
gp_scenario_91         0.73        0.710           0.64         0.720
gp_scenario_92         0.67        0.650           0.57         0.650
gp_scenario_93         0.65        0.720           0.69         0.680
gp_scenario_94         0.68        0.730           0.70         0.720
gp_scenario_95         0.67        0.730           0.66         0.730
gp_scenario_96         0.74        0.780           0.73         0.770
gp_scenario_97         0.69        0.700           0.62         0.710
gp_scenario_98         0.65        0.650           0.58         0.650
gp_scenario_99         0.62        0.640           0.58         0.660
gp_scenario_100        0.62        0.610           0.56         0.610
pa_median              0.67        0.700           0.65         0.690
pa_iqr                 0.07        0.052           0.06         0.052
                LASSO_ls_means RF_blups SVR_blups GBLUP_blups RKHS_blups
gp_scenario_1             0.68     0.35      0.41        0.35       0.41
gp_scenario_2             0.63     0.31      0.38        0.34       0.35
gp_scenario_3             0.67     0.54      0.54        0.48       0.54
gp_scenario_4             0.63     0.37      0.46        0.45       0.45
gp_scenario_5             0.67     0.41      0.49        0.39       0.43
gp_scenario_6             0.73     0.41      0.47        0.41       0.46
gp_scenario_7             0.68     0.52      0.53        0.37       0.53
gp_scenario_8             0.59     0.38      0.39        0.36       0.39
gp_scenario_9             0.58     0.27      0.40        0.39       0.35
gp_scenario_10            0.58     0.35      0.40        0.45       0.41
gp_scenario_11            0.74     0.49      0.51        0.46       0.51
gp_scenario_12            0.58     0.41      0.48        0.43       0.43
gp_scenario_13            0.62     0.25      0.30        0.22       0.27
gp_scenario_14            0.69     0.43      0.47        0.43       0.50
gp_scenario_15            0.64     0.30      0.35        0.42       0.34
gp_scenario_16            0.62     0.33      0.35        0.32       0.31
gp_scenario_17            0.65     0.25      0.41        0.37       0.40
gp_scenario_18            0.68     0.58      0.61        0.55       0.61
gp_scenario_19            0.69     0.34      0.40        0.36       0.40
gp_scenario_20            0.65     0.37      0.37        0.28       0.40
gp_scenario_21            0.66     0.42      0.50        0.43       0.51
gp_scenario_22            0.59     0.36      0.42        0.34       0.43
gp_scenario_23            0.65     0.29      0.40        0.35       0.36
gp_scenario_24            0.62     0.37      0.44        0.39       0.41
gp_scenario_25            0.66     0.35      0.35        0.37       0.36
gp_scenario_26            0.66     0.34      0.42        0.42       0.41
gp_scenario_27            0.74     0.39      0.44        0.38       0.42
gp_scenario_28            0.62     0.43      0.43        0.38       0.47
gp_scenario_29            0.52     0.32      0.41        0.39       0.38
gp_scenario_30            0.66     0.31      0.41        0.38       0.41
gp_scenario_31            0.65     0.38      0.42        0.35       0.42
gp_scenario_32            0.71     0.21      0.30        0.24       0.30
gp_scenario_33            0.70     0.53      0.55        0.46       0.52
gp_scenario_34            0.59     0.43      0.48        0.46       0.46
gp_scenario_35            0.64     0.39      0.46        0.45       0.46
gp_scenario_36            0.66     0.43      0.42        0.34       0.42
gp_scenario_37            0.64     0.37      0.48        0.46       0.48
gp_scenario_38            0.66     0.32      0.38        0.37       0.33
gp_scenario_39            0.66     0.38      0.46        0.48       0.46
gp_scenario_40            0.62     0.31      0.40        0.39       0.39
gp_scenario_41            0.67     0.43      0.46        0.44       0.44
gp_scenario_42            0.67     0.26      0.31        0.28       0.29
gp_scenario_43            0.63     0.29      0.39        0.39       0.35
gp_scenario_44            0.68     0.45      0.51        0.40       0.50
gp_scenario_45            0.64     0.52      0.45        0.40       0.52
gp_scenario_46            0.57     0.23      0.33        0.34       0.28
gp_scenario_47            0.66     0.44      0.52        0.37       0.52
gp_scenario_48            0.70     0.43      0.47        0.44       0.48
gp_scenario_49            0.63     0.49      0.54        0.50       0.49
gp_scenario_50            0.67     0.33      0.41        0.37       0.41
gp_scenario_51            0.64     0.53      0.54        0.49       0.55
gp_scenario_52            0.73     0.42      0.49        0.35       0.46
gp_scenario_53            0.67     0.22      0.35        0.40       0.34
gp_scenario_54            0.60     0.27      0.36        0.34       0.37
gp_scenario_55            0.60     0.33      0.39        0.37       0.40
gp_scenario_56            0.69     0.39      0.44        0.39       0.44
gp_scenario_57            0.66     0.33      0.33        0.21       0.30
gp_scenario_58            0.69     0.37      0.49        0.43       0.49
gp_scenario_59            0.54     0.34      0.36        0.31       0.32
gp_scenario_60            0.66     0.29      0.35        0.41       0.37
gp_scenario_61            0.69     0.27      0.38        0.32       0.36
gp_scenario_62            0.55     0.49      0.48        0.36       0.44
gp_scenario_63            0.65     0.31      0.37        0.38       0.34
gp_scenario_64            0.72     0.36      0.48        0.46       0.49
gp_scenario_65            0.64     0.35      0.43        0.38       0.44
gp_scenario_66            0.61     0.47      0.47        0.46       0.48
gp_scenario_67            0.61     0.42      0.51        0.46       0.47
gp_scenario_68            0.71     0.30      0.37        0.35       0.36
gp_scenario_69            0.63     0.15      0.30        0.37       0.29
gp_scenario_70            0.70     0.42      0.45        0.34       0.43
gp_scenario_71            0.60     0.18      0.32        0.31       0.26
gp_scenario_72            0.64     0.38      0.43        0.44       0.41
gp_scenario_73            0.64     0.50      0.55        0.49       0.55
gp_scenario_74            0.65     0.22      0.31        0.28       0.31
gp_scenario_75            0.66     0.46      0.44        0.44       0.45
gp_scenario_76            0.62     0.35      0.46        0.33       0.43
gp_scenario_77            0.66     0.37      0.44        0.41       0.43
gp_scenario_78            0.69     0.38      0.44        0.43       0.41
gp_scenario_79            0.56     0.18      0.25        0.17       0.21
gp_scenario_80            0.65     0.43      0.54        0.48       0.53
gp_scenario_81            0.72     0.26      0.35        0.33       0.32
gp_scenario_82            0.70     0.39      0.49        0.51       0.47
gp_scenario_83            0.66     0.33      0.39        0.31       0.36
gp_scenario_84            0.62     0.54      0.54        0.45       0.57
gp_scenario_85            0.65     0.39      0.51        0.48       0.47
gp_scenario_86            0.59     0.13      0.25        0.29       0.22
gp_scenario_87            0.65     0.48      0.56        0.54       0.50
gp_scenario_88            0.62     0.34      0.38        0.26       0.39
gp_scenario_89            0.71     0.45      0.48        0.42       0.51
gp_scenario_90            0.66     0.41      0.41        0.32       0.41
gp_scenario_91            0.69     0.38      0.44        0.36       0.44
gp_scenario_92            0.63     0.28      0.28        0.20       0.25
gp_scenario_93            0.60     0.55      0.61        0.56       0.54
gp_scenario_94            0.68     0.35      0.46        0.49       0.45
gp_scenario_95            0.69     0.47      0.51        0.45       0.57
gp_scenario_96            0.72     0.45      0.54        0.51       0.52
gp_scenario_97            0.66     0.49      0.46        0.34       0.51
gp_scenario_98            0.67     0.25      0.28        0.26       0.30
gp_scenario_99            0.61     0.27      0.37        0.31       0.37
gp_scenario_100           0.57     0.33      0.38        0.31       0.34
pa_median                 0.65     0.37      0.43        0.38       0.42
pa_iqr                    0.06     0.12      0.10        0.10       0.12
                LASSO_blups
gp_scenario_1          0.28
gp_scenario_2          0.24
gp_scenario_3          0.53
gp_scenario_4          0.29
gp_scenario_5          0.36
gp_scenario_6          0.39
gp_scenario_7          0.47
gp_scenario_8          0.24
gp_scenario_9          0.24
gp_scenario_10         0.33
gp_scenario_11         0.46
gp_scenario_12         0.46
gp_scenario_13         0.24
gp_scenario_14         0.47
gp_scenario_15         0.30
gp_scenario_16         0.28
gp_scenario_17         0.25
gp_scenario_18         0.52
gp_scenario_19         0.36
gp_scenario_20         0.32
gp_scenario_21         0.40
gp_scenario_22         0.34
gp_scenario_23         0.29
gp_scenario_24         0.29
gp_scenario_25         0.31
gp_scenario_26         0.27
gp_scenario_27         0.37
gp_scenario_28         0.37
gp_scenario_29         0.35
gp_scenario_30         0.37
gp_scenario_31         0.33
gp_scenario_32         0.22
gp_scenario_33         0.33
gp_scenario_34         0.37
gp_scenario_35         0.35
gp_scenario_36         0.39
gp_scenario_37         0.33
gp_scenario_38         0.29
gp_scenario_39         0.38
gp_scenario_40         0.31
gp_scenario_41         0.47
gp_scenario_42         0.25
gp_scenario_43         0.28
gp_scenario_44         0.36
gp_scenario_45         0.47
gp_scenario_46         0.20
gp_scenario_47         0.39
gp_scenario_48         0.36
gp_scenario_49         0.39
gp_scenario_50         0.28
gp_scenario_51         0.42
gp_scenario_52         0.29
gp_scenario_53         0.22
gp_scenario_54         0.31
gp_scenario_55         0.42
gp_scenario_56         0.37
gp_scenario_57         0.27
gp_scenario_58         0.35
gp_scenario_59         0.29
gp_scenario_60         0.29
gp_scenario_61         0.30
gp_scenario_62         0.34
gp_scenario_63         0.39
gp_scenario_64         0.46
gp_scenario_65         0.36
gp_scenario_66         0.41
gp_scenario_67         0.36
gp_scenario_68         0.30
gp_scenario_69         0.23
gp_scenario_70         0.41
gp_scenario_71         0.23
gp_scenario_72         0.37
gp_scenario_73         0.47
gp_scenario_74         0.21
gp_scenario_75         0.38
gp_scenario_76         0.15
gp_scenario_77         0.42
gp_scenario_78         0.33
gp_scenario_79         0.15
gp_scenario_80         0.43
gp_scenario_81         0.29
gp_scenario_82         0.40
gp_scenario_83         0.29
gp_scenario_84         0.44
gp_scenario_85         0.42
gp_scenario_86         0.17
gp_scenario_87         0.43
gp_scenario_88         0.30
gp_scenario_89         0.45
gp_scenario_90         0.35
gp_scenario_91         0.45
gp_scenario_92         0.13
gp_scenario_93         0.47
gp_scenario_94         0.35
gp_scenario_95         0.46
gp_scenario_96         0.36
gp_scenario_97         0.35
gp_scenario_98         0.35
gp_scenario_99         0.24
gp_scenario_100        0.28
pa_median              0.35
pa_iqr                 0.10
                GBLUP_wiser GBLUP_ls_means GBLUP_blups
gp_scenario_1          0.75          0.590        0.48
gp_scenario_2          0.76          0.640        0.54
gp_scenario_3          0.74          0.560        0.42
gp_scenario_4          0.75          0.580        0.46
gp_scenario_5          0.74          0.590        0.47
gp_scenario_6          0.77          0.610        0.51
gp_scenario_7          0.77          0.600        0.46
gp_scenario_8          0.76          0.580        0.47
gp_scenario_9          0.75          0.600        0.50
gp_scenario_10         0.71          0.560        0.44
gp_scenario_11         0.73          0.570        0.46
gp_scenario_12         0.75          0.580        0.46
gp_scenario_13         0.76          0.620        0.53
gp_scenario_14         0.74          0.580        0.44
gp_scenario_15         0.77          0.610        0.51
gp_scenario_16         0.78          0.630        0.54
gp_scenario_17         0.76          0.600        0.47
gp_scenario_18         0.72          0.550        0.40
gp_scenario_19         0.76          0.590        0.47
gp_scenario_20         0.76          0.600        0.50
gp_scenario_21         0.75          0.600        0.48
gp_scenario_22         0.72          0.580        0.45
gp_scenario_23         0.75          0.580        0.49
gp_scenario_24         0.79          0.600        0.48
gp_scenario_25         0.77          0.620        0.52
gp_scenario_26         0.77          0.580        0.47
gp_scenario_27         0.75          0.570        0.47
gp_scenario_28         0.76          0.620        0.48
gp_scenario_29         0.75          0.610        0.49
gp_scenario_30         0.75          0.610        0.50
gp_scenario_31         0.78          0.590        0.47
gp_scenario_32         0.78          0.650        0.58
gp_scenario_33         0.70          0.540        0.41
gp_scenario_34         0.76          0.590        0.44
gp_scenario_35         0.73          0.570        0.46
gp_scenario_36         0.72          0.580        0.46
gp_scenario_37         0.75          0.580        0.43
gp_scenario_38         0.77          0.590        0.49
gp_scenario_39         0.74          0.600        0.49
gp_scenario_40         0.75          0.610        0.51
gp_scenario_41         0.79          0.610        0.50
gp_scenario_42         0.76          0.640        0.56
gp_scenario_43         0.73          0.580        0.47
gp_scenario_44         0.73          0.550        0.42
gp_scenario_45         0.76          0.580        0.43
gp_scenario_46         0.79          0.650        0.57
gp_scenario_47         0.72          0.550        0.42
gp_scenario_48         0.74          0.580        0.47
gp_scenario_49         0.74          0.560        0.42
gp_scenario_50         0.77          0.600        0.48
gp_scenario_51         0.72          0.580        0.46
gp_scenario_52         0.72          0.570        0.46
gp_scenario_53         0.77          0.600        0.49
gp_scenario_54         0.76          0.610        0.52
gp_scenario_55         0.80          0.610        0.49
gp_scenario_56         0.76          0.600        0.49
gp_scenario_57         0.78          0.630        0.54
gp_scenario_58         0.73          0.550        0.41
gp_scenario_59         0.77          0.620        0.52
gp_scenario_60         0.75          0.580        0.46
gp_scenario_61         0.77          0.590        0.49
gp_scenario_62         0.76          0.600        0.47
gp_scenario_63         0.78          0.630        0.54
gp_scenario_64         0.72          0.570        0.44
gp_scenario_65         0.76          0.590        0.47
gp_scenario_66         0.76          0.610        0.48
gp_scenario_67         0.71          0.550        0.40
gp_scenario_68         0.76          0.590        0.51
gp_scenario_69         0.76          0.590        0.49
gp_scenario_70         0.75          0.590        0.48
gp_scenario_71         0.74          0.600        0.49
gp_scenario_72         0.74          0.580        0.46
gp_scenario_73         0.77          0.570        0.42
gp_scenario_74         0.76          0.620        0.54
gp_scenario_75         0.74          0.610        0.49
gp_scenario_76         0.75          0.560        0.42
gp_scenario_77         0.76          0.610        0.49
gp_scenario_78         0.73          0.560        0.44
gp_scenario_79         0.75          0.640        0.56
gp_scenario_80         0.76          0.590        0.46
gp_scenario_81         0.76          0.620        0.54
gp_scenario_82         0.72          0.550        0.43
gp_scenario_83         0.74          0.570        0.46
gp_scenario_84         0.77          0.610        0.46
gp_scenario_85         0.74          0.570        0.43
gp_scenario_86         0.78          0.630        0.54
gp_scenario_87         0.70          0.540        0.38
gp_scenario_88         0.76          0.610        0.50
gp_scenario_89         0.77          0.580        0.46
gp_scenario_90         0.75          0.600        0.50
gp_scenario_91         0.76          0.610        0.50
gp_scenario_92         0.77          0.610        0.53
gp_scenario_93         0.72          0.550        0.41
gp_scenario_94         0.73          0.560        0.45
gp_scenario_95         0.74          0.560        0.42
gp_scenario_96         0.71          0.530        0.39
gp_scenario_97         0.75          0.590        0.47
gp_scenario_98         0.78          0.650        0.56
gp_scenario_99         0.75          0.580        0.45
gp_scenario_100        0.80          0.670        0.57
h2_median              0.75          0.590        0.47
h2_iqr                 0.03          0.033        0.05
