[1] "using refpop_env"
Le chargement a nécessité le package : Matrix

Attachement du package : ‘tidyr’

Les objets suivants sont masqués depuis ‘package:Matrix’:

    expand, pack, unpack

Le chargement a nécessité le package : foreach
Le chargement a nécessité le package : iterators
Le chargement a nécessité le package : parallel
Le chargement a nécessité le package : rngtools
This build of rgl does not include OpenGL functions.  Use
 rglwidget() to display results, e.g. via options(rgl.printRglwidget = TRUE).
Le chargement a nécessité le package : Rcpp
Le chargement a nécessité le package : RcppZiggurat
Le chargement a nécessité le package : RcppParallel

Attachement du package : ‘RcppParallel’

L'objet suivant est masqué depuis ‘package:Rcpp’:

    LdFlags


Rfast: 2.1.0
 ___ __ __ __ __    __ __ __ __ __ _             _               __ __ __ __ __     __ __ __ __ __ __   
|  __ __ __ __  |  |  __ __ __ __ _/            / \             |  __ __ __ __ /   /__ __ _   _ __ __\  
| |           | |  | |                         / _ \            | |                        / /          
| |           | |  | |                        / / \ \           | |                       / /          
| |           | |  | |                       / /   \ \          | |                      / /          
| |__ __ __ __| |  | |__ __ __ __           / /     \ \         | |__ __ __ __ _        / /__/\          
|    __ __ __ __|  |  __ __ __ __|         / /__ _ __\ \        |_ __ __ __ _   |      / ___  /           
|   \              | |                    / _ _ _ _ _ _ \                     | |      \/  / /       
| |\ \             | |                   / /           \ \                    | |         / /          
| | \ \            | |                  / /             \ \                   | |        / /          
| |  \ \           | |                 / /               \ \                  | |       / /          
| |   \ \__ __ _   | |                / /                 \ \     _ __ __ __ _| |      / /          
|_|    \__ __ __\  |_|               /_/                   \_\   /_ __ __ __ ___|      \/             team

Attachement du package : ‘Rfast’

Les objets suivants sont masqués depuis ‘package:robustbase’:

    colMedians, rowMedians

L'objet suivant est masqué depuis ‘package:data.table’:

    transpose

Le chargement a nécessité le package : lattice

Attachement du package : ‘plotly’

L'objet suivant est masqué depuis ‘package:ggplot2’:

    last_plot

L'objet suivant est masqué depuis ‘package:MASS’:

    select

L'objet suivant est masqué depuis ‘package:stats’:

    filter

L'objet suivant est masqué depuis ‘package:graphics’:

    layout


Attachement du package : ‘dplyr’

L'objet suivant est masqué depuis ‘package:Rfast’:

    nth

Les objets suivants sont masqués depuis ‘package:data.table’:

    between, first, last

L'objet suivant est masqué depuis ‘package:MASS’:

    select

Les objets suivants sont masqués depuis ‘package:stats’:

    filter, lag

Les objets suivants sont masqués depuis ‘package:base’:

    intersect, setdiff, setequal, union


Attachement du package : ‘kernlab’

L'objet suivant est masqué depuis ‘package:ggplot2’:

    alpha

Le chargement a nécessité le package : corpcor

Attachement du package : ‘corpcor’

L'objet suivant est masqué depuis ‘package:matrixcalc’:

    is.positive.definite

Loaded glmnet 4.1-8

Loaded mixOmics 6.25.1
Thank you for using mixOmics!
Tutorials: http://mixomics.org
Bookdown vignette: https://mixomicsteam.github.io/Bookdown
Questions, issues: Follow the prompts at http://mixomics.org/contact-us
Cite us:  citation('mixOmics')

[1] "kernel: linear"
[1] "trait: Scab"
                RF_wiser SVR_wiser GBLUP_wiser RKHS_wiser LASSO_wiser
gp_scenario_1       0.47     0.580        0.54       0.56        0.45
gp_scenario_2       0.53     0.620        0.62       0.62        0.42
gp_scenario_3       0.41     0.560        0.52       0.56        0.48
gp_scenario_4       0.62     0.580        0.57       0.59        0.50
gp_scenario_5       0.62     0.640        0.60       0.63        0.52
gp_scenario_6       0.55     0.550        0.51       0.55        0.47
gp_scenario_7       0.55     0.670        0.63       0.66        0.52
gp_scenario_8       0.54     0.690        0.61       0.69        0.56
gp_scenario_9       0.45     0.530        0.51       0.53        0.47
gp_scenario_10      0.31     0.440        0.42       0.44        0.40
gp_scenario_11      0.50     0.560        0.52       0.53        0.47
gp_scenario_12      0.47     0.540        0.48       0.53        0.35
gp_scenario_13      0.56     0.710        0.70       0.71        0.57
gp_scenario_14      0.46     0.540        0.51       0.53        0.46
gp_scenario_15      0.59     0.610        0.59       0.60        0.55
gp_scenario_16      0.48     0.600        0.51       0.57        0.54
gp_scenario_17      0.55     0.540        0.49       0.55        0.49
gp_scenario_18      0.52     0.640        0.58       0.62        0.49
gp_scenario_19      0.47     0.500        0.56       0.54        0.47
gp_scenario_20      0.54     0.560        0.51       0.55        0.46
gp_scenario_21      0.63     0.690        0.64       0.66        0.54
gp_scenario_22      0.60     0.670        0.61       0.69        0.53
gp_scenario_23      0.35     0.450        0.48       0.47        0.38
gp_scenario_24      0.36     0.480        0.56       0.51        0.38
gp_scenario_25      0.49     0.610        0.59       0.60        0.52
gp_scenario_26      0.47     0.620        0.67       0.61        0.43
gp_scenario_27      0.57     0.640        0.56       0.62        0.54
gp_scenario_28      0.51     0.540        0.49       0.53        0.43
gp_scenario_29      0.45     0.560        0.50       0.55        0.48
gp_scenario_30      0.48     0.560        0.56       0.57        0.45
gp_scenario_31      0.48     0.640        0.61       0.63        0.49
gp_scenario_32      0.63     0.660        0.61       0.67        0.51
gp_scenario_33      0.50     0.540        0.57       0.57        0.43
gp_scenario_34      0.55     0.630        0.59       0.61        0.53
gp_scenario_35      0.43     0.550        0.48       0.54        0.46
gp_scenario_36      0.53     0.630        0.62       0.65        0.46
gp_scenario_37      0.41     0.560        0.65       0.58        0.49
gp_scenario_38      0.47     0.530        0.48       0.54        0.45
gp_scenario_39      0.50     0.550        0.47       0.52        0.41
gp_scenario_40      0.44     0.550        0.53       0.52        0.48
gp_scenario_41      0.49     0.610        0.63       0.65        0.52
gp_scenario_42      0.43     0.550        0.55       0.53        0.44
gp_scenario_43      0.54     0.610        0.50       0.62        0.50
gp_scenario_44      0.44     0.490        0.47       0.50        0.34
gp_scenario_45      0.38     0.510        0.50       0.50        0.35
gp_scenario_46      0.50     0.630        0.64       0.60        0.55
gp_scenario_47      0.30     0.430        0.40       0.44        0.31
gp_scenario_48      0.48     0.560        0.57       0.56        0.43
gp_scenario_49      0.50     0.630        0.58       0.63        0.49
gp_scenario_50      0.56     0.600        0.49       0.58        0.51
gp_scenario_51      0.55     0.640        0.64       0.63        0.49
gp_scenario_52      0.46     0.600        0.55       0.60        0.43
gp_scenario_53      0.37     0.540        0.53       0.53        0.41
gp_scenario_54      0.57     0.570        0.57       0.58        0.52
gp_scenario_55      0.52     0.620        0.56       0.61        0.49
gp_scenario_56      0.33     0.470        0.50       0.49        0.35
gp_scenario_57      0.61     0.620        0.56       0.61        0.51
gp_scenario_58      0.63     0.680        0.62       0.67        0.58
gp_scenario_59      0.42     0.580        0.55       0.58        0.42
gp_scenario_60      0.47     0.580        0.51       0.55        0.42
gp_scenario_61      0.54     0.620        0.59       0.60        0.52
gp_scenario_62      0.46     0.580        0.57       0.59        0.48
gp_scenario_63      0.57     0.590        0.57       0.58        0.50
gp_scenario_64      0.38     0.520        0.55       0.50        0.30
gp_scenario_65      0.58     0.620        0.59       0.63        0.55
gp_scenario_66      0.52     0.650        0.59       0.65        0.56
gp_scenario_67      0.45     0.600        0.60       0.61        0.37
gp_scenario_68      0.54     0.670        0.63       0.65        0.59
gp_scenario_69      0.34     0.400        0.35       0.38        0.29
gp_scenario_70      0.53     0.610        0.58       0.62        0.47
gp_scenario_71      0.49     0.540        0.50       0.54        0.39
gp_scenario_72      0.54     0.620        0.63       0.62        0.50
gp_scenario_73      0.45     0.570        0.59       0.56        0.50
gp_scenario_74      0.62     0.640        0.59       0.65        0.53
gp_scenario_75      0.51     0.570        0.53       0.56        0.45
gp_scenario_76      0.51     0.610        0.55       0.61        0.48
gp_scenario_77      0.51     0.580        0.58       0.59        0.46
gp_scenario_78      0.37     0.530        0.59       0.53        0.38
gp_scenario_79      0.54     0.580        0.62       0.61        0.48
gp_scenario_80      0.48     0.570        0.50       0.55        0.47
gp_scenario_81      0.56     0.630        0.59       0.62        0.52
gp_scenario_82      0.52     0.650        0.60       0.65        0.56
gp_scenario_83      0.38     0.440        0.42       0.43        0.38
gp_scenario_84      0.46     0.590        0.54       0.58        0.45
gp_scenario_85      0.49     0.610        0.61       0.62        0.54
gp_scenario_86      0.40     0.600        0.59       0.61        0.49
gp_scenario_87      0.44     0.520        0.49       0.52        0.46
gp_scenario_88      0.52     0.670        0.61       0.65        0.51
gp_scenario_89      0.46     0.570        0.51       0.55        0.46
gp_scenario_90      0.50     0.550        0.54       0.56        0.42
gp_scenario_91      0.52     0.650        0.65       0.63        0.51
gp_scenario_92      0.52     0.590        0.64       0.60        0.50
gp_scenario_93      0.43     0.500        0.45       0.49        0.39
gp_scenario_94      0.50     0.610        0.48       0.58        0.44
gp_scenario_95      0.57     0.640        0.58       0.64        0.50
gp_scenario_96      0.49     0.580        0.51       0.56        0.48
gp_scenario_97      0.49     0.630        0.69       0.62        0.49
gp_scenario_98      0.53     0.580        0.56       0.58        0.42
gp_scenario_99      0.45     0.610        0.66       0.62        0.44
gp_scenario_100     0.55     0.550        0.56       0.57        0.49
pa_median           0.50     0.580        0.56       0.58        0.48
pa_iqr              0.09     0.072        0.09       0.08        0.08
                RF_ls_means SVR_ls_means GBLUP_ls_means RKHS_ls_means
gp_scenario_1          0.48         0.52           0.40          0.53
gp_scenario_2          0.49         0.48           0.35          0.47
gp_scenario_3          0.51         0.52           0.38          0.53
gp_scenario_4          0.34         0.44           0.22          0.44
gp_scenario_5          0.36         0.35           0.28          0.34
gp_scenario_6          0.41         0.40           0.33          0.38
gp_scenario_7          0.37         0.44           0.42          0.47
gp_scenario_8          0.50         0.51           0.29          0.51
gp_scenario_9          0.46         0.37           0.22          0.39
gp_scenario_10         0.40         0.45           0.36          0.46
gp_scenario_11         0.47         0.50           0.36          0.51
gp_scenario_12         0.50         0.53           0.36          0.54
gp_scenario_13         0.44         0.48           0.44          0.46
gp_scenario_14         0.22         0.28           0.15          0.29
gp_scenario_15         0.39         0.44           0.36          0.43
gp_scenario_16         0.54         0.52           0.39          0.54
gp_scenario_17         0.11         0.23           0.22          0.25
gp_scenario_18         0.55         0.56           0.40          0.58
gp_scenario_19         0.47         0.48           0.34          0.46
gp_scenario_20         0.28         0.24           0.20          0.23
gp_scenario_21         0.47         0.53           0.39          0.49
gp_scenario_22         0.50         0.52           0.38          0.51
gp_scenario_23         0.34         0.41           0.33          0.40
gp_scenario_24         0.39         0.37           0.20          0.41
gp_scenario_25         0.46         0.40           0.25          0.42
gp_scenario_26         0.47         0.55           0.40          0.52
gp_scenario_27         0.47         0.42           0.35          0.43
gp_scenario_28         0.39         0.42           0.28          0.40
gp_scenario_29         0.45         0.46           0.33          0.48
gp_scenario_30         0.38         0.35           0.31          0.36
gp_scenario_31         0.41         0.51           0.44          0.50
gp_scenario_32         0.50         0.49           0.32          0.48
gp_scenario_33         0.43         0.48           0.38          0.50
gp_scenario_34         0.44         0.49           0.46          0.48
gp_scenario_35         0.34         0.47           0.32          0.45
gp_scenario_36         0.41         0.49           0.36          0.47
gp_scenario_37         0.25         0.37           0.27          0.33
gp_scenario_38         0.36         0.38           0.24          0.40
gp_scenario_39         0.51         0.53           0.37          0.49
gp_scenario_40         0.47         0.49           0.32          0.48
gp_scenario_41         0.44         0.51           0.40          0.51
gp_scenario_42         0.32         0.42           0.32          0.38
gp_scenario_43         0.39         0.29           0.16          0.31
gp_scenario_44         0.55         0.49           0.38          0.50
gp_scenario_45         0.44         0.46           0.42          0.46
gp_scenario_46         0.44         0.48           0.40          0.45
gp_scenario_47         0.43         0.38           0.34          0.38
gp_scenario_48         0.42         0.36           0.17          0.35
gp_scenario_49         0.42         0.45           0.24          0.47
gp_scenario_50         0.58         0.56           0.41          0.58
gp_scenario_51         0.34         0.45           0.32          0.43
gp_scenario_52         0.47         0.46           0.21          0.48
gp_scenario_53         0.37         0.39           0.22          0.41
gp_scenario_54         0.38         0.43           0.33          0.43
gp_scenario_55         0.52         0.53           0.35          0.55
gp_scenario_56         0.28         0.33           0.24          0.33
gp_scenario_57         0.39         0.42           0.29          0.43
gp_scenario_58         0.31         0.43           0.33          0.38
gp_scenario_59         0.58         0.60           0.41          0.58
gp_scenario_60         0.44         0.49           0.36          0.49
gp_scenario_61         0.46         0.52           0.45          0.52
gp_scenario_62         0.35         0.33           0.24          0.30
gp_scenario_63         0.50         0.44           0.27          0.48
gp_scenario_64         0.47         0.48           0.34          0.45
gp_scenario_65         0.43         0.45           0.31          0.46
gp_scenario_66         0.35         0.41           0.36          0.37
gp_scenario_67         0.49         0.48           0.31          0.48
gp_scenario_68         0.48         0.49           0.28          0.53
gp_scenario_69         0.33         0.47           0.35          0.45
gp_scenario_70         0.36         0.40           0.24          0.43
gp_scenario_71         0.49         0.42           0.30          0.42
gp_scenario_72         0.52         0.52           0.36          0.54
gp_scenario_73         0.26         0.39           0.36          0.41
gp_scenario_74         0.52         0.41           0.28          0.45
gp_scenario_75         0.44         0.49           0.38          0.50
gp_scenario_76         0.53         0.52           0.32          0.54
gp_scenario_77         0.43         0.40           0.24          0.42
gp_scenario_78         0.29         0.41           0.32          0.38
gp_scenario_79         0.42         0.47           0.40          0.49
gp_scenario_80         0.31         0.34           0.32          0.33
gp_scenario_81         0.53         0.46           0.31          0.45
gp_scenario_82         0.46         0.50           0.34          0.49
gp_scenario_83         0.45         0.47           0.34          0.48
gp_scenario_84         0.32         0.33           0.25          0.34
gp_scenario_85         0.39         0.52           0.40          0.50
gp_scenario_86         0.51         0.47           0.35          0.46
gp_scenario_87         0.31         0.44           0.36          0.44
gp_scenario_88         0.53         0.50           0.33          0.49
gp_scenario_89         0.39         0.41           0.27          0.44
gp_scenario_90         0.29         0.28           0.14          0.28
gp_scenario_91         0.43         0.46           0.42          0.43
gp_scenario_92         0.41         0.39           0.26          0.38
gp_scenario_93         0.49         0.53           0.38          0.54
gp_scenario_94         0.41         0.46           0.30          0.50
gp_scenario_95         0.43         0.48           0.34          0.48
gp_scenario_96         0.49         0.52           0.37          0.51
gp_scenario_97         0.54         0.58           0.38          0.56
gp_scenario_98         0.25         0.27           0.18          0.27
gp_scenario_99         0.44         0.54           0.42          0.55
gp_scenario_100        0.28         0.36           0.27          0.37
pa_median              0.43         0.46           0.33          0.46
pa_iqr                 0.12         0.10           0.10          0.10
                LASSO_ls_means RF_blups SVR_blups GBLUP_blups RKHS_blups
gp_scenario_1            0.470     0.45      0.50        0.39       0.51
gp_scenario_2            0.440     0.51      0.50        0.34       0.47
gp_scenario_3            0.430     0.56      0.55        0.40       0.54
gp_scenario_4            0.390     0.40      0.45        0.24       0.44
gp_scenario_5            0.320     0.46      0.40        0.31       0.36
gp_scenario_6            0.270     0.46      0.41        0.33       0.38
gp_scenario_7            0.370     0.43      0.44        0.41       0.47
gp_scenario_8            0.440     0.53      0.53        0.27       0.50
gp_scenario_9            0.440     0.45      0.38        0.21       0.38
gp_scenario_10           0.360     0.46      0.46        0.36       0.46
gp_scenario_11           0.510     0.50      0.50        0.34       0.50
gp_scenario_12           0.520     0.51      0.54        0.35       0.53
gp_scenario_13           0.330     0.50      0.49        0.43       0.46
gp_scenario_14           0.290     0.29      0.31        0.18       0.30
gp_scenario_15           0.310     0.46      0.43        0.38       0.43
gp_scenario_16           0.490     0.59      0.52        0.39       0.53
gp_scenario_17           0.190     0.22      0.24        0.24       0.25
gp_scenario_18           0.460     0.54      0.55        0.39       0.56
gp_scenario_19           0.400     0.49      0.50        0.35       0.46
gp_scenario_20           0.210     0.34      0.27        0.19       0.24
gp_scenario_21           0.330     0.50      0.55        0.40       0.49
gp_scenario_22           0.470     0.56      0.51        0.38       0.50
gp_scenario_23           0.300     0.41      0.42        0.35       0.40
gp_scenario_24           0.360     0.38      0.37        0.20       0.39
gp_scenario_25           0.440     0.50      0.41        0.25       0.41
gp_scenario_26           0.340     0.46      0.53        0.39       0.49
gp_scenario_27           0.350     0.47      0.40        0.32       0.39
gp_scenario_28           0.370     0.43      0.45        0.27       0.39
gp_scenario_29           0.380     0.48      0.46        0.34       0.48
gp_scenario_30           0.360     0.44      0.38        0.31       0.38
gp_scenario_31           0.360     0.44      0.50        0.43       0.48
gp_scenario_32           0.430     0.46      0.50        0.31       0.45
gp_scenario_33           0.500     0.48      0.49        0.37       0.49
gp_scenario_34           0.490     0.51      0.51        0.46       0.50
gp_scenario_35           0.410     0.44      0.47        0.31       0.44
gp_scenario_36           0.430     0.44      0.50        0.36       0.46
gp_scenario_37           0.140     0.31      0.34        0.27       0.31
gp_scenario_38           0.300     0.42      0.41        0.23       0.40
gp_scenario_39           0.430     0.53      0.51        0.37       0.47
gp_scenario_40           0.470     0.54      0.52        0.33       0.51
gp_scenario_41           0.390     0.52      0.47        0.38       0.48
gp_scenario_42           0.320     0.38      0.44        0.33       0.39
gp_scenario_43           0.340     0.42      0.34        0.17       0.33
gp_scenario_44           0.480     0.51      0.47        0.35       0.46
gp_scenario_45           0.410     0.47      0.46        0.40       0.47
gp_scenario_46           0.390     0.49      0.51        0.41       0.47
gp_scenario_47           0.340     0.47      0.41        0.33       0.40
gp_scenario_48           0.310     0.44      0.38        0.16       0.34
gp_scenario_49           0.390     0.42      0.45        0.22       0.44
gp_scenario_50           0.500     0.59      0.55        0.40       0.56
gp_scenario_51           0.320     0.43      0.43        0.32       0.40
gp_scenario_52           0.400     0.49      0.46        0.23       0.47
gp_scenario_53           0.310     0.42      0.42        0.24       0.41
gp_scenario_54           0.390     0.44      0.44        0.32       0.43
gp_scenario_55           0.420     0.53      0.55        0.34       0.54
gp_scenario_56           0.220     0.30      0.32        0.26       0.32
gp_scenario_57           0.290     0.43      0.41        0.28       0.42
gp_scenario_58           0.310     0.40      0.42        0.34       0.38
gp_scenario_59           0.530     0.62      0.61        0.41       0.59
gp_scenario_60           0.400     0.50      0.52        0.35       0.50
gp_scenario_61           0.420     0.50      0.51        0.45       0.51
gp_scenario_62           0.300     0.39      0.39        0.24       0.32
gp_scenario_63           0.500     0.49      0.45        0.25       0.46
gp_scenario_64           0.380     0.51      0.48        0.35       0.45
gp_scenario_65           0.420     0.45      0.44        0.29       0.42
gp_scenario_66           0.360     0.42      0.42        0.37       0.39
gp_scenario_67           0.420     0.46      0.46        0.29       0.45
gp_scenario_68           0.490     0.49      0.49        0.29       0.51
gp_scenario_69           0.410     0.42      0.49        0.33       0.47
gp_scenario_70           0.340     0.43      0.40        0.22       0.39
gp_scenario_71           0.380     0.51      0.42        0.30       0.43
gp_scenario_72           0.390     0.57      0.52        0.35       0.53
gp_scenario_73           0.350     0.34      0.41        0.35       0.40
gp_scenario_74           0.370     0.54      0.43        0.27       0.46
gp_scenario_75           0.360     0.48      0.50        0.39       0.49
gp_scenario_76           0.500     0.52      0.50        0.28       0.50
gp_scenario_77           0.400     0.48      0.45        0.24       0.43
gp_scenario_78           0.340     0.35      0.41        0.31       0.38
gp_scenario_79           0.430     0.48      0.48        0.38       0.48
gp_scenario_80           0.240     0.37      0.35        0.34       0.35
gp_scenario_81           0.420     0.55      0.48        0.32       0.45
gp_scenario_82           0.400     0.51      0.50        0.35       0.47
gp_scenario_83           0.430     0.52      0.47        0.32       0.47
gp_scenario_84           0.300     0.33      0.33        0.23       0.31
gp_scenario_85           0.360     0.45      0.52        0.39       0.49
gp_scenario_86           0.450     0.54      0.47        0.33       0.47
gp_scenario_87           0.220     0.37      0.44        0.36       0.42
gp_scenario_88           0.470     0.56      0.52        0.33       0.48
gp_scenario_89           0.380     0.50      0.42        0.28       0.44
gp_scenario_90           0.260     0.27      0.27        0.13       0.25
gp_scenario_91           0.340     0.50      0.48        0.41       0.44
gp_scenario_92           0.410     0.38      0.38        0.25       0.37
gp_scenario_93           0.450     0.48      0.52        0.36       0.52
gp_scenario_94           0.360     0.41      0.45        0.29       0.45
gp_scenario_95           0.500     0.48      0.51        0.33       0.50
gp_scenario_96           0.400     0.52      0.52        0.37       0.50
gp_scenario_97           0.520     0.57      0.57        0.38       0.53
gp_scenario_98           0.280     0.32      0.33        0.18       0.29
gp_scenario_99           0.400     0.47      0.50        0.41       0.52
gp_scenario_100          0.250     0.36      0.39        0.29       0.38
pa_median                0.390     0.47      0.46        0.33       0.46
pa_iqr                   0.092     0.09      0.09        0.10       0.10
                LASSO_blups
gp_scenario_1          0.45
gp_scenario_2          0.42
gp_scenario_3          0.45
gp_scenario_4          0.38
gp_scenario_5          0.37
gp_scenario_6          0.28
gp_scenario_7          0.39
gp_scenario_8          0.41
gp_scenario_9          0.43
gp_scenario_10         0.35
gp_scenario_11         0.49
gp_scenario_12         0.48
gp_scenario_13         0.36
gp_scenario_14         0.28
gp_scenario_15         0.34
gp_scenario_16         0.47
gp_scenario_17         0.16
gp_scenario_18         0.39
gp_scenario_19         0.39
gp_scenario_20         0.22
gp_scenario_21         0.33
gp_scenario_22         0.47
gp_scenario_23         0.31
gp_scenario_24         0.35
gp_scenario_25         0.39
gp_scenario_26         0.35
gp_scenario_27         0.31
gp_scenario_28         0.32
gp_scenario_29         0.39
gp_scenario_30         0.39
gp_scenario_31         0.35
gp_scenario_32         0.41
gp_scenario_33         0.53
gp_scenario_34         0.45
gp_scenario_35         0.40
gp_scenario_36         0.41
gp_scenario_37         0.16
gp_scenario_38         0.31
gp_scenario_39         0.42
gp_scenario_40         0.49
gp_scenario_41         0.38
gp_scenario_42         0.32
gp_scenario_43         0.38
gp_scenario_44         0.44
gp_scenario_45         0.39
gp_scenario_46         0.39
gp_scenario_47         0.38
gp_scenario_48         0.31
gp_scenario_49         0.34
gp_scenario_50         0.47
gp_scenario_51         0.29
gp_scenario_52         0.37
gp_scenario_53         0.35
gp_scenario_54         0.43
gp_scenario_55         0.42
gp_scenario_56         0.19
gp_scenario_57         0.29
gp_scenario_58         0.30
gp_scenario_59         0.43
gp_scenario_60         0.42
gp_scenario_61         0.42
gp_scenario_62         0.30
gp_scenario_63         0.49
gp_scenario_64         0.40
gp_scenario_65         0.37
gp_scenario_66         0.38
gp_scenario_67         0.38
gp_scenario_68         0.46
gp_scenario_69         0.41
gp_scenario_70         0.31
gp_scenario_71         0.39
gp_scenario_72         0.41
gp_scenario_73         0.35
gp_scenario_74         0.40
gp_scenario_75         0.38
gp_scenario_76         0.47
gp_scenario_77         0.40
gp_scenario_78         0.34
gp_scenario_79         0.44
gp_scenario_80         0.28
gp_scenario_81         0.43
gp_scenario_82         0.36
gp_scenario_83         0.43
gp_scenario_84         0.26
gp_scenario_85         0.35
gp_scenario_86         0.46
gp_scenario_87         0.21
gp_scenario_88         0.41
gp_scenario_89         0.39
gp_scenario_90         0.22
gp_scenario_91         0.35
gp_scenario_92         0.40
gp_scenario_93         0.42
gp_scenario_94         0.33
gp_scenario_95         0.51
gp_scenario_96         0.42
gp_scenario_97         0.49
gp_scenario_98         0.31
gp_scenario_99         0.33
gp_scenario_100        0.27
pa_median              0.39
pa_iqr                 0.09
                GBLUP_wiser GBLUP_ls_means GBLUP_blups
gp_scenario_1          0.68           0.43        0.43
gp_scenario_2          0.64           0.43        0.43
gp_scenario_3          0.71           0.42        0.42
gp_scenario_4          0.70           0.46        0.47
gp_scenario_5          0.66           0.44        0.44
gp_scenario_6          0.72           0.45        0.46
gp_scenario_7          0.65           0.39        0.39
gp_scenario_8          0.63           0.42        0.43
gp_scenario_9          0.67           0.50        0.50
gp_scenario_10         0.72           0.41        0.41
gp_scenario_11         0.73           0.45        0.45
gp_scenario_12         0.68           0.44        0.45
gp_scenario_13         0.61           0.40        0.41
gp_scenario_14         0.73           0.45        0.46
gp_scenario_15         0.69           0.44        0.44
gp_scenario_16         0.72           0.43        0.44
gp_scenario_17         0.73           0.46        0.46
gp_scenario_18         0.68           0.46        0.46
gp_scenario_19         0.66           0.40        0.41
gp_scenario_20         0.68           0.45        0.46
gp_scenario_21         0.64           0.45        0.45
gp_scenario_22         0.67           0.38        0.39
gp_scenario_23         0.68           0.41        0.42
gp_scenario_24         0.69           0.50        0.50
gp_scenario_25         0.71           0.46        0.47
gp_scenario_26         0.63           0.44        0.45
gp_scenario_27         0.69           0.46        0.47
gp_scenario_28         0.69           0.45        0.46
gp_scenario_29         0.69           0.40        0.41
gp_scenario_30         0.69           0.43        0.43
gp_scenario_31         0.65           0.43        0.44
gp_scenario_32         0.67           0.43        0.44
gp_scenario_33         0.69           0.47        0.48
gp_scenario_34         0.67           0.36        0.37
gp_scenario_35         0.73           0.44        0.45
gp_scenario_36         0.68           0.44        0.45
gp_scenario_37         0.63           0.48        0.48
gp_scenario_38         0.67           0.41        0.41
gp_scenario_39         0.71           0.45        0.46
gp_scenario_40         0.71           0.41        0.41
gp_scenario_41         0.65           0.43        0.43
gp_scenario_42         0.71           0.47        0.47
gp_scenario_43         0.65           0.44        0.44
gp_scenario_44         0.73           0.47        0.48
gp_scenario_45         0.68           0.38        0.39
gp_scenario_46         0.66           0.41        0.42
gp_scenario_47         0.70           0.41        0.41
gp_scenario_48         0.68           0.51        0.51
gp_scenario_49         0.69           0.47        0.48
gp_scenario_50         0.70           0.41        0.41
gp_scenario_51         0.65           0.45        0.46
gp_scenario_52         0.73           0.44        0.45
gp_scenario_53         0.68           0.46        0.46
gp_scenario_54         0.68           0.43        0.44
gp_scenario_55         0.68           0.40        0.40
gp_scenario_56         0.69           0.41        0.42
gp_scenario_57         0.71           0.51        0.51
gp_scenario_58         0.67           0.46        0.46
gp_scenario_59         0.65           0.39        0.39
gp_scenario_60         0.68           0.41        0.41
gp_scenario_61         0.67           0.42        0.42
gp_scenario_62         0.65           0.45        0.46
gp_scenario_63         0.69           0.42        0.43
gp_scenario_64         0.68           0.43        0.44
gp_scenario_65         0.72           0.51        0.52
gp_scenario_66         0.67           0.44        0.44
gp_scenario_67         0.64           0.43        0.44
gp_scenario_68         0.70           0.46        0.47
gp_scenario_69         0.72           0.40        0.40
gp_scenario_70         0.67           0.46        0.47
gp_scenario_71         0.68           0.43        0.43
gp_scenario_72         0.66           0.43        0.44
gp_scenario_73         0.71           0.41        0.42
gp_scenario_74         0.66           0.45        0.45
gp_scenario_75         0.70           0.47        0.47
gp_scenario_76         0.71           0.41        0.42
gp_scenario_77         0.68           0.46        0.46
gp_scenario_78         0.66           0.46        0.47
gp_scenario_79         0.65           0.41        0.42
gp_scenario_80         0.69           0.46        0.46
gp_scenario_81         0.69           0.46        0.46
gp_scenario_82         0.68           0.48        0.48
gp_scenario_83         0.67           0.38        0.39
gp_scenario_84         0.69           0.51        0.51
gp_scenario_85         0.67           0.41        0.41
gp_scenario_86         0.69           0.42        0.43
gp_scenario_87         0.69           0.42        0.42
gp_scenario_88         0.65           0.43        0.44
gp_scenario_89         0.67           0.45        0.45
gp_scenario_90         0.70           0.48        0.48
gp_scenario_91         0.60           0.40        0.40
gp_scenario_92         0.66           0.50        0.51
gp_scenario_93         0.74           0.40        0.41
gp_scenario_94         0.75           0.47        0.48
gp_scenario_95         0.65           0.42        0.42
gp_scenario_96         0.73           0.50        0.51
gp_scenario_97         0.63           0.40        0.41
gp_scenario_98         0.68           0.43        0.44
gp_scenario_99         0.64           0.41        0.42
gp_scenario_100        0.69           0.47        0.47
h2_median              0.68           0.44        0.44
h2_iqr                 0.04           0.05        0.04
