[1] "using refpop_env"
Le chargement a nécessité le package : Matrix

Attachement du package : ‘tidyr’

Les objets suivants sont masqués depuis ‘package:Matrix’:

    expand, pack, unpack

Le chargement a nécessité le package : foreach
Le chargement a nécessité le package : iterators
Le chargement a nécessité le package : parallel
Le chargement a nécessité le package : rngtools
This build of rgl does not include OpenGL functions.  Use
 rglwidget() to display results, e.g. via options(rgl.printRglwidget = TRUE).
Le chargement a nécessité le package : Rcpp
Le chargement a nécessité le package : RcppZiggurat
Le chargement a nécessité le package : RcppParallel

Attachement du package : ‘RcppParallel’

L'objet suivant est masqué depuis ‘package:Rcpp’:

    LdFlags


Rfast: 2.1.0
 ___ __ __ __ __    __ __ __ __ __ _             _               __ __ __ __ __     __ __ __ __ __ __   
|  __ __ __ __  |  |  __ __ __ __ _/            / \             |  __ __ __ __ /   /__ __ _   _ __ __\  
| |           | |  | |                         / _ \            | |                        / /          
| |           | |  | |                        / / \ \           | |                       / /          
| |           | |  | |                       / /   \ \          | |                      / /          
| |__ __ __ __| |  | |__ __ __ __           / /     \ \         | |__ __ __ __ _        / /__/\          
|    __ __ __ __|  |  __ __ __ __|         / /__ _ __\ \        |_ __ __ __ _   |      / ___  /           
|   \              | |                    / _ _ _ _ _ _ \                     | |      \/  / /       
| |\ \             | |                   / /           \ \                    | |         / /          
| | \ \            | |                  / /             \ \                   | |        / /          
| |  \ \           | |                 / /               \ \                  | |       / /          
| |   \ \__ __ _   | |                / /                 \ \     _ __ __ __ _| |      / /          
|_|    \__ __ __\  |_|               /_/                   \_\   /_ __ __ __ ___|      \/             team

Attachement du package : ‘Rfast’

Les objets suivants sont masqués depuis ‘package:robustbase’:

    colMedians, rowMedians

L'objet suivant est masqué depuis ‘package:data.table’:

    transpose

Le chargement a nécessité le package : lattice

Attachement du package : ‘plotly’

L'objet suivant est masqué depuis ‘package:ggplot2’:

    last_plot

L'objet suivant est masqué depuis ‘package:MASS’:

    select

L'objet suivant est masqué depuis ‘package:stats’:

    filter

L'objet suivant est masqué depuis ‘package:graphics’:

    layout


Attachement du package : ‘dplyr’

L'objet suivant est masqué depuis ‘package:Rfast’:

    nth

Les objets suivants sont masqués depuis ‘package:data.table’:

    between, first, last

L'objet suivant est masqué depuis ‘package:MASS’:

    select

Les objets suivants sont masqués depuis ‘package:stats’:

    filter, lag

Les objets suivants sont masqués depuis ‘package:base’:

    intersect, setdiff, setequal, union


Attachement du package : ‘kernlab’

L'objet suivant est masqué depuis ‘package:ggplot2’:

    alpha

Le chargement a nécessité le package : corpcor

Attachement du package : ‘corpcor’

L'objet suivant est masqué depuis ‘package:matrixcalc’:

    is.positive.definite

Loaded glmnet 4.1-8

Loaded mixOmics 6.25.1
Thank you for using mixOmics!
Tutorials: http://mixomics.org
Bookdown vignette: https://mixomicsteam.github.io/Bookdown
Questions, issues: Follow the prompts at http://mixomics.org/contact-us
Cite us:  citation('mixOmics')

[1] "kernel: linear"
[1] "trait: Fruit_weight_single"
                RF_wiser SVR_wiser GBLUP_wiser RKHS_wiser LASSO_wiser
gp_scenario_1      0.640     0.710        0.72      0.720       0.630
gp_scenario_2      0.620     0.730        0.71      0.720       0.680
gp_scenario_3      0.630     0.730        0.76      0.760       0.610
gp_scenario_4      0.590     0.770        0.75      0.760       0.740
gp_scenario_5      0.570     0.710        0.76      0.750       0.640
gp_scenario_6      0.530     0.700        0.71      0.710       0.570
gp_scenario_7      0.580     0.720        0.74      0.740       0.670
gp_scenario_8      0.650     0.750        0.73      0.740       0.670
gp_scenario_9      0.640     0.750        0.74      0.750       0.720
gp_scenario_10     0.610     0.680        0.71      0.700       0.630
gp_scenario_11     0.630     0.750        0.76      0.770       0.740
gp_scenario_12     0.630     0.690        0.71      0.700       0.680
gp_scenario_13     0.630     0.700        0.73      0.730       0.620
gp_scenario_14     0.640     0.750        0.80      0.790       0.680
gp_scenario_15     0.560     0.680        0.69      0.690       0.680
gp_scenario_16     0.580     0.710        0.78      0.760       0.660
gp_scenario_17     0.650     0.770        0.79      0.780       0.700
gp_scenario_18     0.740     0.810        0.81      0.820       0.740
gp_scenario_19     0.620     0.760        0.74      0.750       0.670
gp_scenario_20     0.570     0.680        0.68      0.690       0.630
gp_scenario_21     0.520     0.660        0.73      0.710       0.620
gp_scenario_22     0.600     0.680        0.69      0.690       0.590
gp_scenario_23     0.710     0.790        0.76      0.770       0.710
gp_scenario_24     0.660     0.760        0.77      0.780       0.670
gp_scenario_25     0.550     0.700        0.69      0.690       0.660
gp_scenario_26     0.720     0.800        0.80      0.800       0.760
gp_scenario_27     0.580     0.710        0.73      0.730       0.650
gp_scenario_28     0.560     0.690        0.72      0.710       0.630
gp_scenario_29     0.430     0.660        0.71      0.690       0.580
gp_scenario_30     0.610     0.730        0.73      0.730       0.650
gp_scenario_31     0.510     0.630        0.70      0.680       0.620
gp_scenario_32     0.530     0.660        0.61      0.630       0.570
gp_scenario_33     0.610     0.750        0.74      0.750       0.670
gp_scenario_34     0.610     0.720        0.73      0.730       0.640
gp_scenario_35     0.710     0.810        0.80      0.810       0.720
gp_scenario_36     0.620     0.710        0.70      0.700       0.610
gp_scenario_37     0.540     0.670        0.69      0.690       0.610
gp_scenario_38     0.690     0.740        0.73      0.730       0.650
gp_scenario_39     0.580     0.750        0.76      0.770       0.680
gp_scenario_40     0.530     0.710        0.71      0.710       0.650
gp_scenario_41     0.630     0.780        0.75      0.770       0.740
gp_scenario_42     0.710     0.790        0.78      0.790       0.720
gp_scenario_43     0.490     0.660        0.72      0.710       0.600
gp_scenario_44     0.540     0.640        0.65      0.650       0.570
gp_scenario_45     0.640     0.760        0.76      0.760       0.670
gp_scenario_46     0.460     0.620        0.68      0.670       0.610
gp_scenario_47     0.580     0.740        0.75      0.760       0.710
gp_scenario_48     0.670     0.730        0.73      0.740       0.670
gp_scenario_49     0.670     0.730        0.77      0.750       0.730
gp_scenario_50     0.610     0.770        0.79      0.800       0.710
gp_scenario_51     0.590     0.710        0.73      0.740       0.680
gp_scenario_52     0.630     0.740        0.77      0.770       0.690
gp_scenario_53     0.610     0.720        0.73      0.730       0.650
gp_scenario_54     0.660     0.800        0.82      0.820       0.740
gp_scenario_55     0.530     0.690        0.69      0.700       0.600
gp_scenario_56     0.610     0.690        0.70      0.710       0.660
gp_scenario_57     0.670     0.760        0.74      0.760       0.710
gp_scenario_58     0.660     0.770        0.78      0.790       0.750
gp_scenario_59     0.570     0.770        0.76      0.770       0.720
gp_scenario_60     0.540     0.660        0.72      0.710       0.600
gp_scenario_61     0.650     0.750        0.74      0.750       0.630
gp_scenario_62     0.550     0.660        0.73      0.710       0.660
gp_scenario_63     0.530     0.670        0.73      0.720       0.660
gp_scenario_64     0.670     0.780        0.77      0.780       0.670
gp_scenario_65     0.620     0.720        0.72      0.720       0.700
gp_scenario_66     0.640     0.750        0.78      0.780       0.690
gp_scenario_67     0.670     0.800        0.78      0.790       0.760
gp_scenario_68     0.610     0.690        0.71      0.710       0.660
gp_scenario_69     0.610     0.730        0.73      0.730       0.630
gp_scenario_70     0.470     0.630        0.67      0.670       0.640
gp_scenario_71     0.590     0.730        0.75      0.750       0.640
gp_scenario_72     0.590     0.730        0.80      0.780       0.720
gp_scenario_73     0.630     0.710        0.73      0.740       0.630
gp_scenario_74     0.640     0.740        0.75      0.750       0.690
gp_scenario_75     0.610     0.740        0.72      0.740       0.660
gp_scenario_76     0.480     0.690        0.72      0.710       0.560
gp_scenario_77     0.600     0.710        0.72      0.720       0.620
gp_scenario_78     0.690     0.770        0.77      0.770       0.750
gp_scenario_79     0.580     0.690        0.68      0.690       0.610
gp_scenario_80     0.630     0.710        0.70      0.710       0.700
gp_scenario_81     0.540     0.720        0.77      0.760       0.680
gp_scenario_82     0.650     0.720        0.75      0.740       0.670
gp_scenario_83     0.520     0.700        0.73      0.730       0.700
gp_scenario_84     0.700     0.790        0.79      0.780       0.710
gp_scenario_85     0.620     0.720        0.70      0.710       0.610
gp_scenario_86     0.500     0.620        0.68      0.670       0.670
gp_scenario_87     0.660     0.760        0.79      0.780       0.710
gp_scenario_88     0.640     0.670        0.69      0.690       0.650
gp_scenario_89     0.540     0.720        0.74      0.740       0.640
gp_scenario_90     0.690     0.790        0.76      0.790       0.720
gp_scenario_91     0.570     0.710        0.70      0.710       0.710
gp_scenario_92     0.660     0.700        0.68      0.690       0.670
gp_scenario_93     0.590     0.760        0.76      0.760       0.670
gp_scenario_94     0.610     0.720        0.76      0.750       0.690
gp_scenario_95     0.630     0.740        0.77      0.760       0.670
gp_scenario_96     0.680     0.790        0.78      0.790       0.750
gp_scenario_97     0.590     0.680        0.65      0.670       0.590
gp_scenario_98     0.660     0.760        0.76      0.760       0.760
gp_scenario_99     0.640     0.740        0.76      0.760       0.670
gp_scenario_100    0.480     0.640        0.73      0.710       0.590
pa_median          0.610     0.720        0.73      0.740       0.670
pa_iqr             0.073     0.062        0.05      0.053       0.072
                RF_ls_means SVR_ls_means GBLUP_ls_means RKHS_ls_means
gp_scenario_1         0.530         0.58          0.550          0.56
gp_scenario_2         0.530         0.63          0.540          0.60
gp_scenario_3         0.480         0.65          0.640          0.65
gp_scenario_4         0.490         0.61          0.560          0.59
gp_scenario_5         0.350         0.55          0.580          0.55
gp_scenario_6         0.390         0.53          0.530          0.54
gp_scenario_7         0.410         0.57          0.580          0.58
gp_scenario_8         0.410         0.59          0.580          0.59
gp_scenario_9         0.510         0.60          0.550          0.58
gp_scenario_10        0.520         0.56          0.530          0.54
gp_scenario_11        0.490         0.64          0.610          0.64
gp_scenario_12        0.440         0.53          0.510          0.53
gp_scenario_13        0.520         0.56          0.540          0.57
gp_scenario_14        0.400         0.61          0.650          0.60
gp_scenario_15        0.440         0.55          0.540          0.54
gp_scenario_16        0.410         0.62          0.650          0.60
gp_scenario_17        0.480         0.63          0.630          0.63
gp_scenario_18        0.490         0.67          0.640          0.68
gp_scenario_19        0.460         0.60          0.550          0.58
gp_scenario_20        0.510         0.62          0.590          0.62
gp_scenario_21        0.490         0.58          0.630          0.60
gp_scenario_22        0.500         0.59          0.540          0.57
gp_scenario_23        0.620         0.68          0.630          0.64
gp_scenario_24        0.400         0.59          0.570          0.59
gp_scenario_25        0.420         0.50          0.440          0.47
gp_scenario_26        0.570         0.68          0.650          0.66
gp_scenario_27        0.370         0.58          0.600          0.58
gp_scenario_28        0.370         0.57          0.560          0.56
gp_scenario_29        0.490         0.62          0.620          0.61
gp_scenario_30        0.360         0.51          0.500          0.49
gp_scenario_31        0.370         0.55          0.600          0.56
gp_scenario_32        0.350         0.49          0.410          0.46
gp_scenario_33        0.460         0.66          0.620          0.64
gp_scenario_34        0.460         0.52          0.510          0.50
gp_scenario_35        0.520         0.69          0.620          0.67
gp_scenario_36        0.480         0.59          0.550          0.55
gp_scenario_37        0.410         0.57          0.570          0.57
gp_scenario_38        0.550         0.59          0.550          0.56
gp_scenario_39        0.500         0.60          0.590          0.59
gp_scenario_40        0.390         0.59          0.570          0.58
gp_scenario_41        0.500         0.61          0.550          0.59
gp_scenario_42        0.510         0.63          0.600          0.61
gp_scenario_43        0.450         0.60          0.630          0.61
gp_scenario_44        0.370         0.51          0.460          0.47
gp_scenario_45        0.430         0.62          0.600          0.60
gp_scenario_46        0.460         0.56          0.580          0.56
gp_scenario_47        0.450         0.60          0.580          0.58
gp_scenario_48        0.360         0.55          0.530          0.54
gp_scenario_49        0.530         0.60          0.620          0.59
gp_scenario_50        0.530         0.68          0.670          0.68
gp_scenario_51        0.570         0.65          0.610          0.63
gp_scenario_52        0.460         0.60          0.580          0.62
gp_scenario_53        0.370         0.57          0.530          0.55
gp_scenario_54        0.550         0.68          0.680          0.67
gp_scenario_55        0.360         0.52          0.510          0.52
gp_scenario_56        0.300         0.43          0.370          0.43
gp_scenario_57        0.580         0.67          0.620          0.64
gp_scenario_58        0.520         0.64          0.660          0.66
gp_scenario_59        0.420         0.65          0.610          0.62
gp_scenario_60        0.410         0.52          0.550          0.54
gp_scenario_61        0.400         0.59          0.550          0.57
gp_scenario_62        0.440         0.60          0.610          0.60
gp_scenario_63        0.460         0.61          0.610          0.60
gp_scenario_64        0.420         0.58          0.570          0.59
gp_scenario_65        0.490         0.57          0.550          0.55
gp_scenario_66        0.430         0.61          0.620          0.61
gp_scenario_67        0.580         0.67          0.590          0.63
gp_scenario_68        0.400         0.50          0.510          0.49
gp_scenario_69        0.330         0.52          0.520          0.52
gp_scenario_70        0.430         0.58          0.540          0.57
gp_scenario_71        0.540         0.68          0.670          0.66
gp_scenario_72        0.450         0.62          0.670          0.63
gp_scenario_73        0.320         0.52          0.500          0.50
gp_scenario_74        0.470         0.60          0.610          0.59
gp_scenario_75        0.430         0.62          0.570          0.59
gp_scenario_76        0.390         0.54          0.540          0.55
gp_scenario_77        0.440         0.57          0.580          0.57
gp_scenario_78        0.570         0.69          0.640          0.66
gp_scenario_79        0.430         0.52          0.450          0.51
gp_scenario_80        0.450         0.55          0.510          0.52
gp_scenario_81        0.410         0.64          0.660          0.64
gp_scenario_82        0.460         0.60          0.610          0.60
gp_scenario_83        0.490         0.64          0.600          0.62
gp_scenario_84        0.530         0.64          0.630          0.61
gp_scenario_85        0.420         0.56          0.540          0.54
gp_scenario_86        0.330         0.52          0.540          0.54
gp_scenario_87        0.450         0.62          0.620          0.61
gp_scenario_88        0.430         0.46          0.440          0.46
gp_scenario_89        0.410         0.61          0.590          0.61
gp_scenario_90        0.600         0.64          0.560          0.63
gp_scenario_91        0.330         0.53          0.480          0.52
gp_scenario_92        0.530         0.56          0.500          0.54
gp_scenario_93        0.490         0.63          0.550          0.59
gp_scenario_94        0.450         0.60          0.610          0.61
gp_scenario_95        0.510         0.59          0.610          0.59
gp_scenario_96        0.500         0.65          0.590          0.62
gp_scenario_97        0.320         0.45          0.380          0.43
gp_scenario_98        0.430         0.60          0.610          0.58
gp_scenario_99        0.580         0.65          0.610          0.63
gp_scenario_100       0.460         0.62          0.640          0.63
pa_median             0.450         0.60          0.580          0.59
pa_iqr                0.092         0.07          0.073          0.07
                LASSO_ls_means RF_blups SVR_blups GBLUP_blups RKHS_blups
gp_scenario_1             0.59     0.46     0.500        0.49      0.490
gp_scenario_2             0.61     0.54     0.580        0.51      0.560
gp_scenario_3             0.55     0.31     0.550        0.60      0.600
gp_scenario_4             0.57     0.42     0.560        0.51      0.530
gp_scenario_5             0.52     0.42     0.520        0.55      0.530
gp_scenario_6             0.46     0.33     0.520        0.53      0.530
gp_scenario_7             0.62     0.45     0.580        0.58      0.580
gp_scenario_8             0.51     0.44     0.550        0.52      0.550
gp_scenario_9             0.56     0.27     0.460        0.45      0.460
gp_scenario_10            0.57     0.40     0.450        0.47      0.470
gp_scenario_11            0.58     0.51     0.610        0.60      0.620
gp_scenario_12            0.52     0.31     0.440        0.44      0.440
gp_scenario_13            0.53     0.37     0.410        0.43      0.460
gp_scenario_14            0.52     0.44     0.580        0.64      0.600
gp_scenario_15            0.57     0.36     0.520        0.50      0.500
gp_scenario_16            0.59     0.42     0.550        0.63      0.580
gp_scenario_17            0.59     0.43     0.600        0.62      0.600
gp_scenario_18            0.65     0.46     0.620        0.62      0.660
gp_scenario_19            0.52     0.40     0.570        0.50      0.530
gp_scenario_20            0.63     0.40     0.560        0.51      0.550
gp_scenario_21            0.58     0.42     0.520        0.60      0.560
gp_scenario_22            0.59     0.59     0.590        0.55      0.580
gp_scenario_23            0.64     0.51     0.600        0.56      0.560
gp_scenario_24            0.52     0.32     0.530        0.54      0.560
gp_scenario_25            0.44     0.24     0.400        0.37      0.380
gp_scenario_26            0.65     0.42     0.580        0.57      0.580
gp_scenario_27            0.49     0.32     0.550        0.56      0.540
gp_scenario_28            0.57     0.43     0.550        0.55      0.550
gp_scenario_29            0.58     0.37     0.510        0.55      0.530
gp_scenario_30            0.48     0.27     0.470        0.47      0.450
gp_scenario_31            0.54     0.37     0.520        0.59      0.550
gp_scenario_32            0.45     0.29     0.440        0.36      0.400
gp_scenario_33            0.60     0.50     0.610        0.59      0.620
gp_scenario_34            0.51     0.39     0.420        0.47      0.440
gp_scenario_35            0.67     0.35     0.590        0.54      0.590
gp_scenario_36            0.50     0.46     0.570        0.54      0.540
gp_scenario_37            0.56     0.43     0.520        0.53      0.540
gp_scenario_38            0.51     0.41     0.490        0.47      0.450
gp_scenario_39            0.62     0.39     0.530        0.53      0.530
gp_scenario_40            0.58     0.40     0.540        0.53      0.550
gp_scenario_41            0.63     0.49     0.580        0.52      0.570
gp_scenario_42            0.51     0.46     0.590        0.55      0.560
gp_scenario_43            0.60     0.38     0.530        0.58      0.550
gp_scenario_44            0.46     0.38     0.450        0.43      0.430
gp_scenario_45            0.55     0.34     0.550        0.55      0.550
gp_scenario_46            0.56     0.37     0.500        0.54      0.510
gp_scenario_47            0.54     0.39     0.560        0.57      0.570
gp_scenario_48            0.50     0.33     0.510        0.49      0.500
gp_scenario_49            0.59     0.46     0.510        0.55      0.500
gp_scenario_50            0.62     0.48     0.570        0.62      0.610
gp_scenario_51            0.64     0.55     0.580        0.57      0.570
gp_scenario_52            0.57     0.35     0.540        0.52      0.560
gp_scenario_53            0.51     0.38     0.480        0.48      0.490
gp_scenario_54            0.61     0.53     0.650        0.64      0.640
gp_scenario_55            0.51     0.36     0.520        0.51      0.520
gp_scenario_56            0.39     0.21     0.370        0.31      0.370
gp_scenario_57            0.65     0.56     0.640        0.59      0.610
gp_scenario_58            0.66     0.40     0.540        0.60      0.590
gp_scenario_59            0.47     0.36     0.590        0.55      0.560
gp_scenario_60            0.51     0.39     0.460        0.53      0.510
gp_scenario_61            0.48     0.40     0.560        0.51      0.540
gp_scenario_62            0.55     0.28     0.470        0.56      0.520
gp_scenario_63            0.59     0.41     0.560        0.58      0.570
gp_scenario_64            0.49     0.41     0.540        0.52      0.550
gp_scenario_65            0.53     0.41     0.480        0.49      0.500
gp_scenario_66            0.56     0.45     0.570        0.60      0.600
gp_scenario_67            0.63     0.40     0.590        0.51      0.530
gp_scenario_68            0.50     0.32     0.420        0.47      0.440
gp_scenario_69            0.45     0.23     0.460        0.48      0.470
gp_scenario_70            0.52     0.46     0.540        0.51      0.550
gp_scenario_71            0.64     0.48     0.600        0.62      0.590
gp_scenario_72            0.60     0.44     0.570        0.64      0.600
gp_scenario_73            0.47     0.33     0.470        0.46      0.470
gp_scenario_74            0.52     0.34     0.540        0.57      0.540
gp_scenario_75            0.52     0.40     0.570        0.53      0.550
gp_scenario_76            0.47     0.39     0.550        0.53      0.550
gp_scenario_77            0.48     0.38     0.490        0.55      0.520
gp_scenario_78            0.67     0.47     0.580        0.58      0.590
gp_scenario_79            0.49     0.35     0.450        0.38      0.440
gp_scenario_80            0.54     0.43     0.480        0.48      0.480
gp_scenario_81            0.60     0.39     0.580        0.64      0.620
gp_scenario_82            0.53     0.52     0.570        0.60      0.580
gp_scenario_83            0.57     0.33     0.550        0.54      0.560
gp_scenario_84            0.54     0.39     0.560        0.56      0.510
gp_scenario_85            0.50     0.45     0.510        0.49      0.500
gp_scenario_86            0.53     0.27     0.440        0.50      0.510
gp_scenario_87            0.56     0.51     0.620        0.62      0.610
gp_scenario_88            0.51     0.24     0.310        0.34      0.340
gp_scenario_89            0.53     0.34     0.550        0.55      0.580
gp_scenario_90            0.58     0.45     0.540        0.49      0.540
gp_scenario_91            0.48     0.39     0.550        0.48      0.530
gp_scenario_92            0.60     0.39     0.470        0.43      0.460
gp_scenario_93            0.58     0.59     0.600        0.51      0.560
gp_scenario_94            0.60     0.43     0.540        0.58      0.560
gp_scenario_95            0.60     0.33     0.500        0.55      0.510
gp_scenario_96            0.58     0.53     0.640        0.56      0.610
gp_scenario_97            0.37     0.22     0.410        0.35      0.380
gp_scenario_98            0.55     0.35     0.560        0.58      0.540
gp_scenario_99            0.58     0.44     0.500        0.53      0.530
gp_scenario_100           0.56     0.46     0.560        0.61      0.600
pa_median                 0.56     0.40     0.540        0.54      0.550
pa_iqr                    0.08     0.10     0.072        0.09      0.073
                LASSO_blups
gp_scenario_1         0.540
gp_scenario_2         0.610
gp_scenario_3         0.450
gp_scenario_4         0.540
gp_scenario_5         0.430
gp_scenario_6         0.420
gp_scenario_7         0.610
gp_scenario_8         0.440
gp_scenario_9         0.420
gp_scenario_10        0.500
gp_scenario_11        0.560
gp_scenario_12        0.340
gp_scenario_13        0.470
gp_scenario_14        0.520
gp_scenario_15        0.510
gp_scenario_16        0.570
gp_scenario_17        0.570
gp_scenario_18        0.520
gp_scenario_19        0.460
gp_scenario_20        0.570
gp_scenario_21        0.500
gp_scenario_22        0.590
gp_scenario_23        0.560
gp_scenario_24        0.490
gp_scenario_25        0.360
gp_scenario_26        0.520
gp_scenario_27        0.400
gp_scenario_28        0.550
gp_scenario_29        0.460
gp_scenario_30        0.410
gp_scenario_31        0.470
gp_scenario_32        0.380
gp_scenario_33        0.500
gp_scenario_34        0.440
gp_scenario_35        0.600
gp_scenario_36        0.490
gp_scenario_37        0.560
gp_scenario_38        0.420
gp_scenario_39        0.590
gp_scenario_40        0.520
gp_scenario_41        0.580
gp_scenario_42        0.550
gp_scenario_43        0.500
gp_scenario_44        0.450
gp_scenario_45        0.520
gp_scenario_46        0.510
gp_scenario_47        0.510
gp_scenario_48        0.410
gp_scenario_49        0.540
gp_scenario_50        0.560
gp_scenario_51        0.590
gp_scenario_52        0.500
gp_scenario_53        0.470
gp_scenario_54        0.490
gp_scenario_55        0.480
gp_scenario_56        0.360
gp_scenario_57        0.610
gp_scenario_58        0.520
gp_scenario_59        0.450
gp_scenario_60        0.490
gp_scenario_61        0.450
gp_scenario_62        0.410
gp_scenario_63        0.500
gp_scenario_64        0.440
gp_scenario_65        0.510
gp_scenario_66        0.530
gp_scenario_67        0.470
gp_scenario_68        0.470
gp_scenario_69        0.400
gp_scenario_70        0.530
gp_scenario_71        0.580
gp_scenario_72        0.590
gp_scenario_73        0.380
gp_scenario_74        0.470
gp_scenario_75        0.450
gp_scenario_76        0.440
gp_scenario_77        0.430
gp_scenario_78        0.570
gp_scenario_79        0.390
gp_scenario_80        0.510
gp_scenario_81        0.620
gp_scenario_82        0.520
gp_scenario_83        0.510
gp_scenario_84        0.420
gp_scenario_85        0.420
gp_scenario_86        0.470
gp_scenario_87        0.580
gp_scenario_88        0.400
gp_scenario_89        0.550
gp_scenario_90        0.520
gp_scenario_91        0.480
gp_scenario_92        0.570
gp_scenario_93        0.490
gp_scenario_94        0.530
gp_scenario_95        0.490
gp_scenario_96        0.560
gp_scenario_97        0.270
gp_scenario_98        0.520
gp_scenario_99        0.490
gp_scenario_100       0.520
pa_median             0.500
pa_iqr                0.092
                GBLUP_wiser GBLUP_ls_means GBLUP_blups
gp_scenario_1          0.95           0.87        0.85
gp_scenario_2          0.97           0.86        0.85
gp_scenario_3          0.90           0.75        0.73
gp_scenario_4          0.93           0.83        0.81
gp_scenario_5          0.90           0.78        0.76
gp_scenario_6          0.92           0.81        0.80
gp_scenario_7          0.93           0.77        0.74
gp_scenario_8          0.96           0.83        0.81
gp_scenario_9          0.94           0.85        0.85
gp_scenario_10         0.92           0.81        0.80
gp_scenario_11         0.92           0.77        0.75
gp_scenario_12         0.93           0.82        0.81
gp_scenario_13         0.93           0.83        0.82
gp_scenario_14         0.92           0.79        0.77
gp_scenario_15         0.93           0.83        0.82
gp_scenario_16         0.91           0.78        0.76
gp_scenario_17         0.91           0.80        0.78
gp_scenario_18         0.92           0.79        0.77
gp_scenario_19         0.95           0.85        0.84
gp_scenario_20         0.94           0.80        0.78
gp_scenario_21         0.88           0.71        0.69
gp_scenario_22         0.94           0.84        0.82
gp_scenario_23         0.92           0.82        0.81
gp_scenario_24         0.94           0.84        0.82
gp_scenario_25         0.95           0.85        0.84
gp_scenario_26         0.90           0.78        0.76
gp_scenario_27         0.95           0.79        0.78
gp_scenario_28         0.92           0.80        0.78
gp_scenario_29         0.91           0.79        0.78
gp_scenario_30         0.95           0.85        0.84
gp_scenario_31         0.92           0.76        0.73
gp_scenario_32         0.97           0.88        0.87
gp_scenario_33         0.92           0.80        0.79
gp_scenario_34         0.92           0.82        0.81
gp_scenario_35         0.91           0.78        0.77
gp_scenario_36         0.93           0.80        0.78
gp_scenario_37         0.93           0.79        0.77
gp_scenario_38         0.91           0.82        0.81
gp_scenario_39         0.93           0.84        0.83
gp_scenario_40         0.96           0.83        0.81
gp_scenario_41         0.94           0.82        0.81
gp_scenario_42         0.92           0.83        0.82
gp_scenario_43         0.91           0.77        0.75
gp_scenario_44         0.95           0.86        0.84
gp_scenario_45         0.92           0.79        0.77
gp_scenario_46         0.92           0.79        0.78
gp_scenario_47         0.93           0.82        0.80
gp_scenario_48         0.94           0.85        0.84
gp_scenario_49         0.93           0.80        0.78
gp_scenario_50         0.91           0.76        0.75
gp_scenario_51         0.91           0.77        0.75
gp_scenario_52         0.94           0.80        0.79
gp_scenario_53         0.95           0.85        0.83
gp_scenario_54         0.90           0.79        0.77
gp_scenario_55         0.93           0.83        0.81
gp_scenario_56         0.94           0.85        0.84
gp_scenario_57         0.91           0.77        0.75
gp_scenario_58         0.94           0.82        0.80
gp_scenario_59         0.94           0.81        0.80
gp_scenario_60         0.92           0.80        0.78
gp_scenario_61         0.95           0.87        0.86
gp_scenario_62         0.91           0.77        0.75
gp_scenario_63         0.90           0.75        0.73
gp_scenario_64         0.92           0.80        0.79
gp_scenario_65         0.96           0.86        0.85
gp_scenario_66         0.90           0.76        0.73
gp_scenario_67         0.94           0.84        0.83
gp_scenario_68         0.94           0.83        0.82
gp_scenario_69         0.92           0.81        0.80
gp_scenario_70         0.94           0.82        0.81
gp_scenario_71         0.91           0.79        0.78
gp_scenario_72         0.89           0.73        0.71
gp_scenario_73         0.95           0.84        0.83
gp_scenario_74         0.93           0.82        0.80
gp_scenario_75         0.93           0.81        0.79
gp_scenario_76         0.92           0.80        0.78
gp_scenario_77         0.94           0.83        0.81
gp_scenario_78         0.92           0.80        0.79
gp_scenario_79         0.94           0.84        0.83
gp_scenario_80         0.94           0.82        0.81
gp_scenario_81         0.92           0.76        0.74
gp_scenario_82         0.93           0.81        0.80
gp_scenario_83         0.92           0.79        0.78
gp_scenario_84         0.91           0.78        0.77
gp_scenario_85         0.94           0.84        0.83
gp_scenario_86         0.95           0.81        0.79
gp_scenario_87         0.90           0.79        0.77
gp_scenario_88         0.94           0.86        0.86
gp_scenario_89         0.93           0.78        0.76
gp_scenario_90         0.92           0.80        0.79
gp_scenario_91         0.95           0.80        0.78
gp_scenario_92         0.95           0.86        0.85
gp_scenario_93         0.89           0.79        0.77
gp_scenario_94         0.94           0.83        0.81
gp_scenario_95         0.92           0.80        0.79
gp_scenario_96         0.93           0.81        0.79
gp_scenario_97         0.95           0.87        0.86
gp_scenario_98         0.93           0.82        0.81
gp_scenario_99         0.92           0.79        0.78
gp_scenario_100        0.91           0.78        0.76
h2_median              0.93           0.81        0.79
h2_iqr                 0.02           0.04        0.05
