[1] "using refpop_env"
Le chargement a nécessité le package : Matrix

Attachement du package : ‘tidyr’

Les objets suivants sont masqués depuis ‘package:Matrix’:

    expand, pack, unpack

Le chargement a nécessité le package : foreach
Le chargement a nécessité le package : iterators
Le chargement a nécessité le package : parallel
Le chargement a nécessité le package : rngtools
This build of rgl does not include OpenGL functions.  Use
 rglwidget() to display results, e.g. via options(rgl.printRglwidget = TRUE).
Le chargement a nécessité le package : Rcpp
Le chargement a nécessité le package : RcppZiggurat
Le chargement a nécessité le package : RcppParallel

Attachement du package : ‘RcppParallel’

L'objet suivant est masqué depuis ‘package:Rcpp’:

    LdFlags


Rfast: 2.1.0
 ___ __ __ __ __    __ __ __ __ __ _             _               __ __ __ __ __     __ __ __ __ __ __   
|  __ __ __ __  |  |  __ __ __ __ _/            / \             |  __ __ __ __ /   /__ __ _   _ __ __\  
| |           | |  | |                         / _ \            | |                        / /          
| |           | |  | |                        / / \ \           | |                       / /          
| |           | |  | |                       / /   \ \          | |                      / /          
| |__ __ __ __| |  | |__ __ __ __           / /     \ \         | |__ __ __ __ _        / /__/\          
|    __ __ __ __|  |  __ __ __ __|         / /__ _ __\ \        |_ __ __ __ _   |      / ___  /           
|   \              | |                    / _ _ _ _ _ _ \                     | |      \/  / /       
| |\ \             | |                   / /           \ \                    | |         / /          
| | \ \            | |                  / /             \ \                   | |        / /          
| |  \ \           | |                 / /               \ \                  | |       / /          
| |   \ \__ __ _   | |                / /                 \ \     _ __ __ __ _| |      / /          
|_|    \__ __ __\  |_|               /_/                   \_\   /_ __ __ __ ___|      \/             team

Attachement du package : ‘Rfast’

Les objets suivants sont masqués depuis ‘package:robustbase’:

    colMedians, rowMedians

L'objet suivant est masqué depuis ‘package:data.table’:

    transpose

Le chargement a nécessité le package : lattice

Attachement du package : ‘plotly’

L'objet suivant est masqué depuis ‘package:ggplot2’:

    last_plot

L'objet suivant est masqué depuis ‘package:MASS’:

    select

L'objet suivant est masqué depuis ‘package:stats’:

    filter

L'objet suivant est masqué depuis ‘package:graphics’:

    layout


Attachement du package : ‘dplyr’

L'objet suivant est masqué depuis ‘package:Rfast’:

    nth

Les objets suivants sont masqués depuis ‘package:data.table’:

    between, first, last

L'objet suivant est masqué depuis ‘package:MASS’:

    select

Les objets suivants sont masqués depuis ‘package:stats’:

    filter, lag

Les objets suivants sont masqués depuis ‘package:base’:

    intersect, setdiff, setequal, union


Attachement du package : ‘kernlab’

L'objet suivant est masqué depuis ‘package:ggplot2’:

    alpha

Le chargement a nécessité le package : corpcor

Attachement du package : ‘corpcor’

L'objet suivant est masqué depuis ‘package:matrixcalc’:

    is.positive.definite

Loaded glmnet 4.1-8

Loaded mixOmics 6.25.1
Thank you for using mixOmics!
Tutorials: http://mixomics.org
Bookdown vignette: https://mixomicsteam.github.io/Bookdown
Questions, issues: Follow the prompts at http://mixomics.org/contact-us
Cite us:  citation('mixOmics')

[1] "kernel: linear"
[1] "trait: Russet_freq_all"
                RF_wiser SVR_wiser GBLUP_wiser RKHS_wiser LASSO_wiser
gp_scenario_1       0.57      0.62       0.640      0.640        0.55
gp_scenario_2       0.50      0.58       0.590      0.610        0.49
gp_scenario_3       0.58      0.60       0.570      0.620        0.57
gp_scenario_4       0.51      0.54       0.560      0.560        0.54
gp_scenario_5       0.66      0.66       0.630      0.650        0.63
gp_scenario_6       0.46      0.58       0.550      0.580        0.47
gp_scenario_7       0.60      0.60       0.610      0.610        0.59
gp_scenario_8       0.49      0.56       0.580      0.590        0.50
gp_scenario_9       0.67      0.69       0.650      0.700        0.56
gp_scenario_10      0.61      0.60       0.540      0.600        0.57
gp_scenario_11      0.55      0.58       0.590      0.600        0.50
gp_scenario_12      0.56      0.56       0.520      0.550        0.46
gp_scenario_13      0.47      0.57       0.620      0.580        0.45
gp_scenario_14      0.66      0.68       0.670      0.700        0.66
gp_scenario_15      0.59      0.63       0.640      0.640        0.56
gp_scenario_16      0.57      0.67       0.670      0.690        0.59
gp_scenario_17      0.47      0.54       0.530      0.560        0.43
gp_scenario_18      0.64      0.66       0.630      0.660        0.59
gp_scenario_19      0.53      0.64       0.710      0.660        0.54
gp_scenario_20      0.60      0.58       0.550      0.580        0.52
gp_scenario_21      0.57      0.60       0.550      0.600        0.56
gp_scenario_22      0.61      0.59       0.560      0.580        0.59
gp_scenario_23      0.59      0.65       0.660      0.670        0.62
gp_scenario_24      0.59      0.64       0.620      0.660        0.59
gp_scenario_25      0.49      0.61       0.620      0.630        0.44
gp_scenario_26      0.49      0.53       0.520      0.530        0.41
gp_scenario_27      0.50      0.56       0.520      0.560        0.48
gp_scenario_28      0.57      0.60       0.580      0.610        0.54
gp_scenario_29      0.54      0.60       0.610      0.610        0.50
gp_scenario_30      0.61      0.64       0.620      0.650        0.62
gp_scenario_31      0.49      0.55       0.560      0.580        0.51
gp_scenario_32      0.67      0.71       0.670      0.710        0.63
gp_scenario_33      0.60      0.65       0.640      0.670        0.55
gp_scenario_34      0.60      0.61       0.580      0.600        0.53
gp_scenario_35      0.55      0.62       0.590      0.630        0.57
gp_scenario_36      0.51      0.57       0.590      0.580        0.53
gp_scenario_37      0.63      0.66       0.670      0.670        0.61
gp_scenario_38      0.54      0.61       0.610      0.620        0.56
gp_scenario_39      0.50      0.52       0.500      0.530        0.47
gp_scenario_40      0.61      0.66       0.670      0.660        0.59
gp_scenario_41      0.66      0.67       0.680      0.690        0.63
gp_scenario_42      0.52      0.59       0.590      0.590        0.49
gp_scenario_43      0.55      0.58       0.570      0.590        0.48
gp_scenario_44      0.55      0.65       0.620      0.660        0.52
gp_scenario_45      0.56      0.62       0.570      0.640        0.55
gp_scenario_46      0.57      0.64       0.620      0.640        0.56
gp_scenario_47      0.60      0.65       0.610      0.660        0.59
gp_scenario_48      0.62      0.66       0.670      0.670        0.60
gp_scenario_49      0.58      0.61       0.610      0.620        0.57
gp_scenario_50      0.53      0.62       0.650      0.640        0.51
gp_scenario_51      0.52      0.54       0.520      0.560        0.42
gp_scenario_52      0.60      0.63       0.600      0.640        0.59
gp_scenario_53      0.54      0.53       0.500      0.540        0.39
gp_scenario_54      0.67      0.74       0.700      0.730        0.67
gp_scenario_55      0.53      0.57       0.570      0.560        0.45
gp_scenario_56      0.64      0.65       0.610      0.640        0.55
gp_scenario_57      0.53      0.62       0.640      0.630        0.50
gp_scenario_58      0.42      0.54       0.560      0.570        0.44
gp_scenario_59      0.49      0.55       0.540      0.540        0.48
gp_scenario_60      0.62      0.62       0.580      0.620        0.60
gp_scenario_61      0.55      0.55       0.590      0.560        0.53
gp_scenario_62      0.66      0.69       0.700      0.710        0.62
gp_scenario_63      0.51      0.59       0.600      0.600        0.56
gp_scenario_64      0.60      0.58       0.540      0.600        0.59
gp_scenario_65      0.55      0.64       0.600      0.650        0.49
gp_scenario_66      0.45      0.53       0.450      0.510        0.51
gp_scenario_67      0.66      0.73       0.750      0.740        0.64
gp_scenario_68      0.53      0.58       0.590      0.600        0.47
gp_scenario_69      0.56      0.61       0.560      0.590        0.54
gp_scenario_70      0.50      0.54       0.540      0.550        0.52
gp_scenario_71      0.52      0.65       0.640      0.660        0.53
gp_scenario_72      0.61      0.58       0.570      0.590        0.57
gp_scenario_73      0.53      0.53       0.510      0.540        0.47
gp_scenario_74      0.68      0.68       0.690      0.730        0.61
gp_scenario_75      0.46      0.53       0.490      0.540        0.45
gp_scenario_76      0.67      0.63       0.550      0.630        0.57
gp_scenario_77      0.62      0.65       0.630      0.660        0.61
gp_scenario_78      0.60      0.62       0.630      0.640        0.58
gp_scenario_79      0.54      0.61       0.610      0.610        0.47
gp_scenario_80      0.43      0.45       0.430      0.460        0.41
gp_scenario_81      0.56      0.56       0.490      0.560        0.46
gp_scenario_82      0.58      0.65       0.650      0.650        0.56
gp_scenario_83      0.52      0.61       0.660      0.630        0.40
gp_scenario_84      0.57      0.55       0.590      0.580        0.56
gp_scenario_85      0.63      0.68       0.690      0.680        0.62
gp_scenario_86      0.57      0.66       0.600      0.670        0.58
gp_scenario_87      0.56      0.60       0.610      0.610        0.54
gp_scenario_88      0.59      0.62       0.620      0.630        0.59
gp_scenario_89      0.60      0.62       0.590      0.630        0.55
gp_scenario_90      0.40      0.44       0.450      0.460        0.43
gp_scenario_91      0.60      0.59       0.610      0.600        0.58
gp_scenario_92      0.61      0.63       0.620      0.640        0.60
gp_scenario_93      0.60      0.67       0.650      0.680        0.61
gp_scenario_94      0.54      0.59       0.590      0.610        0.55
gp_scenario_95      0.50      0.59       0.600      0.600        0.44
gp_scenario_96      0.52      0.59       0.570      0.590        0.48
gp_scenario_97      0.50      0.59       0.580      0.600        0.52
gp_scenario_98      0.69      0.70       0.710      0.720        0.68
gp_scenario_99      0.60      0.63       0.580      0.620        0.58
gp_scenario_100     0.54      0.61       0.580      0.610        0.55
pa_median           0.56      0.61       0.600      0.620        0.55
pa_iqr              0.08      0.07       0.073      0.073        0.10
                RF_ls_means SVR_ls_means GBLUP_ls_means RKHS_ls_means
gp_scenario_1          0.35         0.41          0.430         0.400
gp_scenario_2          0.38         0.46          0.430         0.460
gp_scenario_3          0.40         0.48          0.440         0.490
gp_scenario_4          0.37         0.47          0.500         0.460
gp_scenario_5          0.51         0.48          0.440         0.470
gp_scenario_6          0.32         0.49          0.440         0.490
gp_scenario_7          0.49         0.48          0.480         0.460
gp_scenario_8          0.32         0.43          0.420         0.420
gp_scenario_9          0.46         0.53          0.480         0.550
gp_scenario_10         0.38         0.36          0.270         0.360
gp_scenario_11         0.51         0.53          0.490         0.520
gp_scenario_12         0.42         0.38          0.340         0.360
gp_scenario_13         0.35         0.51          0.540         0.450
gp_scenario_14         0.43         0.45          0.460         0.460
gp_scenario_15         0.44         0.51          0.500         0.510
gp_scenario_16         0.48         0.53          0.500         0.520
gp_scenario_17         0.28         0.34          0.320         0.330
gp_scenario_18         0.49         0.50          0.460         0.500
gp_scenario_19         0.51         0.60          0.610         0.560
gp_scenario_20         0.44         0.42          0.400         0.420
gp_scenario_21         0.48         0.47          0.420         0.490
gp_scenario_22         0.38         0.38          0.370         0.360
gp_scenario_23         0.46         0.55          0.530         0.550
gp_scenario_24         0.39         0.49          0.470         0.480
gp_scenario_25         0.36         0.51          0.470         0.500
gp_scenario_26         0.22         0.30          0.310         0.260
gp_scenario_27         0.36         0.47          0.400         0.430
gp_scenario_28         0.45         0.47          0.410         0.480
gp_scenario_29         0.51         0.50          0.490         0.490
gp_scenario_30         0.52         0.50          0.500         0.510
gp_scenario_31         0.39         0.49          0.470         0.480
gp_scenario_32         0.49         0.48          0.450         0.510
gp_scenario_33         0.50         0.55          0.510         0.560
gp_scenario_34         0.40         0.45          0.390         0.420
gp_scenario_35         0.43         0.47          0.460         0.460
gp_scenario_36         0.48         0.51          0.500         0.480
gp_scenario_37         0.51         0.56          0.540         0.530
gp_scenario_38         0.49         0.52          0.490         0.500
gp_scenario_39         0.18         0.22          0.210         0.230
gp_scenario_40         0.42         0.50          0.500         0.480
gp_scenario_41         0.49         0.52          0.530         0.530
gp_scenario_42         0.29         0.39          0.390         0.380
gp_scenario_43         0.41         0.43          0.420         0.450
gp_scenario_44         0.50         0.53          0.490         0.530
gp_scenario_45         0.44         0.53          0.450         0.530
gp_scenario_46         0.51         0.55          0.510         0.540
gp_scenario_47         0.46         0.53          0.510         0.550
gp_scenario_48         0.46         0.52          0.520         0.500
gp_scenario_49         0.49         0.52          0.490         0.510
gp_scenario_50         0.37         0.44          0.440         0.430
gp_scenario_51         0.44         0.41          0.360         0.420
gp_scenario_52         0.41         0.47          0.440         0.470
gp_scenario_53         0.41         0.46          0.420         0.450
gp_scenario_54         0.55         0.63          0.570         0.600
gp_scenario_55         0.39         0.45          0.440         0.410
gp_scenario_56         0.39         0.44          0.380         0.400
gp_scenario_57         0.42         0.46          0.470         0.480
gp_scenario_58         0.38         0.51          0.470         0.510
gp_scenario_59         0.41         0.46          0.480         0.450
gp_scenario_60         0.43         0.42          0.380         0.400
gp_scenario_61         0.44         0.46          0.480         0.430
gp_scenario_62         0.53         0.55          0.570         0.550
gp_scenario_63         0.37         0.45          0.430         0.440
gp_scenario_64         0.40         0.38          0.340         0.400
gp_scenario_65         0.38         0.45          0.380         0.430
gp_scenario_66         0.32         0.40          0.340         0.370
gp_scenario_67         0.47         0.57          0.630         0.560
gp_scenario_68         0.42         0.44          0.440         0.450
gp_scenario_69         0.47         0.50          0.450         0.480
gp_scenario_70         0.48         0.46          0.410         0.450
gp_scenario_71         0.53         0.61          0.560         0.610
gp_scenario_72         0.31         0.31          0.330         0.320
gp_scenario_73         0.30         0.32          0.340         0.340
gp_scenario_74         0.53         0.56          0.570         0.600
gp_scenario_75         0.42         0.47          0.370         0.460
gp_scenario_76         0.50         0.45          0.380         0.460
gp_scenario_77         0.48         0.46          0.460         0.470
gp_scenario_78         0.52         0.51          0.480         0.510
gp_scenario_79         0.37         0.48          0.500         0.450
gp_scenario_80         0.36         0.37          0.310         0.370
gp_scenario_81         0.41         0.42          0.360         0.420
gp_scenario_82         0.44         0.48          0.480         0.470
gp_scenario_83         0.39         0.50          0.520         0.450
gp_scenario_84         0.43         0.42          0.440         0.410
gp_scenario_85         0.44         0.52          0.520         0.490
gp_scenario_86         0.43         0.52          0.460         0.540
gp_scenario_87         0.44         0.46          0.480         0.460
gp_scenario_88         0.46         0.49          0.460         0.470
gp_scenario_89         0.47         0.46          0.420         0.470
gp_scenario_90         0.20         0.28          0.290         0.280
gp_scenario_91         0.41         0.43          0.440         0.430
gp_scenario_92         0.27         0.39          0.420         0.390
gp_scenario_93         0.45         0.57          0.520         0.570
gp_scenario_94         0.42         0.49          0.460         0.490
gp_scenario_95         0.37         0.51          0.480         0.480
gp_scenario_96         0.33         0.39          0.360         0.370
gp_scenario_97         0.42         0.53          0.490         0.530
gp_scenario_98         0.52         0.53          0.560         0.530
gp_scenario_99         0.45         0.46          0.400         0.460
gp_scenario_100        0.45         0.53          0.480         0.520
pa_median              0.43         0.48          0.460         0.470
pa_iqr                 0.10         0.08          0.085         0.083
                LASSO_ls_means RF_blups SVR_blups GBLUP_blups RKHS_blups
gp_scenario_1            0.400    0.150      0.28        0.37   -1.4e-01
gp_scenario_2            0.340    0.230      0.31        0.33    7.9e-02
gp_scenario_3            0.370    0.220      0.28        0.29    9.8e-02
gp_scenario_4            0.380    0.110      0.31        0.40   -2.7e-02
gp_scenario_5            0.490    0.380      0.35        0.31    2.5e-01
gp_scenario_6            0.350    0.160      0.33        0.29   -2.8e-02
gp_scenario_7            0.440    0.280      0.33        0.39    1.9e-01
gp_scenario_8            0.310    0.220      0.34        0.36    3.5e-02
gp_scenario_9            0.330    0.190      0.37        0.35    8.9e-02
gp_scenario_10           0.270    0.200      0.20        0.15   -1.2e-02
gp_scenario_11           0.430    0.280      0.37        0.38    1.1e-01
gp_scenario_12           0.220    0.110      0.18        0.22   -3.4e-02
gp_scenario_13           0.310    0.220      0.38        0.48   -2.2e-02
gp_scenario_14           0.370    0.270      0.34        0.38    3.6e-02
gp_scenario_15           0.390    0.230      0.35        0.36    2.0e-01
gp_scenario_16           0.400    0.290      0.39        0.38    1.3e-01
gp_scenario_17           0.240    0.092      0.26        0.29   -5.3e-02
gp_scenario_18           0.450    0.150      0.26        0.26    4.3e-02
gp_scenario_19           0.480    0.340      0.48        0.52    1.4e-01
gp_scenario_20           0.310    0.250      0.31        0.35    1.6e-01
gp_scenario_21           0.430    0.330      0.34        0.28    2.5e-01
gp_scenario_22           0.370    0.280      0.28        0.29   -1.7e-02
gp_scenario_23           0.440    0.270      0.37        0.44    2.2e-01
gp_scenario_24           0.440    0.240      0.42        0.43    1.4e-01
gp_scenario_25           0.270    0.072      0.28        0.29   -8.3e-02
gp_scenario_26           0.200    0.110      0.19        0.24   -9.5e-02
gp_scenario_27           0.240    0.260      0.34        0.30    9.4e-03
gp_scenario_28           0.400    0.180      0.30        0.26    1.2e-01
gp_scenario_29           0.400    0.290      0.42        0.44    2.0e-01
gp_scenario_30           0.450    0.190      0.25        0.31   -1.6e-02
gp_scenario_31           0.340    0.250      0.39        0.40    1.7e-02
gp_scenario_32           0.450    0.260      0.35        0.37    2.0e-01
gp_scenario_33           0.410    0.350      0.43        0.42    3.5e-01
gp_scenario_34           0.320    0.210      0.30        0.29    7.6e-02
gp_scenario_35           0.280    0.220      0.35        0.37    1.1e-01
gp_scenario_36           0.380    0.280      0.35        0.39    9.7e-02
gp_scenario_37           0.500    0.400      0.41        0.44    1.5e-01
gp_scenario_38           0.420    0.280      0.40        0.39    1.5e-01
gp_scenario_39           0.170    0.064      0.12        0.19   -3.6e-02
gp_scenario_40           0.440    0.250      0.35        0.37    1.8e-01
gp_scenario_41           0.410    0.370      0.44        0.47    2.5e-01
gp_scenario_42           0.320    0.063      0.24        0.26   -2.7e-02
gp_scenario_43           0.340    0.210      0.28        0.31    1.3e-01
gp_scenario_44           0.360    0.310      0.40        0.40    2.1e-01
gp_scenario_45           0.370    0.280      0.39        0.36    2.0e-01
gp_scenario_46           0.490    0.410      0.42        0.37    2.8e-01
gp_scenario_47           0.370    0.320      0.41        0.42    2.6e-01
gp_scenario_48           0.430    0.370      0.48        0.49    2.3e-01
gp_scenario_49           0.470    0.210      0.29        0.32    1.5e-02
gp_scenario_50           0.370    0.250      0.33        0.38    1.3e-01
gp_scenario_51           0.300    0.210      0.25        0.24    7.6e-02
gp_scenario_52           0.310    0.320      0.35        0.34    1.8e-01
gp_scenario_53           0.280    0.170      0.29        0.33    1.9e-01
gp_scenario_54           0.440    0.420      0.52        0.46    2.8e-01
gp_scenario_55           0.260    0.290      0.36        0.36    1.8e-01
gp_scenario_56           0.270    0.270      0.31        0.27   -3.5e-02
gp_scenario_57           0.340    0.190      0.35        0.40    2.4e-01
gp_scenario_58           0.350    0.073      0.31        0.32    9.4e-05
gp_scenario_59           0.360    0.180      0.35        0.37    9.0e-02
gp_scenario_60           0.340    0.140      0.26        0.24    1.1e-01
gp_scenario_61           0.350    0.190      0.25        0.33   -2.9e-02
gp_scenario_62           0.390    0.300      0.40        0.48    1.7e-01
gp_scenario_63           0.400    0.250      0.32        0.36    8.1e-02
gp_scenario_64           0.320    0.230      0.25        0.23    1.4e-01
gp_scenario_65           0.330    0.210      0.30        0.29    1.2e-01
gp_scenario_66           0.370    0.210      0.32        0.27    5.1e-02
gp_scenario_67           0.440    0.280      0.42        0.51    1.5e-01
gp_scenario_68           0.390    0.240      0.36        0.36    3.0e-01
gp_scenario_69           0.400    0.210      0.31        0.31    1.0e-01
gp_scenario_70           0.410    0.210      0.30        0.29    9.6e-02
gp_scenario_71           0.440    0.310      0.44        0.46    1.3e-01
gp_scenario_72           0.290    0.170      0.21        0.29    2.4e-02
gp_scenario_73           0.190    0.078      0.20        0.23    5.5e-02
gp_scenario_74           0.410    0.340      0.40        0.45    3.6e-01
gp_scenario_75           0.340    0.230      0.32        0.23   -2.5e-02
gp_scenario_76           0.490    0.240      0.29        0.25    9.5e-02
gp_scenario_77           0.410    0.180      0.30        0.34    9.3e-02
gp_scenario_78           0.400    0.350      0.35        0.40    2.7e-01
gp_scenario_79           0.350    0.240      0.37        0.43    6.7e-02
gp_scenario_80           0.230    0.240      0.24        0.16    1.0e-02
gp_scenario_81           0.440    0.140      0.27        0.23    2.0e-01
gp_scenario_82           0.420    0.230      0.30        0.35    1.2e-01
gp_scenario_83           0.340    0.230      0.36        0.44    7.7e-02
gp_scenario_84           0.380    0.120      0.21        0.30   -1.9e-02
gp_scenario_85           0.470    0.340      0.40        0.46    1.2e-01
gp_scenario_86           0.340    0.330      0.41        0.35    2.0e-01
gp_scenario_87           0.390    0.200      0.31        0.36    1.3e-01
gp_scenario_88           0.440    0.300      0.35        0.36    1.8e-01
gp_scenario_89           0.400    0.120      0.19        0.23    5.3e-03
gp_scenario_90           0.270    0.170      0.27        0.28   -2.1e-02
gp_scenario_91           0.410    0.230      0.29        0.34   -3.5e-02
gp_scenario_92           0.260    0.240      0.33        0.39    1.1e-01
gp_scenario_93           0.390    0.160      0.37        0.36    1.3e-02
gp_scenario_94           0.380    0.190      0.32        0.36    1.2e-01
gp_scenario_95           0.300    0.150      0.36        0.34    1.1e-01
gp_scenario_96           0.260    0.200      0.30        0.31    1.7e-01
gp_scenario_97           0.340    0.190      0.37        0.37    7.2e-03
gp_scenario_98           0.440    0.350      0.42        0.48    1.6e-01
gp_scenario_99           0.350    0.340      0.32        0.29    1.4e-01
gp_scenario_100          0.400    0.240      0.40        0.40    2.3e-01
pa_median                0.370    0.230      0.33        0.36    1.1e-01
pa_iqr                   0.092    0.090      0.08        0.10    1.7e-01
                LASSO_blups
gp_scenario_1        0.3200
gp_scenario_2        0.1500
gp_scenario_3        0.1500
gp_scenario_4        0.1800
gp_scenario_5        0.2600
gp_scenario_6        0.1600
gp_scenario_7        0.2900
gp_scenario_8        0.2400
gp_scenario_9        0.0660
gp_scenario_10       0.1300
gp_scenario_11       0.2700
gp_scenario_12       0.0470
gp_scenario_13       0.2300
gp_scenario_14       0.2400
gp_scenario_15       0.2600
gp_scenario_16       0.2500
gp_scenario_17       0.1100
gp_scenario_18       0.1200
gp_scenario_19       0.2700
gp_scenario_20       0.1800
gp_scenario_21       0.2300
gp_scenario_22       0.2900
gp_scenario_23       0.2500
gp_scenario_24       0.3300
gp_scenario_25      -0.0640
gp_scenario_26       0.1000
gp_scenario_27       0.2200
gp_scenario_28       0.1100
gp_scenario_29       0.2200
gp_scenario_30       0.2000
gp_scenario_31       0.2000
gp_scenario_32       0.3000
gp_scenario_33       0.1900
gp_scenario_34       0.1400
gp_scenario_35       0.0540
gp_scenario_36       0.2700
gp_scenario_37       0.3900
gp_scenario_38           NA
gp_scenario_39       0.0098
gp_scenario_40       0.2100
gp_scenario_41       0.4100
gp_scenario_42       0.0940
gp_scenario_43       0.1700
gp_scenario_44       0.1900
gp_scenario_45       0.1400
gp_scenario_46       0.3900
gp_scenario_47       0.1600
gp_scenario_48       0.3300
gp_scenario_49       0.1100
gp_scenario_50       0.1900
gp_scenario_51       0.2000
gp_scenario_52       0.0790
gp_scenario_53       0.1100
gp_scenario_54       0.1300
gp_scenario_55       0.1600
gp_scenario_56       0.0330
gp_scenario_57       0.1700
gp_scenario_58       0.0920
gp_scenario_59       0.1200
gp_scenario_60       0.1300
gp_scenario_61           NA
gp_scenario_62           NA
gp_scenario_63       0.1300
gp_scenario_64       0.0780
gp_scenario_65       0.1800
gp_scenario_66       0.1200
gp_scenario_67       0.2500
gp_scenario_68       0.1400
gp_scenario_69       0.1300
gp_scenario_70       0.2000
gp_scenario_71       0.2800
gp_scenario_72       0.2400
gp_scenario_73       0.0850
gp_scenario_74       0.2800
gp_scenario_75       0.1300
gp_scenario_76       0.2200
gp_scenario_77       0.1900
gp_scenario_78       0.1800
gp_scenario_79       0.1000
gp_scenario_80       0.0940
gp_scenario_81       0.2600
gp_scenario_82       0.3200
gp_scenario_83       0.1300
gp_scenario_84       0.1300
gp_scenario_85       0.2800
gp_scenario_86       0.1900
gp_scenario_87       0.1400
gp_scenario_88       0.2300
gp_scenario_89       0.1200
gp_scenario_90       0.1900
gp_scenario_91       0.2200
gp_scenario_92       0.2100
gp_scenario_93       0.1400
gp_scenario_94       0.2500
gp_scenario_95       0.0820
gp_scenario_96       0.0760
gp_scenario_97       0.2500
gp_scenario_98       0.3500
gp_scenario_99       0.1600
gp_scenario_100      0.2900
pa_median            0.1800
pa_iqr               0.1200
                GBLUP_wiser GBLUP_ls_means GBLUP_blups
gp_scenario_1          0.78           0.63        0.45
gp_scenario_2          0.79           0.65        0.50
gp_scenario_3          0.79           0.65        0.52
gp_scenario_4          0.82           0.68        0.58
gp_scenario_5          0.84           0.74        0.64
gp_scenario_6          0.82           0.68        0.55
gp_scenario_7          0.80           0.67        0.54
gp_scenario_8          0.80           0.69        0.56
gp_scenario_9          0.81           0.64        0.46
gp_scenario_10         0.81           0.70        0.59
gp_scenario_11         0.81           0.66        0.50
gp_scenario_12         0.82           0.72        0.65
gp_scenario_13         0.79           0.62        0.44
gp_scenario_14         0.79           0.68        0.55
gp_scenario_15         0.78           0.65        0.50
gp_scenario_16         0.78           0.65        0.52
gp_scenario_17         0.82           0.71        0.57
gp_scenario_18         0.84           0.72        0.65
gp_scenario_19         0.76           0.62        0.46
gp_scenario_20         0.80           0.64        0.47
gp_scenario_21         0.83           0.69        0.57
gp_scenario_22         0.83           0.72        0.61
gp_scenario_23         0.76           0.60        0.42
gp_scenario_24         0.77           0.62        0.38
gp_scenario_25         0.82           0.70        0.60
gp_scenario_26         0.82           0.72        0.61
gp_scenario_27         0.79           0.64        0.51
gp_scenario_28         0.84           0.72        0.60
gp_scenario_29         0.79           0.65        0.49
gp_scenario_30         0.82           0.68        0.58
gp_scenario_31         0.82           0.64        0.48
gp_scenario_32         0.76           0.64        0.49
gp_scenario_33         0.82           0.68        0.51
gp_scenario_34         0.84           0.73        0.65
gp_scenario_35         0.78           0.64        0.48
gp_scenario_36         0.78           0.65        0.51
gp_scenario_37         0.78           0.61        0.43
gp_scenario_38         0.79           0.62        0.42
gp_scenario_39         0.81           0.71        0.61
gp_scenario_40         0.82           0.74        0.65
gp_scenario_41         0.78           0.63        0.44
gp_scenario_42         0.82           0.71        0.61
gp_scenario_43         0.80           0.69        0.57
gp_scenario_44         0.78           0.64        0.50
gp_scenario_45         0.81           0.64        0.46
gp_scenario_46         0.82           0.68        0.55
gp_scenario_47         0.81           0.66        0.51
gp_scenario_48         0.78           0.61        0.37
gp_scenario_49         0.81           0.69        0.60
gp_scenario_50         0.76           0.65        0.50
gp_scenario_51         0.84           0.71        0.63
gp_scenario_52         0.83           0.71        0.59
gp_scenario_53         0.82           0.69        0.58
gp_scenario_54         0.75           0.56        0.13
gp_scenario_55         0.80           0.69        0.55
gp_scenario_56         0.81           0.69        0.55
gp_scenario_57         0.78           0.64        0.48
gp_scenario_58         0.81           0.65        0.50
gp_scenario_59         0.83           0.70        0.60
gp_scenario_60         0.81           0.72        0.63
gp_scenario_61         0.79           0.65        0.54
gp_scenario_62         0.77           0.60        0.39
gp_scenario_63         0.84           0.71        0.60
gp_scenario_64         0.82           0.71        0.60
gp_scenario_65         0.80           0.68        0.55
gp_scenario_66         0.83           0.70        0.56
gp_scenario_67         0.76           0.61        0.48
gp_scenario_68         0.77           0.64        0.45
gp_scenario_69         0.82           0.69        0.56
gp_scenario_70         0.84           0.72        0.62
gp_scenario_71         0.79           0.58        0.36
gp_scenario_72         0.83           0.73        0.63
gp_scenario_73         0.84           0.73        0.64
gp_scenario_74         0.77           0.62        0.41
gp_scenario_75         0.82           0.69        0.57
gp_scenario_76         0.82           0.70        0.59
gp_scenario_77         0.80           0.68        0.58
gp_scenario_78         0.79           0.66        0.50
gp_scenario_79         0.81           0.67        0.54
gp_scenario_80         0.83           0.69        0.53
gp_scenario_81         0.84           0.73        0.64
gp_scenario_82         0.76           0.62        0.48
gp_scenario_83         0.78           0.64        0.49
gp_scenario_84         0.84           0.73        0.65
gp_scenario_85         0.76           0.60        0.37
gp_scenario_86         0.79           0.61        0.44
gp_scenario_87         0.82           0.68        0.55
gp_scenario_88         0.80           0.68        0.53
gp_scenario_89         0.78           0.65        0.56
gp_scenario_90         0.86           0.75        0.64
gp_scenario_91         0.79           0.67        0.53
gp_scenario_92         0.81           0.68        0.53
gp_scenario_93         0.77           0.63        0.51
gp_scenario_94         0.81           0.66        0.53
gp_scenario_95         0.81           0.67        0.56
gp_scenario_96         0.81           0.72        0.62
gp_scenario_97         0.79           0.65        0.52
gp_scenario_98         0.78           0.63        0.39
gp_scenario_99         0.82           0.67        0.54
gp_scenario_100        0.81           0.67        0.54
h2_median              0.81           0.67        0.54
h2_iqr                 0.04           0.06        0.10
